#
# There is insufficient memory for the Java Runtime Environment to continue.
# Native memory allocation (malloc) failed to allocate 818240 bytes for Chunk::new
# Possible reasons:
#   The system is out of physical RAM or swap space
#   The process is running with CompressedOops enabled, and the Java Heap may be blocking the growth of the native heap
# Possible solutions:
#   Reduce memory load on the system
#   Increase physical memory or swap space
#   Check if swap backing store is full
#   Decrease Java heap size (-Xmx/-Xms)
#   Decrease number of Java threads
#   Decrease Java thread stack sizes (-Xss)
#   Set larger code cache with -XX:ReservedCodeCacheSize=
#   JVM is running with Unscaled Compressed Oops mode in which the Java heap is
#     placed in the first 4GB address space. The Java Heap base address is the
#     maximum limit for the native heap growth. Please use -XX:HeapBaseMinAddress
#     to set the Java Heap base and to place the Java Heap above 4GB virtual address.
# This output file may be truncated or incomplete.
#
#  Out of Memory Error (arena.cpp:189), pid=5992, tid=29660
#
# JRE version: Java(TM) SE Runtime Environment (17.0.11+7) (build 17.0.11+7-LTS-207)
# Java VM: Java HotSpot(TM) 64-Bit Server VM (17.0.11+7-LTS-207, mixed mode, sharing, tiered, compressed oops, compressed class ptrs, g1 gc, windows-amd64)
# No core dump will be written. Minidumps are not enabled by default on client versions of Windows
#

---------------  S U M M A R Y ------------

Command Line: --add-opens=java.base/java.util=ALL-UNNAMED --add-opens=java.base/java.lang=ALL-UNNAMED --add-opens=java.base/java.lang.invoke=ALL-UNNAMED --add-opens=java.prefs/java.util.prefs=ALL-UNNAMED --add-exports=jdk.compiler/com.sun.tools.javac.api=ALL-UNNAMED --add-exports=jdk.compiler/com.sun.tools.javac.util=ALL-UNNAMED --add-opens=java.base/java.nio.charset=ALL-UNNAMED --add-opens=java.base/java.net=ALL-UNNAMED --add-opens=java.base/java.util.concurrent.atomic=ALL-UNNAMED -XX:MaxMetaspaceSize=384m -XX:+HeapDumpOnOutOfMemoryError -Xms256m -Xmx512m -Dfile.encoding=UTF-8 -Duser.country=KR -Duser.language=ko -Duser.variant -javaagent:C:\Users\wldms\.gradle\wrapper\dists\gradle-8.10.1-bin\e90i968nv55tch01zkse4avv3\gradle-8.10.1\lib\agents\gradle-instrumentation-agent-8.10.1.jar org.gradle.launcher.daemon.bootstrap.GradleDaemon 8.10.1

Host: Intel(R) Core(TM) i5-8265U CPU @ 1.60GHz, 8 cores, 7G,  Windows 11 , 64 bit Build 22621 (10.0.22621.3958)
Time: Wed Oct  2 16:15:46 2024  Windows 11 , 64 bit Build 22621 (10.0.22621.3958) elapsed time: 26.838299 seconds (0d 0h 0m 26s)

---------------  T H R E A D  ---------------

Current thread (0x0000029f7c20fca0):  JavaThread "C2 CompilerThread0" daemon [_thread_in_native, id=29660, stack(0x000000b5f7300000,0x000000b5f7400000)]


Current CompileTask:
C2:  26838 3448   !   4       jdk.internal.loader.Resource::getBytes (244 bytes)

Stack: [0x000000b5f7300000,0x000000b5f7400000]
Native frames: (J=compiled Java code, j=interpreted, Vv=VM code, C=native code)
V  [jvm.dll+0x679cca]
V  [jvm.dll+0x7da13d]
V  [jvm.dll+0x7dba83]
V  [jvm.dll+0x7dc0f3]
V  [jvm.dll+0x2449af]
V  [jvm.dll+0xab83b]
V  [jvm.dll+0xabe1c]
V  [jvm.dll+0x3615ae]
V  [jvm.dll+0x1b9fca]
V  [jvm.dll+0x216337]
V  [jvm.dll+0x21560f]
V  [jvm.dll+0x1a2040]
V  [jvm.dll+0x225a2b]
V  [jvm.dll+0x223bcb]
V  [jvm.dll+0x7903ec]
V  [jvm.dll+0x78a85a]
V  [jvm.dll+0x678bb5]
C  [ucrtbase.dll+0x29333]
C  [KERNEL32.DLL+0x1257d]
C  [ntdll.dll+0x5af28]


---------------  P R O C E S S  ---------------

Threads class SMR info:
_java_thread_list=0x0000029f7c6cf3d0, length=36, elements={
0x0000029f708e8300, 0x0000029f7c1f0b30, 0x0000029f7c1f1600, 0x0000029f7c208c60,
0x0000029f7c209530, 0x0000029f7c209e00, 0x0000029f7c20b6e0, 0x0000029f7c20fca0,
0x0000029f7c21e040, 0x0000029f7c24ed30, 0x0000029f7c1d92c0, 0x0000029f7c4194e0,
0x0000029f7d7010c0, 0x0000029f7d40cdc0, 0x0000029f7c344030, 0x0000029f7c461160,
0x0000029f7c2e7fb0, 0x0000029f7c582ee0, 0x0000029f7c5833f0, 0x0000029f7c584320,
0x0000029f7c583900, 0x0000029f7c583e10, 0x0000029f7c584830, 0x0000029f7c581080,
0x0000029f7c581aa0, 0x0000029f7c581fb0, 0x0000029f7c581590, 0x0000029f7c5824c0,
0x0000029f7c5829d0, 0x0000029f7f1e7330, 0x0000029f7f1e1d20, 0x0000029f7f1e7840,
0x0000029f7f1e2740, 0x0000029f7f1e6400, 0x0000029f7f1e45a0, 0x0000029f7f1e2c50
}

Java Threads: ( => current thread )
  0x0000029f708e8300 JavaThread "main" [_thread_blocked, id=9112, stack(0x000000b5f6600000,0x000000b5f6700000)]
  0x0000029f7c1f0b30 JavaThread "Reference Handler" daemon [_thread_blocked, id=12016, stack(0x000000b5f6d00000,0x000000b5f6e00000)]
  0x0000029f7c1f1600 JavaThread "Finalizer" daemon [_thread_blocked, id=5724, stack(0x000000b5f6e00000,0x000000b5f6f00000)]
  0x0000029f7c208c60 JavaThread "Signal Dispatcher" daemon [_thread_blocked, id=18704, stack(0x000000b5f6f00000,0x000000b5f7000000)]
  0x0000029f7c209530 JavaThread "Attach Listener" daemon [_thread_blocked, id=28196, stack(0x000000b5f7000000,0x000000b5f7100000)]
  0x0000029f7c209e00 JavaThread "Service Thread" daemon [_thread_blocked, id=14996, stack(0x000000b5f7100000,0x000000b5f7200000)]
  0x0000029f7c20b6e0 JavaThread "Monitor Deflation Thread" daemon [_thread_blocked, id=21908, stack(0x000000b5f7200000,0x000000b5f7300000)]
=>0x0000029f7c20fca0 JavaThread "C2 CompilerThread0" daemon [_thread_in_native, id=29660, stack(0x000000b5f7300000,0x000000b5f7400000)]
  0x0000029f7c21e040 JavaThread "C1 CompilerThread0" daemon [_thread_blocked, id=26204, stack(0x000000b5f7400000,0x000000b5f7500000)]
  0x0000029f7c24ed30 JavaThread "Sweeper thread" daemon [_thread_blocked, id=6848, stack(0x000000b5f7500000,0x000000b5f7600000)]
  0x0000029f7c1d92c0 JavaThread "Common-Cleaner" daemon [_thread_blocked, id=20392, stack(0x000000b5f7600000,0x000000b5f7700000)]
  0x0000029f7c4194e0 JavaThread "Notification Thread" daemon [_thread_blocked, id=26684, stack(0x000000b5f7700000,0x000000b5f7800000)]
  0x0000029f7d7010c0 JavaThread "Daemon health stats" [_thread_blocked, id=24944, stack(0x000000b5f7e00000,0x000000b5f7f00000)]
  0x0000029f7d40cdc0 JavaThread "Incoming local TCP Connector on port 51094" [_thread_in_native, id=22220, stack(0x000000b5f7f00000,0x000000b5f8000000)]
  0x0000029f7c344030 JavaThread "Daemon periodic checks" [_thread_blocked, id=26052, stack(0x000000b5f8000000,0x000000b5f8100000)]
  0x0000029f7c461160 JavaThread "Daemon" [_thread_blocked, id=10576, stack(0x000000b5f8100000,0x000000b5f8200000)]
  0x0000029f7c2e7fb0 JavaThread "Handler for socket connection from /127.0.0.1:51094 to /127.0.0.1:51095" [_thread_in_native, id=936, stack(0x000000b5f8200000,0x000000b5f8300000)]
  0x0000029f7c582ee0 JavaThread "Cancel handler" [_thread_blocked, id=7992, stack(0x000000b5f8300000,0x000000b5f8400000)]
  0x0000029f7c5833f0 JavaThread "Daemon worker" [_thread_in_vm, id=20076, stack(0x000000b5f8400000,0x000000b5f8500000)]
  0x0000029f7c584320 JavaThread "Asynchronous log dispatcher for DefaultDaemonConnection: socket connection from /127.0.0.1:51094 to /127.0.0.1:51095" [_thread_blocked, id=15620, stack(0x000000b5f8500000,0x000000b5f8600000)]
  0x0000029f7c583900 JavaThread "Stdin handler" [_thread_blocked, id=8160, stack(0x000000b5f8600000,0x000000b5f8700000)]
  0x0000029f7c583e10 JavaThread "Daemon client event forwarder" [_thread_blocked, id=21052, stack(0x000000b5f8700000,0x000000b5f8800000)]
  0x0000029f7c584830 JavaThread "Cache worker for journal cache (C:\Users\wldms\.gradle\caches\journal-1)" [_thread_blocked, id=26796, stack(0x000000b5f8800000,0x000000b5f8900000)]
  0x0000029f7c581080 JavaThread "File lock request listener" [_thread_in_native, id=1616, stack(0x000000b5f8900000,0x000000b5f8a00000)]
  0x0000029f7c581aa0 JavaThread "Cache worker for file hash cache (C:\Users\wldms\.gradle\caches\8.10.1\fileHashes)" [_thread_blocked, id=8944, stack(0x000000b5f8a00000,0x000000b5f8b00000)]
  0x0000029f7c581fb0 JavaThread "File lock release action executor" [_thread_blocked, id=24208, stack(0x000000b5f8b00000,0x000000b5f8c00000)]
  0x0000029f7c581590 JavaThread "Cache worker for file hash cache (C:\Users\wldms\Desktop\프로젝트2차\NBE1_2_Team03\.gradle\8.10.1\fileHashes)" [_thread_blocked, id=14292, stack(0x000000b5f8c00000,0x000000b5f8d00000)]
  0x0000029f7c5824c0 JavaThread "Cache worker for Build Output Cleanup Cache (C:\Users\wldms\Desktop\프로젝트2차\NBE1_2_Team03\.gradle\buildOutputCleanup)" [_thread_blocked, id=13304, stack(0x000000b5f8d00000,0x000000b5f8e00000)]
  0x0000029f7c5829d0 JavaThread "File watcher server" daemon [_thread_in_native, id=16432, stack(0x000000b5f9100000,0x000000b5f9200000)]
  0x0000029f7f1e7330 JavaThread "File watcher consumer" daemon [_thread_blocked, id=13184, stack(0x000000b5f9200000,0x000000b5f9300000)]
  0x0000029f7f1e1d20 JavaThread "Cache worker for checksums cache (C:\Users\wldms\Desktop\프로젝트2차\NBE1_2_Team03\.gradle\8.10.1\checksums)" [_thread_blocked, id=19032, stack(0x000000b5f9300000,0x000000b5f9400000)]
  0x0000029f7f1e7840 JavaThread "Cache worker for file content cache (C:\Users\wldms\.gradle\caches\8.10.1\fileContent)" [_thread_blocked, id=2860, stack(0x000000b5f9400000,0x000000b5f9500000)]
  0x0000029f7f1e2740 JavaThread "Cache worker for cache directory md-rule (C:\Users\wldms\.gradle\caches\8.10.1\md-rule)" [_thread_blocked, id=11876, stack(0x000000b5f9500000,0x000000b5f9600000)]
  0x0000029f7f1e6400 JavaThread "Cache worker for cache directory md-supplier (C:\Users\wldms\.gradle\caches\8.10.1\md-supplier)" [_thread_blocked, id=21872, stack(0x000000b5f9600000,0x000000b5f9700000)]
  0x0000029f7f1e45a0 JavaThread "jar transforms" [_thread_blocked, id=28940, stack(0x000000b5f9700000,0x000000b5f9800000)]
  0x0000029f7f1e2c50 JavaThread "jar transforms Thread 2" [_thread_blocked, id=22200, stack(0x000000b5f9800000,0x000000b5f9900000)]

Other Threads:
  0x0000029f7c1e5590 VMThread "VM Thread" [stack: 0x000000b5f6c00000,0x000000b5f6d00000] [id=6424]
  0x0000029f7c419fd0 WatcherThread [stack: 0x000000b5f7800000,0x000000b5f7900000] [id=26104]
  0x0000029f709160d0 GCTaskThread "GC Thread#0" [stack: 0x000000b5f6700000,0x000000b5f6800000] [id=1976]
  0x0000029f7c834d50 GCTaskThread "GC Thread#1" [stack: 0x000000b5f7900000,0x000000b5f7a00000] [id=19376]
  0x0000029f7c835010 GCTaskThread "GC Thread#2" [stack: 0x000000b5f7a00000,0x000000b5f7b00000] [id=15744]
  0x0000029f7c8352d0 GCTaskThread "GC Thread#3" [stack: 0x000000b5f7b00000,0x000000b5f7c00000] [id=22384]
  0x0000029f7c835590 GCTaskThread "GC Thread#4" [stack: 0x000000b5f7c00000,0x000000b5f7d00000] [id=20540]
  0x0000029f7c60f1f0 GCTaskThread "GC Thread#5" [stack: 0x000000b5f7d00000,0x000000b5f7e00000] [id=26768]
  0x0000029f7dd95160 GCTaskThread "GC Thread#6" [stack: 0x000000b5f8e00000,0x000000b5f8f00000] [id=12356]
  0x0000029f7e7e6740 GCTaskThread "GC Thread#7" [stack: 0x000000b5f8f00000,0x000000b5f9000000] [id=1040]
  0x0000029f7091add0 ConcurrentGCThread "G1 Main Marker" [stack: 0x000000b5f6800000,0x000000b5f6900000] [id=24380]
  0x0000029f7091bd30 ConcurrentGCThread "G1 Conc#0" [stack: 0x000000b5f6900000,0x000000b5f6a00000] [id=19240]
  0x0000029f28ac6c70 ConcurrentGCThread "G1 Conc#1" [stack: 0x000000b5f9000000,0x000000b5f9100000] [id=16512]
  0x0000029f709ade90 ConcurrentGCThread "G1 Refine#0" [stack: 0x000000b5f6a00000,0x000000b5f6b00000] [id=14956]
  0x0000029f709ae670 ConcurrentGCThread "G1 Service" [stack: 0x000000b5f6b00000,0x000000b5f6c00000] [id=26840]

Threads with active compile tasks:
C2 CompilerThread0    26968 3448   !   4       jdk.internal.loader.Resource::getBytes (244 bytes)

VM state: not at safepoint (normal execution)

VM Mutex/Monitor currently owned by a thread:  ([mutex/lock_event])
[0x0000029f708e3120] Metaspace_lock - owner thread: 0x0000029f7c5833f0

Heap address: 0x00000000e0000000, size: 512 MB, Compressed Oops mode: 32-bit

CDS archive(s) mapped at: [0x0000029f0f000000-0x0000029f0fbd0000-0x0000029f0fbd0000), size 12386304, SharedBaseAddress: 0x0000029f0f000000, ArchiveRelocationMode: 1.
Compressed class space mapped at: 0x0000029f10000000-0x0000029f24000000, reserved size: 335544320
Narrow klass base: 0x0000029f0f000000, Narrow klass shift: 0, Narrow klass range: 0x100000000

GC Precious Log:
 CPUs: 8 total, 8 available
 Memory: 7986M
 Large Page Support: Disabled
 NUMA Support: Disabled
 Compressed Oops: Enabled (32-bit)
 Heap Region Size: 1M
 Heap Min Capacity: 256M
 Heap Initial Capacity: 256M
 Heap Max Capacity: 512M
 Pre-touch: Disabled
 Parallel Workers: 8
 Concurrent Workers: 2
 Concurrent Refinement Workers: 8
 Periodic GC: Disabled

Heap:
 garbage-first heap   total 262144K, used 90617K [0x00000000e0000000, 0x0000000100000000)
  region size 1024K, 78 young (79872K), 12 survivors (12288K)
 Metaspace       used 29792K, committed 30144K, reserved 393216K
  class space    used 4394K, committed 4544K, reserved 327680K

Heap Regions: E=young(eden), S=young(survivor), O=old, HS=humongous(starts), HC=humongous(continues), CS=collection set, F=free, OA=open archive, CA=closed archive, TAMS=top-at-mark-start (previous, next)
|   0|0x00000000e0000000, 0x00000000e0100000, 0x00000000e0100000|100%| O|  |TAMS 0x00000000e0100000, 0x00000000e0000000| Untracked 
|   1|0x00000000e0100000, 0x00000000e0200000, 0x00000000e0200000|100%| O|  |TAMS 0x00000000e0200000, 0x00000000e0100000| Untracked 
|   2|0x00000000e0200000, 0x00000000e0300000, 0x00000000e0300000|100%|HS|  |TAMS 0x00000000e0300000, 0x00000000e0200000| Complete 
|   3|0x00000000e0300000, 0x00000000e0400000, 0x00000000e0400000|100%|HC|  |TAMS 0x00000000e0400000, 0x00000000e0300000| Complete 
|   4|0x00000000e0400000, 0x00000000e0500000, 0x00000000e0500000|100%|HC|  |TAMS 0x00000000e0500000, 0x00000000e0400000| Complete 
|   5|0x00000000e0500000, 0x00000000e0600000, 0x00000000e0600000|100%|HC|  |TAMS 0x00000000e0600000, 0x00000000e0500000| Complete 
|   6|0x00000000e0600000, 0x00000000e0700000, 0x00000000e0700000|100%| O|  |TAMS 0x00000000e0700000, 0x00000000e0600000| Untracked 
|   7|0x00000000e0700000, 0x00000000e0800000, 0x00000000e0800000|100%| O|  |TAMS 0x00000000e0800000, 0x00000000e0700000| Untracked 
|   8|0x00000000e0800000, 0x00000000e0900000, 0x00000000e0900000|100%| O|  |TAMS 0x00000000e0900000, 0x00000000e0800000| Untracked 
|   9|0x00000000e0900000, 0x00000000e0a00000, 0x00000000e0a00000|100%|HS|  |TAMS 0x00000000e0a00000, 0x00000000e0900000| Complete 
|  10|0x00000000e0a00000, 0x00000000e0a00000, 0x00000000e0b00000|  0%| F|  |TAMS 0x00000000e0a00000, 0x00000000e0a00000| Untracked 
|  11|0x00000000e0b00000, 0x00000000e0c00000, 0x00000000e0c00000|100%| O|  |TAMS 0x00000000e0c00000, 0x00000000e0b00000| Untracked 
|  12|0x00000000e0c00000, 0x00000000e0d00000, 0x00000000e0d00000|100%| O|  |TAMS 0x00000000e0d00000, 0x00000000e0c00000| Untracked 
|  13|0x00000000e0d00000, 0x00000000e0dc2e00, 0x00000000e0e00000| 76%| O|  |TAMS 0x00000000e0dc2e00, 0x00000000e0d00000| Untracked 
|  14|0x00000000e0e00000, 0x00000000e0e00000, 0x00000000e0f00000|  0%| F|  |TAMS 0x00000000e0e00000, 0x00000000e0e00000| Untracked 
|  15|0x00000000e0f00000, 0x00000000e0f00000, 0x00000000e1000000|  0%| F|  |TAMS 0x00000000e0f00000, 0x00000000e0f00000| Untracked 
|  16|0x00000000e1000000, 0x00000000e1000000, 0x00000000e1100000|  0%| F|  |TAMS 0x00000000e1000000, 0x00000000e1000000| Untracked 
|  17|0x00000000e1100000, 0x00000000e1100000, 0x00000000e1200000|  0%| F|  |TAMS 0x00000000e1100000, 0x00000000e1100000| Untracked 
|  18|0x00000000e1200000, 0x00000000e1200000, 0x00000000e1300000|  0%| F|  |TAMS 0x00000000e1200000, 0x00000000e1200000| Untracked 
|  19|0x00000000e1300000, 0x00000000e1300000, 0x00000000e1400000|  0%| F|  |TAMS 0x00000000e1300000, 0x00000000e1300000| Untracked 
|  20|0x00000000e1400000, 0x00000000e1400000, 0x00000000e1500000|  0%| F|  |TAMS 0x00000000e1400000, 0x00000000e1400000| Untracked 
|  21|0x00000000e1500000, 0x00000000e1500000, 0x00000000e1600000|  0%| F|  |TAMS 0x00000000e1500000, 0x00000000e1500000| Untracked 
|  22|0x00000000e1600000, 0x00000000e1600000, 0x00000000e1700000|  0%| F|  |TAMS 0x00000000e1600000, 0x00000000e1600000| Untracked 
|  23|0x00000000e1700000, 0x00000000e1700000, 0x00000000e1800000|  0%| F|  |TAMS 0x00000000e1700000, 0x00000000e1700000| Untracked 
|  24|0x00000000e1800000, 0x00000000e1800000, 0x00000000e1900000|  0%| F|  |TAMS 0x00000000e1800000, 0x00000000e1800000| Untracked 
|  25|0x00000000e1900000, 0x00000000e1900000, 0x00000000e1a00000|  0%| F|  |TAMS 0x00000000e1900000, 0x00000000e1900000| Untracked 
|  26|0x00000000e1a00000, 0x00000000e1a00000, 0x00000000e1b00000|  0%| F|  |TAMS 0x00000000e1a00000, 0x00000000e1a00000| Untracked 
|  27|0x00000000e1b00000, 0x00000000e1b00000, 0x00000000e1c00000|  0%| F|  |TAMS 0x00000000e1b00000, 0x00000000e1b00000| Untracked 
|  28|0x00000000e1c00000, 0x00000000e1c00000, 0x00000000e1d00000|  0%| F|  |TAMS 0x00000000e1c00000, 0x00000000e1c00000| Untracked 
|  29|0x00000000e1d00000, 0x00000000e1d00000, 0x00000000e1e00000|  0%| F|  |TAMS 0x00000000e1d00000, 0x00000000e1d00000| Untracked 
|  30|0x00000000e1e00000, 0x00000000e1e00000, 0x00000000e1f00000|  0%| F|  |TAMS 0x00000000e1e00000, 0x00000000e1e00000| Untracked 
|  31|0x00000000e1f00000, 0x00000000e1f00000, 0x00000000e2000000|  0%| F|  |TAMS 0x00000000e1f00000, 0x00000000e1f00000| Untracked 
|  32|0x00000000e2000000, 0x00000000e2000000, 0x00000000e2100000|  0%| F|  |TAMS 0x00000000e2000000, 0x00000000e2000000| Untracked 
|  33|0x00000000e2100000, 0x00000000e2100000, 0x00000000e2200000|  0%| F|  |TAMS 0x00000000e2100000, 0x00000000e2100000| Untracked 
|  34|0x00000000e2200000, 0x00000000e2200000, 0x00000000e2300000|  0%| F|  |TAMS 0x00000000e2200000, 0x00000000e2200000| Untracked 
|  35|0x00000000e2300000, 0x00000000e2300000, 0x00000000e2400000|  0%| F|  |TAMS 0x00000000e2300000, 0x00000000e2300000| Untracked 
|  36|0x00000000e2400000, 0x00000000e2400000, 0x00000000e2500000|  0%| F|  |TAMS 0x00000000e2400000, 0x00000000e2400000| Untracked 
|  37|0x00000000e2500000, 0x00000000e2500000, 0x00000000e2600000|  0%| F|  |TAMS 0x00000000e2500000, 0x00000000e2500000| Untracked 
|  38|0x00000000e2600000, 0x00000000e2600000, 0x00000000e2700000|  0%| F|  |TAMS 0x00000000e2600000, 0x00000000e2600000| Untracked 
|  39|0x00000000e2700000, 0x00000000e2700000, 0x00000000e2800000|  0%| F|  |TAMS 0x00000000e2700000, 0x00000000e2700000| Untracked 
|  40|0x00000000e2800000, 0x00000000e2800000, 0x00000000e2900000|  0%| F|  |TAMS 0x00000000e2800000, 0x00000000e2800000| Untracked 
|  41|0x00000000e2900000, 0x00000000e2900000, 0x00000000e2a00000|  0%| F|  |TAMS 0x00000000e2900000, 0x00000000e2900000| Untracked 
|  42|0x00000000e2a00000, 0x00000000e2a00000, 0x00000000e2b00000|  0%| F|  |TAMS 0x00000000e2a00000, 0x00000000e2a00000| Untracked 
|  43|0x00000000e2b00000, 0x00000000e2b00000, 0x00000000e2c00000|  0%| F|  |TAMS 0x00000000e2b00000, 0x00000000e2b00000| Untracked 
|  44|0x00000000e2c00000, 0x00000000e2c00000, 0x00000000e2d00000|  0%| F|  |TAMS 0x00000000e2c00000, 0x00000000e2c00000| Untracked 
|  45|0x00000000e2d00000, 0x00000000e2d00000, 0x00000000e2e00000|  0%| F|  |TAMS 0x00000000e2d00000, 0x00000000e2d00000| Untracked 
|  46|0x00000000e2e00000, 0x00000000e2e00000, 0x00000000e2f00000|  0%| F|  |TAMS 0x00000000e2e00000, 0x00000000e2e00000| Untracked 
|  47|0x00000000e2f00000, 0x00000000e2f00000, 0x00000000e3000000|  0%| F|  |TAMS 0x00000000e2f00000, 0x00000000e2f00000| Untracked 
|  48|0x00000000e3000000, 0x00000000e3000000, 0x00000000e3100000|  0%| F|  |TAMS 0x00000000e3000000, 0x00000000e3000000| Untracked 
|  49|0x00000000e3100000, 0x00000000e3100000, 0x00000000e3200000|  0%| F|  |TAMS 0x00000000e3100000, 0x00000000e3100000| Untracked 
|  50|0x00000000e3200000, 0x00000000e3200000, 0x00000000e3300000|  0%| F|  |TAMS 0x00000000e3200000, 0x00000000e3200000| Untracked 
|  51|0x00000000e3300000, 0x00000000e3300000, 0x00000000e3400000|  0%| F|  |TAMS 0x00000000e3300000, 0x00000000e3300000| Untracked 
|  52|0x00000000e3400000, 0x00000000e3400000, 0x00000000e3500000|  0%| F|  |TAMS 0x00000000e3400000, 0x00000000e3400000| Untracked 
|  53|0x00000000e3500000, 0x00000000e3500000, 0x00000000e3600000|  0%| F|  |TAMS 0x00000000e3500000, 0x00000000e3500000| Untracked 
|  54|0x00000000e3600000, 0x00000000e3600000, 0x00000000e3700000|  0%| F|  |TAMS 0x00000000e3600000, 0x00000000e3600000| Untracked 
|  55|0x00000000e3700000, 0x00000000e3700000, 0x00000000e3800000|  0%| F|  |TAMS 0x00000000e3700000, 0x00000000e3700000| Untracked 
|  56|0x00000000e3800000, 0x00000000e3800000, 0x00000000e3900000|  0%| F|  |TAMS 0x00000000e3800000, 0x00000000e3800000| Untracked 
|  57|0x00000000e3900000, 0x00000000e3900000, 0x00000000e3a00000|  0%| F|  |TAMS 0x00000000e3900000, 0x00000000e3900000| Untracked 
|  58|0x00000000e3a00000, 0x00000000e3a00000, 0x00000000e3b00000|  0%| F|  |TAMS 0x00000000e3a00000, 0x00000000e3a00000| Untracked 
|  59|0x00000000e3b00000, 0x00000000e3b00000, 0x00000000e3c00000|  0%| F|  |TAMS 0x00000000e3b00000, 0x00000000e3b00000| Untracked 
|  60|0x00000000e3c00000, 0x00000000e3c00000, 0x00000000e3d00000|  0%| F|  |TAMS 0x00000000e3c00000, 0x00000000e3c00000| Untracked 
|  61|0x00000000e3d00000, 0x00000000e3d00000, 0x00000000e3e00000|  0%| F|  |TAMS 0x00000000e3d00000, 0x00000000e3d00000| Untracked 
|  62|0x00000000e3e00000, 0x00000000e3e00000, 0x00000000e3f00000|  0%| F|  |TAMS 0x00000000e3e00000, 0x00000000e3e00000| Untracked 
|  63|0x00000000e3f00000, 0x00000000e3f00000, 0x00000000e4000000|  0%| F|  |TAMS 0x00000000e3f00000, 0x00000000e3f00000| Untracked 
|  64|0x00000000e4000000, 0x00000000e4000000, 0x00000000e4100000|  0%| F|  |TAMS 0x00000000e4000000, 0x00000000e4000000| Untracked 
|  65|0x00000000e4100000, 0x00000000e4100000, 0x00000000e4200000|  0%| F|  |TAMS 0x00000000e4100000, 0x00000000e4100000| Untracked 
|  66|0x00000000e4200000, 0x00000000e4200000, 0x00000000e4300000|  0%| F|  |TAMS 0x00000000e4200000, 0x00000000e4200000| Untracked 
|  67|0x00000000e4300000, 0x00000000e4300000, 0x00000000e4400000|  0%| F|  |TAMS 0x00000000e4300000, 0x00000000e4300000| Untracked 
|  68|0x00000000e4400000, 0x00000000e4400000, 0x00000000e4500000|  0%| F|  |TAMS 0x00000000e4400000, 0x00000000e4400000| Untracked 
|  69|0x00000000e4500000, 0x00000000e4500000, 0x00000000e4600000|  0%| F|  |TAMS 0x00000000e4500000, 0x00000000e4500000| Untracked 
|  70|0x00000000e4600000, 0x00000000e4600000, 0x00000000e4700000|  0%| F|  |TAMS 0x00000000e4600000, 0x00000000e4600000| Untracked 
|  71|0x00000000e4700000, 0x00000000e4700000, 0x00000000e4800000|  0%| F|  |TAMS 0x00000000e4700000, 0x00000000e4700000| Untracked 
|  72|0x00000000e4800000, 0x00000000e4800000, 0x00000000e4900000|  0%| F|  |TAMS 0x00000000e4800000, 0x00000000e4800000| Untracked 
|  73|0x00000000e4900000, 0x00000000e4900000, 0x00000000e4a00000|  0%| F|  |TAMS 0x00000000e4900000, 0x00000000e4900000| Untracked 
|  74|0x00000000e4a00000, 0x00000000e4a00000, 0x00000000e4b00000|  0%| F|  |TAMS 0x00000000e4a00000, 0x00000000e4a00000| Untracked 
|  75|0x00000000e4b00000, 0x00000000e4b00000, 0x00000000e4c00000|  0%| F|  |TAMS 0x00000000e4b00000, 0x00000000e4b00000| Untracked 
|  76|0x00000000e4c00000, 0x00000000e4c00000, 0x00000000e4d00000|  0%| F|  |TAMS 0x00000000e4c00000, 0x00000000e4c00000| Untracked 
|  77|0x00000000e4d00000, 0x00000000e4d00000, 0x00000000e4e00000|  0%| F|  |TAMS 0x00000000e4d00000, 0x00000000e4d00000| Untracked 
|  78|0x00000000e4e00000, 0x00000000e4e00000, 0x00000000e4f00000|  0%| F|  |TAMS 0x00000000e4e00000, 0x00000000e4e00000| Untracked 
|  79|0x00000000e4f00000, 0x00000000e4f00000, 0x00000000e5000000|  0%| F|  |TAMS 0x00000000e4f00000, 0x00000000e4f00000| Untracked 
|  80|0x00000000e5000000, 0x00000000e5000000, 0x00000000e5100000|  0%| F|  |TAMS 0x00000000e5000000, 0x00000000e5000000| Untracked 
|  81|0x00000000e5100000, 0x00000000e5100000, 0x00000000e5200000|  0%| F|  |TAMS 0x00000000e5100000, 0x00000000e5100000| Untracked 
|  82|0x00000000e5200000, 0x00000000e5200000, 0x00000000e5300000|  0%| F|  |TAMS 0x00000000e5200000, 0x00000000e5200000| Untracked 
|  83|0x00000000e5300000, 0x00000000e5300000, 0x00000000e5400000|  0%| F|  |TAMS 0x00000000e5300000, 0x00000000e5300000| Untracked 
|  84|0x00000000e5400000, 0x00000000e5400000, 0x00000000e5500000|  0%| F|  |TAMS 0x00000000e5400000, 0x00000000e5400000| Untracked 
|  85|0x00000000e5500000, 0x00000000e5500000, 0x00000000e5600000|  0%| F|  |TAMS 0x00000000e5500000, 0x00000000e5500000| Untracked 
|  86|0x00000000e5600000, 0x00000000e5600000, 0x00000000e5700000|  0%| F|  |TAMS 0x00000000e5600000, 0x00000000e5600000| Untracked 
|  87|0x00000000e5700000, 0x00000000e5700000, 0x00000000e5800000|  0%| F|  |TAMS 0x00000000e5700000, 0x00000000e5700000| Untracked 
|  88|0x00000000e5800000, 0x00000000e5800000, 0x00000000e5900000|  0%| F|  |TAMS 0x00000000e5800000, 0x00000000e5800000| Untracked 
|  89|0x00000000e5900000, 0x00000000e5900000, 0x00000000e5a00000|  0%| F|  |TAMS 0x00000000e5900000, 0x00000000e5900000| Untracked 
|  90|0x00000000e5a00000, 0x00000000e5a00000, 0x00000000e5b00000|  0%| F|  |TAMS 0x00000000e5a00000, 0x00000000e5a00000| Untracked 
|  91|0x00000000e5b00000, 0x00000000e5b00000, 0x00000000e5c00000|  0%| F|  |TAMS 0x00000000e5b00000, 0x00000000e5b00000| Untracked 
|  92|0x00000000e5c00000, 0x00000000e5c00000, 0x00000000e5d00000|  0%| F|  |TAMS 0x00000000e5c00000, 0x00000000e5c00000| Untracked 
|  93|0x00000000e5d00000, 0x00000000e5d00000, 0x00000000e5e00000|  0%| F|  |TAMS 0x00000000e5d00000, 0x00000000e5d00000| Untracked 
|  94|0x00000000e5e00000, 0x00000000e5e00000, 0x00000000e5f00000|  0%| F|  |TAMS 0x00000000e5e00000, 0x00000000e5e00000| Untracked 
|  95|0x00000000e5f00000, 0x00000000e5f00000, 0x00000000e6000000|  0%| F|  |TAMS 0x00000000e5f00000, 0x00000000e5f00000| Untracked 
|  96|0x00000000e6000000, 0x00000000e6000000, 0x00000000e6100000|  0%| F|  |TAMS 0x00000000e6000000, 0x00000000e6000000| Untracked 
|  97|0x00000000e6100000, 0x00000000e6100000, 0x00000000e6200000|  0%| F|  |TAMS 0x00000000e6100000, 0x00000000e6100000| Untracked 
|  98|0x00000000e6200000, 0x00000000e6200000, 0x00000000e6300000|  0%| F|  |TAMS 0x00000000e6200000, 0x00000000e6200000| Untracked 
|  99|0x00000000e6300000, 0x00000000e6300000, 0x00000000e6400000|  0%| F|  |TAMS 0x00000000e6300000, 0x00000000e6300000| Untracked 
| 100|0x00000000e6400000, 0x00000000e6400000, 0x00000000e6500000|  0%| F|  |TAMS 0x00000000e6400000, 0x00000000e6400000| Untracked 
| 101|0x00000000e6500000, 0x00000000e6500000, 0x00000000e6600000|  0%| F|  |TAMS 0x00000000e6500000, 0x00000000e6500000| Untracked 
| 102|0x00000000e6600000, 0x00000000e6600000, 0x00000000e6700000|  0%| F|  |TAMS 0x00000000e6600000, 0x00000000e6600000| Untracked 
| 103|0x00000000e6700000, 0x00000000e6700000, 0x00000000e6800000|  0%| F|  |TAMS 0x00000000e6700000, 0x00000000e6700000| Untracked 
| 104|0x00000000e6800000, 0x00000000e6800000, 0x00000000e6900000|  0%| F|  |TAMS 0x00000000e6800000, 0x00000000e6800000| Untracked 
| 105|0x00000000e6900000, 0x00000000e6900000, 0x00000000e6a00000|  0%| F|  |TAMS 0x00000000e6900000, 0x00000000e6900000| Untracked 
| 106|0x00000000e6a00000, 0x00000000e6a00000, 0x00000000e6b00000|  0%| F|  |TAMS 0x00000000e6a00000, 0x00000000e6a00000| Untracked 
| 107|0x00000000e6b00000, 0x00000000e6b00000, 0x00000000e6c00000|  0%| F|  |TAMS 0x00000000e6b00000, 0x00000000e6b00000| Untracked 
| 108|0x00000000e6c00000, 0x00000000e6c00000, 0x00000000e6d00000|  0%| F|  |TAMS 0x00000000e6c00000, 0x00000000e6c00000| Untracked 
| 109|0x00000000e6d00000, 0x00000000e6d00000, 0x00000000e6e00000|  0%| F|  |TAMS 0x00000000e6d00000, 0x00000000e6d00000| Untracked 
| 110|0x00000000e6e00000, 0x00000000e6e00000, 0x00000000e6f00000|  0%| F|  |TAMS 0x00000000e6e00000, 0x00000000e6e00000| Untracked 
| 111|0x00000000e6f00000, 0x00000000e6f00000, 0x00000000e7000000|  0%| F|  |TAMS 0x00000000e6f00000, 0x00000000e6f00000| Untracked 
| 112|0x00000000e7000000, 0x00000000e7000000, 0x00000000e7100000|  0%| F|  |TAMS 0x00000000e7000000, 0x00000000e7000000| Untracked 
| 113|0x00000000e7100000, 0x00000000e7100000, 0x00000000e7200000|  0%| F|  |TAMS 0x00000000e7100000, 0x00000000e7100000| Untracked 
| 114|0x00000000e7200000, 0x00000000e7200000, 0x00000000e7300000|  0%| F|  |TAMS 0x00000000e7200000, 0x00000000e7200000| Untracked 
| 115|0x00000000e7300000, 0x00000000e7300000, 0x00000000e7400000|  0%| F|  |TAMS 0x00000000e7300000, 0x00000000e7300000| Untracked 
| 116|0x00000000e7400000, 0x00000000e7400000, 0x00000000e7500000|  0%| F|  |TAMS 0x00000000e7400000, 0x00000000e7400000| Untracked 
| 117|0x00000000e7500000, 0x00000000e7500000, 0x00000000e7600000|  0%| F|  |TAMS 0x00000000e7500000, 0x00000000e7500000| Untracked 
| 118|0x00000000e7600000, 0x00000000e7600000, 0x00000000e7700000|  0%| F|  |TAMS 0x00000000e7600000, 0x00000000e7600000| Untracked 
| 119|0x00000000e7700000, 0x00000000e7700000, 0x00000000e7800000|  0%| F|  |TAMS 0x00000000e7700000, 0x00000000e7700000| Untracked 
| 120|0x00000000e7800000, 0x00000000e7800000, 0x00000000e7900000|  0%| F|  |TAMS 0x00000000e7800000, 0x00000000e7800000| Untracked 
| 121|0x00000000e7900000, 0x00000000e7900000, 0x00000000e7a00000|  0%| F|  |TAMS 0x00000000e7900000, 0x00000000e7900000| Untracked 
| 122|0x00000000e7a00000, 0x00000000e7a00000, 0x00000000e7b00000|  0%| F|  |TAMS 0x00000000e7a00000, 0x00000000e7a00000| Untracked 
| 123|0x00000000e7b00000, 0x00000000e7b00000, 0x00000000e7c00000|  0%| F|  |TAMS 0x00000000e7b00000, 0x00000000e7b00000| Untracked 
| 124|0x00000000e7c00000, 0x00000000e7c00000, 0x00000000e7d00000|  0%| F|  |TAMS 0x00000000e7c00000, 0x00000000e7c00000| Untracked 
| 125|0x00000000e7d00000, 0x00000000e7d00000, 0x00000000e7e00000|  0%| F|  |TAMS 0x00000000e7d00000, 0x00000000e7d00000| Untracked 
| 126|0x00000000e7e00000, 0x00000000e7e00000, 0x00000000e7f00000|  0%| F|  |TAMS 0x00000000e7e00000, 0x00000000e7e00000| Untracked 
| 127|0x00000000e7f00000, 0x00000000e7f00000, 0x00000000e8000000|  0%| F|  |TAMS 0x00000000e7f00000, 0x00000000e7f00000| Untracked 
| 128|0x00000000e8000000, 0x00000000e8000000, 0x00000000e8100000|  0%| F|  |TAMS 0x00000000e8000000, 0x00000000e8000000| Untracked 
| 129|0x00000000e8100000, 0x00000000e8100000, 0x00000000e8200000|  0%| F|  |TAMS 0x00000000e8100000, 0x00000000e8100000| Untracked 
| 130|0x00000000e8200000, 0x00000000e8200000, 0x00000000e8300000|  0%| F|  |TAMS 0x00000000e8200000, 0x00000000e8200000| Untracked 
| 131|0x00000000e8300000, 0x00000000e8300000, 0x00000000e8400000|  0%| F|  |TAMS 0x00000000e8300000, 0x00000000e8300000| Untracked 
| 132|0x00000000e8400000, 0x00000000e8400000, 0x00000000e8500000|  0%| F|  |TAMS 0x00000000e8400000, 0x00000000e8400000| Untracked 
| 133|0x00000000e8500000, 0x00000000e85bb940, 0x00000000e8600000| 73%| S|CS|TAMS 0x00000000e8500000, 0x00000000e8500000| Complete 
| 134|0x00000000e8600000, 0x00000000e8700000, 0x00000000e8700000|100%| S|CS|TAMS 0x00000000e8600000, 0x00000000e8600000| Complete 
| 135|0x00000000e8700000, 0x00000000e8800000, 0x00000000e8800000|100%| S|CS|TAMS 0x00000000e8700000, 0x00000000e8700000| Complete 
| 136|0x00000000e8800000, 0x00000000e8900000, 0x00000000e8900000|100%| S|CS|TAMS 0x00000000e8800000, 0x00000000e8800000| Complete 
| 137|0x00000000e8900000, 0x00000000e8a00000, 0x00000000e8a00000|100%| S|CS|TAMS 0x00000000e8900000, 0x00000000e8900000| Complete 
| 138|0x00000000e8a00000, 0x00000000e8b00000, 0x00000000e8b00000|100%| S|CS|TAMS 0x00000000e8a00000, 0x00000000e8a00000| Complete 
| 139|0x00000000e8b00000, 0x00000000e8c00000, 0x00000000e8c00000|100%| S|CS|TAMS 0x00000000e8b00000, 0x00000000e8b00000| Complete 
| 140|0x00000000e8c00000, 0x00000000e8d00000, 0x00000000e8d00000|100%| S|CS|TAMS 0x00000000e8c00000, 0x00000000e8c00000| Complete 
| 141|0x00000000e8d00000, 0x00000000e8e00000, 0x00000000e8e00000|100%| S|CS|TAMS 0x00000000e8d00000, 0x00000000e8d00000| Complete 
| 142|0x00000000e8e00000, 0x00000000e8f00000, 0x00000000e8f00000|100%| S|CS|TAMS 0x00000000e8e00000, 0x00000000e8e00000| Complete 
| 143|0x00000000e8f00000, 0x00000000e9000000, 0x00000000e9000000|100%| S|CS|TAMS 0x00000000e8f00000, 0x00000000e8f00000| Complete 
| 144|0x00000000e9000000, 0x00000000e9100000, 0x00000000e9100000|100%| S|CS|TAMS 0x00000000e9000000, 0x00000000e9000000| Complete 
| 145|0x00000000e9100000, 0x00000000e9100000, 0x00000000e9200000|  0%| F|  |TAMS 0x00000000e9100000, 0x00000000e9100000| Untracked 
| 146|0x00000000e9200000, 0x00000000e9200000, 0x00000000e9300000|  0%| F|  |TAMS 0x00000000e9200000, 0x00000000e9200000| Untracked 
| 147|0x00000000e9300000, 0x00000000e9300000, 0x00000000e9400000|  0%| F|  |TAMS 0x00000000e9300000, 0x00000000e9300000| Untracked 
| 148|0x00000000e9400000, 0x00000000e9400000, 0x00000000e9500000|  0%| F|  |TAMS 0x00000000e9400000, 0x00000000e9400000| Untracked 
| 149|0x00000000e9500000, 0x00000000e9500000, 0x00000000e9600000|  0%| F|  |TAMS 0x00000000e9500000, 0x00000000e9500000| Untracked 
| 150|0x00000000e9600000, 0x00000000e9600000, 0x00000000e9700000|  0%| F|  |TAMS 0x00000000e9600000, 0x00000000e9600000| Untracked 
| 151|0x00000000e9700000, 0x00000000e9700000, 0x00000000e9800000|  0%| F|  |TAMS 0x00000000e9700000, 0x00000000e9700000| Untracked 
| 152|0x00000000e9800000, 0x00000000e9800000, 0x00000000e9900000|  0%| F|  |TAMS 0x00000000e9800000, 0x00000000e9800000| Untracked 
| 153|0x00000000e9900000, 0x00000000e9900000, 0x00000000e9a00000|  0%| F|  |TAMS 0x00000000e9900000, 0x00000000e9900000| Untracked 
| 154|0x00000000e9a00000, 0x00000000e9a00000, 0x00000000e9b00000|  0%| F|  |TAMS 0x00000000e9a00000, 0x00000000e9a00000| Untracked 
| 155|0x00000000e9b00000, 0x00000000e9b00000, 0x00000000e9c00000|  0%| F|  |TAMS 0x00000000e9b00000, 0x00000000e9b00000| Untracked 
| 156|0x00000000e9c00000, 0x00000000e9c00000, 0x00000000e9d00000|  0%| F|  |TAMS 0x00000000e9c00000, 0x00000000e9c00000| Untracked 
| 157|0x00000000e9d00000, 0x00000000e9d00000, 0x00000000e9e00000|  0%| F|  |TAMS 0x00000000e9d00000, 0x00000000e9d00000| Untracked 
| 158|0x00000000e9e00000, 0x00000000e9e00000, 0x00000000e9f00000|  0%| F|  |TAMS 0x00000000e9e00000, 0x00000000e9e00000| Untracked 
| 159|0x00000000e9f00000, 0x00000000e9f00000, 0x00000000ea000000|  0%| F|  |TAMS 0x00000000e9f00000, 0x00000000e9f00000| Untracked 
| 160|0x00000000ea000000, 0x00000000ea000000, 0x00000000ea100000|  0%| F|  |TAMS 0x00000000ea000000, 0x00000000ea000000| Untracked 
| 161|0x00000000ea100000, 0x00000000ea100000, 0x00000000ea200000|  0%| F|  |TAMS 0x00000000ea100000, 0x00000000ea100000| Untracked 
| 162|0x00000000ea200000, 0x00000000ea200000, 0x00000000ea300000|  0%| F|  |TAMS 0x00000000ea200000, 0x00000000ea200000| Untracked 
| 163|0x00000000ea300000, 0x00000000ea300000, 0x00000000ea400000|  0%| F|  |TAMS 0x00000000ea300000, 0x00000000ea300000| Untracked 
| 164|0x00000000ea400000, 0x00000000ea400000, 0x00000000ea500000|  0%| F|  |TAMS 0x00000000ea400000, 0x00000000ea400000| Untracked 
| 165|0x00000000ea500000, 0x00000000ea500000, 0x00000000ea600000|  0%| F|  |TAMS 0x00000000ea500000, 0x00000000ea500000| Untracked 
| 166|0x00000000ea600000, 0x00000000ea600000, 0x00000000ea700000|  0%| F|  |TAMS 0x00000000ea600000, 0x00000000ea600000| Untracked 
| 167|0x00000000ea700000, 0x00000000ea700000, 0x00000000ea800000|  0%| F|  |TAMS 0x00000000ea700000, 0x00000000ea700000| Untracked 
| 168|0x00000000ea800000, 0x00000000ea800000, 0x00000000ea900000|  0%| F|  |TAMS 0x00000000ea800000, 0x00000000ea800000| Untracked 
| 169|0x00000000ea900000, 0x00000000ea900000, 0x00000000eaa00000|  0%| F|  |TAMS 0x00000000ea900000, 0x00000000ea900000| Untracked 
| 170|0x00000000eaa00000, 0x00000000eaa00000, 0x00000000eab00000|  0%| F|  |TAMS 0x00000000eaa00000, 0x00000000eaa00000| Untracked 
| 171|0x00000000eab00000, 0x00000000eab00000, 0x00000000eac00000|  0%| F|  |TAMS 0x00000000eab00000, 0x00000000eab00000| Untracked 
| 172|0x00000000eac00000, 0x00000000eac00000, 0x00000000ead00000|  0%| F|  |TAMS 0x00000000eac00000, 0x00000000eac00000| Untracked 
| 173|0x00000000ead00000, 0x00000000ead00000, 0x00000000eae00000|  0%| F|  |TAMS 0x00000000ead00000, 0x00000000ead00000| Untracked 
| 174|0x00000000eae00000, 0x00000000eae00000, 0x00000000eaf00000|  0%| F|  |TAMS 0x00000000eae00000, 0x00000000eae00000| Untracked 
| 175|0x00000000eaf00000, 0x00000000eaf00000, 0x00000000eb000000|  0%| F|  |TAMS 0x00000000eaf00000, 0x00000000eaf00000| Untracked 
| 176|0x00000000eb000000, 0x00000000eb000000, 0x00000000eb100000|  0%| F|  |TAMS 0x00000000eb000000, 0x00000000eb000000| Untracked 
| 177|0x00000000eb100000, 0x00000000eb100000, 0x00000000eb200000|  0%| F|  |TAMS 0x00000000eb100000, 0x00000000eb100000| Untracked 
| 178|0x00000000eb200000, 0x00000000eb200000, 0x00000000eb300000|  0%| F|  |TAMS 0x00000000eb200000, 0x00000000eb200000| Untracked 
| 179|0x00000000eb300000, 0x00000000eb300000, 0x00000000eb400000|  0%| F|  |TAMS 0x00000000eb300000, 0x00000000eb300000| Untracked 
| 180|0x00000000eb400000, 0x00000000eb400000, 0x00000000eb500000|  0%| F|  |TAMS 0x00000000eb400000, 0x00000000eb400000| Untracked 
| 181|0x00000000eb500000, 0x00000000eb500000, 0x00000000eb600000|  0%| F|  |TAMS 0x00000000eb500000, 0x00000000eb500000| Untracked 
| 182|0x00000000eb600000, 0x00000000eb600000, 0x00000000eb700000|  0%| F|  |TAMS 0x00000000eb600000, 0x00000000eb600000| Untracked 
| 183|0x00000000eb700000, 0x00000000eb700000, 0x00000000eb800000|  0%| F|  |TAMS 0x00000000eb700000, 0x00000000eb700000| Untracked 
| 184|0x00000000eb800000, 0x00000000eb800000, 0x00000000eb900000|  0%| F|  |TAMS 0x00000000eb800000, 0x00000000eb800000| Untracked 
| 185|0x00000000eb900000, 0x00000000eb900000, 0x00000000eba00000|  0%| F|  |TAMS 0x00000000eb900000, 0x00000000eb900000| Untracked 
| 186|0x00000000eba00000, 0x00000000eba00000, 0x00000000ebb00000|  0%| F|  |TAMS 0x00000000eba00000, 0x00000000eba00000| Untracked 
| 187|0x00000000ebb00000, 0x00000000ebb00000, 0x00000000ebc00000|  0%| F|  |TAMS 0x00000000ebb00000, 0x00000000ebb00000| Untracked 
| 188|0x00000000ebc00000, 0x00000000ebc00000, 0x00000000ebd00000|  0%| F|  |TAMS 0x00000000ebc00000, 0x00000000ebc00000| Untracked 
| 189|0x00000000ebd00000, 0x00000000ebd00000, 0x00000000ebe00000|  0%| F|  |TAMS 0x00000000ebd00000, 0x00000000ebd00000| Untracked 
| 190|0x00000000ebe00000, 0x00000000ebe80800, 0x00000000ebf00000| 50%| E|  |TAMS 0x00000000ebe00000, 0x00000000ebe00000| Complete 
| 191|0x00000000ebf00000, 0x00000000ec000000, 0x00000000ec000000|100%| E|CS|TAMS 0x00000000ebf00000, 0x00000000ebf00000| Complete 
| 192|0x00000000ec000000, 0x00000000ec100000, 0x00000000ec100000|100%| E|CS|TAMS 0x00000000ec000000, 0x00000000ec000000| Complete 
| 193|0x00000000ec100000, 0x00000000ec200000, 0x00000000ec200000|100%| E|  |TAMS 0x00000000ec100000, 0x00000000ec100000| Complete 
| 194|0x00000000ec200000, 0x00000000ec300000, 0x00000000ec300000|100%| E|CS|TAMS 0x00000000ec200000, 0x00000000ec200000| Complete 
| 195|0x00000000ec300000, 0x00000000ec400000, 0x00000000ec400000|100%| E|CS|TAMS 0x00000000ec300000, 0x00000000ec300000| Complete 
| 196|0x00000000ec400000, 0x00000000ec500000, 0x00000000ec500000|100%| E|CS|TAMS 0x00000000ec400000, 0x00000000ec400000| Complete 
| 197|0x00000000ec500000, 0x00000000ec600000, 0x00000000ec600000|100%| E|CS|TAMS 0x00000000ec500000, 0x00000000ec500000| Complete 
| 198|0x00000000ec600000, 0x00000000ec700000, 0x00000000ec700000|100%| E|CS|TAMS 0x00000000ec600000, 0x00000000ec600000| Complete 
| 199|0x00000000ec700000, 0x00000000ec800000, 0x00000000ec800000|100%| E|CS|TAMS 0x00000000ec700000, 0x00000000ec700000| Complete 
| 200|0x00000000ec800000, 0x00000000ec900000, 0x00000000ec900000|100%| E|CS|TAMS 0x00000000ec800000, 0x00000000ec800000| Complete 
| 201|0x00000000ec900000, 0x00000000eca00000, 0x00000000eca00000|100%| E|CS|TAMS 0x00000000ec900000, 0x00000000ec900000| Complete 
| 202|0x00000000eca00000, 0x00000000ecb00000, 0x00000000ecb00000|100%| E|CS|TAMS 0x00000000eca00000, 0x00000000eca00000| Complete 
| 203|0x00000000ecb00000, 0x00000000ecc00000, 0x00000000ecc00000|100%| E|CS|TAMS 0x00000000ecb00000, 0x00000000ecb00000| Complete 
| 204|0x00000000ecc00000, 0x00000000ecd00000, 0x00000000ecd00000|100%| E|CS|TAMS 0x00000000ecc00000, 0x00000000ecc00000| Complete 
| 205|0x00000000ecd00000, 0x00000000ece00000, 0x00000000ece00000|100%| E|CS|TAMS 0x00000000ecd00000, 0x00000000ecd00000| Complete 
| 206|0x00000000ece00000, 0x00000000ecf00000, 0x00000000ecf00000|100%| E|CS|TAMS 0x00000000ece00000, 0x00000000ece00000| Complete 
| 207|0x00000000ecf00000, 0x00000000ed000000, 0x00000000ed000000|100%| E|CS|TAMS 0x00000000ecf00000, 0x00000000ecf00000| Complete 
| 208|0x00000000ed000000, 0x00000000ed100000, 0x00000000ed100000|100%| E|CS|TAMS 0x00000000ed000000, 0x00000000ed000000| Complete 
| 209|0x00000000ed100000, 0x00000000ed200000, 0x00000000ed200000|100%| E|CS|TAMS 0x00000000ed100000, 0x00000000ed100000| Complete 
| 210|0x00000000ed200000, 0x00000000ed300000, 0x00000000ed300000|100%| E|CS|TAMS 0x00000000ed200000, 0x00000000ed200000| Complete 
| 211|0x00000000ed300000, 0x00000000ed400000, 0x00000000ed400000|100%| E|CS|TAMS 0x00000000ed300000, 0x00000000ed300000| Complete 
| 212|0x00000000ed400000, 0x00000000ed500000, 0x00000000ed500000|100%| E|CS|TAMS 0x00000000ed400000, 0x00000000ed400000| Complete 
| 213|0x00000000ed500000, 0x00000000ed600000, 0x00000000ed600000|100%| E|CS|TAMS 0x00000000ed500000, 0x00000000ed500000| Complete 
| 214|0x00000000ed600000, 0x00000000ed700000, 0x00000000ed700000|100%| E|CS|TAMS 0x00000000ed600000, 0x00000000ed600000| Complete 
| 215|0x00000000ed700000, 0x00000000ed800000, 0x00000000ed800000|100%| E|CS|TAMS 0x00000000ed700000, 0x00000000ed700000| Complete 
| 216|0x00000000ed800000, 0x00000000ed900000, 0x00000000ed900000|100%| E|CS|TAMS 0x00000000ed800000, 0x00000000ed800000| Complete 
| 217|0x00000000ed900000, 0x00000000eda00000, 0x00000000eda00000|100%| E|CS|TAMS 0x00000000ed900000, 0x00000000ed900000| Complete 
| 218|0x00000000eda00000, 0x00000000edb00000, 0x00000000edb00000|100%| E|CS|TAMS 0x00000000eda00000, 0x00000000eda00000| Complete 
| 219|0x00000000edb00000, 0x00000000edc00000, 0x00000000edc00000|100%| E|CS|TAMS 0x00000000edb00000, 0x00000000edb00000| Complete 
| 220|0x00000000edc00000, 0x00000000edd00000, 0x00000000edd00000|100%| E|CS|TAMS 0x00000000edc00000, 0x00000000edc00000| Complete 
| 221|0x00000000edd00000, 0x00000000ede00000, 0x00000000ede00000|100%| E|CS|TAMS 0x00000000edd00000, 0x00000000edd00000| Complete 
| 222|0x00000000ede00000, 0x00000000edf00000, 0x00000000edf00000|100%| E|CS|TAMS 0x00000000ede00000, 0x00000000ede00000| Complete 
| 223|0x00000000edf00000, 0x00000000ee000000, 0x00000000ee000000|100%| E|CS|TAMS 0x00000000edf00000, 0x00000000edf00000| Complete 
| 224|0x00000000ee000000, 0x00000000ee100000, 0x00000000ee100000|100%| E|CS|TAMS 0x00000000ee000000, 0x00000000ee000000| Complete 
| 225|0x00000000ee100000, 0x00000000ee200000, 0x00000000ee200000|100%| E|CS|TAMS 0x00000000ee100000, 0x00000000ee100000| Complete 
| 226|0x00000000ee200000, 0x00000000ee300000, 0x00000000ee300000|100%| E|CS|TAMS 0x00000000ee200000, 0x00000000ee200000| Complete 
| 227|0x00000000ee300000, 0x00000000ee400000, 0x00000000ee400000|100%| E|CS|TAMS 0x00000000ee300000, 0x00000000ee300000| Complete 
| 228|0x00000000ee400000, 0x00000000ee500000, 0x00000000ee500000|100%| E|CS|TAMS 0x00000000ee400000, 0x00000000ee400000| Complete 
| 229|0x00000000ee500000, 0x00000000ee600000, 0x00000000ee600000|100%| E|CS|TAMS 0x00000000ee500000, 0x00000000ee500000| Complete 
| 230|0x00000000ee600000, 0x00000000ee700000, 0x00000000ee700000|100%| E|CS|TAMS 0x00000000ee600000, 0x00000000ee600000| Complete 
| 231|0x00000000ee700000, 0x00000000ee800000, 0x00000000ee800000|100%| E|CS|TAMS 0x00000000ee700000, 0x00000000ee700000| Complete 
| 232|0x00000000ee800000, 0x00000000ee900000, 0x00000000ee900000|100%| E|CS|TAMS 0x00000000ee800000, 0x00000000ee800000| Complete 
| 233|0x00000000ee900000, 0x00000000eea00000, 0x00000000eea00000|100%| E|CS|TAMS 0x00000000ee900000, 0x00000000ee900000| Complete 
| 234|0x00000000eea00000, 0x00000000eeb00000, 0x00000000eeb00000|100%| E|CS|TAMS 0x00000000eea00000, 0x00000000eea00000| Complete 
| 235|0x00000000eeb00000, 0x00000000eec00000, 0x00000000eec00000|100%| E|CS|TAMS 0x00000000eeb00000, 0x00000000eeb00000| Complete 
| 236|0x00000000eec00000, 0x00000000eed00000, 0x00000000eed00000|100%| E|CS|TAMS 0x00000000eec00000, 0x00000000eec00000| Complete 
| 237|0x00000000eed00000, 0x00000000eee00000, 0x00000000eee00000|100%| E|CS|TAMS 0x00000000eed00000, 0x00000000eed00000| Complete 
| 238|0x00000000eee00000, 0x00000000eef00000, 0x00000000eef00000|100%| E|CS|TAMS 0x00000000eee00000, 0x00000000eee00000| Complete 
| 239|0x00000000eef00000, 0x00000000ef000000, 0x00000000ef000000|100%| E|CS|TAMS 0x00000000eef00000, 0x00000000eef00000| Complete 
| 240|0x00000000ef000000, 0x00000000ef100000, 0x00000000ef100000|100%| E|CS|TAMS 0x00000000ef000000, 0x00000000ef000000| Complete 
| 241|0x00000000ef100000, 0x00000000ef200000, 0x00000000ef200000|100%| E|CS|TAMS 0x00000000ef100000, 0x00000000ef100000| Complete 
| 242|0x00000000ef200000, 0x00000000ef300000, 0x00000000ef300000|100%| E|CS|TAMS 0x00000000ef200000, 0x00000000ef200000| Complete 
| 243|0x00000000ef300000, 0x00000000ef400000, 0x00000000ef400000|100%| E|CS|TAMS 0x00000000ef300000, 0x00000000ef300000| Complete 
| 244|0x00000000ef400000, 0x00000000ef500000, 0x00000000ef500000|100%| E|CS|TAMS 0x00000000ef400000, 0x00000000ef400000| Complete 
| 245|0x00000000ef500000, 0x00000000ef600000, 0x00000000ef600000|100%| E|CS|TAMS 0x00000000ef500000, 0x00000000ef500000| Complete 
| 246|0x00000000ef600000, 0x00000000ef700000, 0x00000000ef700000|100%| E|CS|TAMS 0x00000000ef600000, 0x00000000ef600000| Complete 
| 247|0x00000000ef700000, 0x00000000ef800000, 0x00000000ef800000|100%| E|CS|TAMS 0x00000000ef700000, 0x00000000ef700000| Complete 
| 248|0x00000000ef800000, 0x00000000ef900000, 0x00000000ef900000|100%| E|CS|TAMS 0x00000000ef800000, 0x00000000ef800000| Complete 
| 249|0x00000000ef900000, 0x00000000efa00000, 0x00000000efa00000|100%| E|CS|TAMS 0x00000000ef900000, 0x00000000ef900000| Complete 
| 250|0x00000000efa00000, 0x00000000efb00000, 0x00000000efb00000|100%| E|CS|TAMS 0x00000000efa00000, 0x00000000efa00000| Complete 
| 251|0x00000000efb00000, 0x00000000efc00000, 0x00000000efc00000|100%| E|CS|TAMS 0x00000000efb00000, 0x00000000efb00000| Complete 
| 252|0x00000000efc00000, 0x00000000efd00000, 0x00000000efd00000|100%| E|CS|TAMS 0x00000000efc00000, 0x00000000efc00000| Complete 
| 253|0x00000000efd00000, 0x00000000efe00000, 0x00000000efe00000|100%| E|CS|TAMS 0x00000000efd00000, 0x00000000efd00000| Complete 
| 254|0x00000000efe00000, 0x00000000eff00000, 0x00000000eff00000|100%| E|CS|TAMS 0x00000000efe00000, 0x00000000efe00000| Complete 
| 255|0x00000000eff00000, 0x00000000f0000000, 0x00000000f0000000|100%| E|CS|TAMS 0x00000000eff00000, 0x00000000eff00000| Complete 

Card table byte_map: [0x0000029f785d0000,0x0000029f786d0000] _byte_map_base: 0x0000029f77ed0000

Marking Bits (Prev, Next): (CMBitMap*) 0x0000029f709164e0, (CMBitMap*) 0x0000029f709164a0
 Prev Bits: [0x0000029f78fd0000, 0x0000029f797d0000)
 Next Bits: [0x0000029f787d0000, 0x0000029f78fd0000)

Polling page: 0x0000029f6ea60000

Metaspace:

Usage:
  Non-class:     24.80 MB used.
      Class:      4.29 MB used.
       Both:     29.09 MB used.

Virtual space:
  Non-class space:       64.00 MB reserved,      25.00 MB ( 39%) committed,  1 nodes.
      Class space:      320.00 MB reserved,       4.44 MB (  1%) committed,  1 nodes.
             Both:      384.00 MB reserved,      29.44 MB (  8%) committed. 

Chunk freelists:
   Non-Class:  6.06 MB
       Class:  11.58 MB
        Both:  17.64 MB

MaxMetaspaceSize: 384.00 MB
CompressedClassSpaceSize: 320.00 MB
Initial GC threshold: 21.00 MB
Current GC threshold: 35.12 MB
CDS: on
MetaspaceReclaimPolicy: balanced
 - commit_granule_bytes: 65536.
 - commit_granule_words: 8192.
 - virtual_space_node_default_size: 8388608.
 - enlarge_chunks_in_place: 1.
 - new_chunks_are_fully_committed: 0.
 - uncommit_free_chunks: 1.
 - use_allocation_guard: 0.
 - handle_deallocations: 1.


Internal statistics:

num_allocs_failed_limit: 3.
num_arena_births: 392.
num_arena_deaths: 0.
num_vsnodes_births: 2.
num_vsnodes_deaths: 0.
num_space_committed: 471.
num_space_uncommitted: 0.
num_chunks_returned_to_freelist: 3.
num_chunks_taken_from_freelist: 1545.
num_chunk_merges: 3.
num_chunk_splits: 1027.
num_chunks_enlarged: 723.
num_inconsistent_stats: 0.

CodeHeap 'non-profiled nmethods': size=120000Kb used=1796Kb max_used=1796Kb free=118203Kb
 bounds [0x0000029f07ad0000, 0x0000029f07d40000, 0x0000029f0f000000]
CodeHeap 'profiled nmethods': size=120000Kb used=7641Kb max_used=7641Kb free=112358Kb
 bounds [0x0000029f00000000, 0x0000029f00780000, 0x0000029f07530000]
CodeHeap 'non-nmethods': size=5760Kb used=1257Kb max_used=1319Kb free=4502Kb
 bounds [0x0000029f07530000, 0x0000029f077a0000, 0x0000029f07ad0000]
 total_blobs=4126 nmethods=3557 adapters=481
 compilation: enabled
              stopped_count=0, restarted_count=0
 full_count=0

Compilation events (20 events):
Event: 26.801 Thread 0x0000029f7c21e040 3559       2       java.util.concurrent.atomic.AtomicInteger::<init> (5 bytes)
Event: 26.801 Thread 0x0000029f7c21e040 nmethod 3559 0x0000029f0076e790 code [0x0000029f0076e920, 0x0000029f0076ea18]
Event: 26.803 Thread 0x0000029f7c21e040 3560       2       java.util.WeakHashMap::get (75 bytes)
Event: 26.804 Thread 0x0000029f7c21e040 nmethod 3560 0x0000029f0076ea90 code [0x0000029f0076ec60, 0x0000029f0076efb8]
Event: 26.804 Thread 0x0000029f7c21e040 3561       2       org.codehaus.groovy.util.LockableObject::lock (25 bytes)
Event: 26.805 Thread 0x0000029f7c21e040 nmethod 3561 0x0000029f0076f210 code [0x0000029f0076f3c0, 0x0000029f0076f5b8]
Event: 26.805 Thread 0x0000029f7c21e040 3562       2       org.codehaus.groovy.util.LockableObject::unlock (7 bytes)
Event: 26.805 Thread 0x0000029f7c21e040 nmethod 3562 0x0000029f0076f690 code [0x0000029f0076f840, 0x0000029f0076f9d8]
Event: 26.806 Thread 0x0000029f7c21e040 3563       2       org.codehaus.groovy.reflection.CachedClass::getInterfaces (11 bytes)
Event: 26.806 Thread 0x0000029f7c21e040 nmethod 3563 0x0000029f0076fa90 code [0x0000029f0076fc40, 0x0000029f0076fdc8]
Event: 26.807 Thread 0x0000029f7c21e040 3564       1       java.util.LinkedList::size (5 bytes)
Event: 26.807 Thread 0x0000029f7c21e040 nmethod 3564 0x0000029f07c8fe90 code [0x0000029f07c90020, 0x0000029f07c900f8]
Event: 26.807 Thread 0x0000029f7c21e040 3565       2       org.codehaus.groovy.util.ReferenceType$1::createReference (11 bytes)
Event: 26.808 Thread 0x0000029f7c21e040 nmethod 3565 0x0000029f0076fe90 code [0x0000029f00770040, 0x0000029f007702f8]
Event: 26.808 Thread 0x0000029f7c21e040 3566       2       org.codehaus.groovy.util.ReferenceType$SoftRef::<init> (12 bytes)
Event: 26.808 Thread 0x0000029f7c21e040 nmethod 3566 0x0000029f00770390 code [0x0000029f00770520, 0x0000029f00770778]
Event: 26.810 Thread 0x0000029f7c21e040 3567       2       java.util.LinkedList$ListItr::hasNext (20 bytes)
Event: 26.810 Thread 0x0000029f7c21e040 nmethod 3567 0x0000029f00770810 code [0x0000029f007709a0, 0x0000029f00770ad8]
Event: 26.810 Thread 0x0000029f7c21e040 3568       2       java.lang.PublicMethods$MethodList::getMostSpecific (63 bytes)
Event: 26.810 Thread 0x0000029f7c21e040 nmethod 3568 0x0000029f00770b90 code [0x0000029f00770d40, 0x0000029f00770f48]

GC Heap History (8 events):
Event: 3.006 GC heap before
{Heap before GC invocations=0 (full 0):
 garbage-first heap   total 262144K, used 22528K [0x00000000e0000000, 0x0000000100000000)
  region size 1024K, 23 young (23552K), 0 survivors (0K)
 Metaspace       used 1129K, committed 1280K, reserved 393216K
  class space    used 77K, committed 128K, reserved 327680K
}
Event: 3.017 GC heap after
{Heap after GC invocations=1 (full 0):
 garbage-first heap   total 262144K, used 4331K [0x00000000e0000000, 0x0000000100000000)
  region size 1024K, 3 young (3072K), 3 survivors (3072K)
 Metaspace       used 1129K, committed 1280K, reserved 393216K
  class space    used 77K, committed 128K, reserved 327680K
}
Event: 7.388 GC heap before
{Heap before GC invocations=1 (full 0):
 garbage-first heap   total 262144K, used 38123K [0x00000000e0000000, 0x0000000100000000)
  region size 1024K, 33 young (33792K), 3 survivors (3072K)
 Metaspace       used 4402K, committed 4608K, reserved 393216K
  class space    used 546K, committed 640K, reserved 327680K
}
Event: 7.398 GC heap after
{Heap after GC invocations=2 (full 0):
 garbage-first heap   total 262144K, used 12104K [0x00000000e0000000, 0x0000000100000000)
  region size 1024K, 4 young (4096K), 4 survivors (4096K)
 Metaspace       used 4402K, committed 4608K, reserved 393216K
  class space    used 546K, committed 640K, reserved 327680K
}
Event: 11.180 GC heap before
{Heap before GC invocations=2 (full 0):
 garbage-first heap   total 262144K, used 57160K [0x00000000e0000000, 0x0000000100000000)
  region size 1024K, 46 young (47104K), 4 survivors (4096K)
 Metaspace       used 4649K, committed 4800K, reserved 393216K
  class space    used 578K, committed 640K, reserved 327680K
}
Event: 11.189 GC heap after
{Heap after GC invocations=3 (full 0):
 garbage-first heap   total 262144K, used 17431K [0x00000000e0000000, 0x0000000100000000)
  region size 1024K, 5 young (5120K), 5 survivors (5120K)
 Metaspace       used 4649K, committed 4800K, reserved 393216K
  class space    used 578K, committed 640K, reserved 327680K
}
Event: 23.700 GC heap before
{Heap before GC invocations=3 (full 0):
 garbage-first heap   total 262144K, used 124951K [0x00000000e0000000, 0x0000000100000000)
  region size 1024K, 111 young (113664K), 5 survivors (5120K)
 Metaspace       used 21175K, committed 21504K, reserved 393216K
  class space    used 3086K, committed 3264K, reserved 327680K
}
Event: 23.720 GC heap after
{Heap after GC invocations=4 (full 0):
 garbage-first heap   total 262144K, used 25081K [0x00000000e0000000, 0x0000000100000000)
  region size 1024K, 12 young (12288K), 12 survivors (12288K)
 Metaspace       used 21175K, committed 21504K, reserved 393216K
  class space    used 3086K, committed 3264K, reserved 327680K
}

Deoptimization events (20 events):
Event: 26.641 Thread 0x0000029f7c5833f0 DEOPT PACKING pc=0x0000029f07bcaf1c sp=0x000000b5f84f7de0
Event: 26.641 Thread 0x0000029f7c5833f0 DEOPT UNPACKING pc=0x0000029f075823a3 sp=0x000000b5f84f7c90 mode 2
Event: 26.642 Thread 0x0000029f7c5833f0 Uncommon trap: trap_request=0xffffffde fr.pc=0x0000029f07bcaf1c relative=0x0000000000001a3c
Event: 26.642 Thread 0x0000029f7c5833f0 Uncommon trap: reason=class_check action=maybe_recompile pc=0x0000029f07bcaf1c method=java.io.BufferedInputStream.read([BII)I @ 101 c2
Event: 26.642 Thread 0x0000029f7c5833f0 DEOPT PACKING pc=0x0000029f07bcaf1c sp=0x000000b5f84f7de0
Event: 26.642 Thread 0x0000029f7c5833f0 DEOPT UNPACKING pc=0x0000029f075823a3 sp=0x000000b5f84f7c90 mode 2
Event: 26.643 Thread 0x0000029f7c5833f0 Uncommon trap: trap_request=0xffffffde fr.pc=0x0000029f07bcaf1c relative=0x0000000000001a3c
Event: 26.643 Thread 0x0000029f7c5833f0 Uncommon trap: reason=class_check action=maybe_recompile pc=0x0000029f07bcaf1c method=java.io.BufferedInputStream.read([BII)I @ 101 c2
Event: 26.644 Thread 0x0000029f7c5833f0 DEOPT PACKING pc=0x0000029f07bcaf1c sp=0x000000b5f84f7de0
Event: 26.644 Thread 0x0000029f7c5833f0 DEOPT UNPACKING pc=0x0000029f075823a3 sp=0x000000b5f84f7c90 mode 2
Event: 26.644 Thread 0x0000029f7c5833f0 DEOPT PACKING pc=0x0000029f0042d0fe sp=0x000000b5f84f7c30
Event: 26.644 Thread 0x0000029f7c5833f0 DEOPT UNPACKING pc=0x0000029f07582b43 sp=0x000000b5f84f70a0 mode 0
Event: 26.646 Thread 0x0000029f7c5833f0 DEOPT PACKING pc=0x0000029f0042d0fe sp=0x000000b5f84f7c10
Event: 26.646 Thread 0x0000029f7c5833f0 DEOPT UNPACKING pc=0x0000029f07582b43 sp=0x000000b5f84f7080 mode 0
Event: 26.695 Thread 0x0000029f7c5833f0 Uncommon trap: trap_request=0xffffff45 fr.pc=0x0000029f07c43540 relative=0x00000000000005e0
Event: 26.695 Thread 0x0000029f7c5833f0 Uncommon trap: reason=unstable_if action=reinterpret pc=0x0000029f07c43540 method=jdk.internal.org.objectweb.asm.MethodWriter.visitVarInsn(II)V @ 108 c2
Event: 26.695 Thread 0x0000029f7c5833f0 DEOPT PACKING pc=0x0000029f07c43540 sp=0x000000b5f84f0e70
Event: 26.695 Thread 0x0000029f7c5833f0 DEOPT UNPACKING pc=0x0000029f075823a3 sp=0x000000b5f84f0e38 mode 2
Event: 26.700 Thread 0x0000029f7c5833f0 DEOPT PACKING pc=0x0000029f0042d0fe sp=0x000000b5f84f58b0
Event: 26.700 Thread 0x0000029f7c5833f0 DEOPT UNPACKING pc=0x0000029f07582b43 sp=0x000000b5f84f4d20 mode 0

Classes unloaded (0 events):
No events

Classes redefined (0 events):
No events

Internal exceptions (20 events):
Event: 25.173 Thread 0x0000029f7c5833f0 Exception <a 'java/lang/NoSuchMethodError'{0x00000000ee9cfe10}: 'java.lang.Object java.lang.invoke.Invokers$Holder.linkToTargetMethod(java.lang.Object, java.lang.Object, java.lang.Object, java.lang.Object, java.lang.Object, java.lang.Object, java.lang.Object, java.lang.Object, java.lang.Object, java.lang.Object)'> (0x00000000ee9cfe10) 
thrown [s\open\src\hotspot\share\interpreter\linkResolver.cpp, line 759]
Event: 25.348 Thread 0x0000029f7c5833f0 Implicit null exception at 0x0000029f07b21d0f to 0x0000029f07b2227c
Event: 25.648 Thread 0x0000029f7c5833f0 Exception <a 'java/lang/NoSuchMethodError'{0x00000000eded32c8}: 'void java.lang.invoke.DirectMethodHandle$Holder.invokeStaticInit(java.lang.Object, java.lang.Object, java.lang.Object, java.lang.Object)'> (0x00000000eded32c8) 
thrown [s\open\src\hotspot\share\interpreter\linkResolver.cpp, line 759]
Event: 25.734 Thread 0x0000029f7c5833f0 Exception <a 'java/lang/NoSuchMethodError'{0x00000000edb06920}: 'java.lang.Object java.lang.invoke.DirectMethodHandle$Holder.invokeStaticInit(java.lang.Object, java.lang.Object, java.lang.Object)'> (0x00000000edb06920) 
thrown [s\open\src\hotspot\share\interpreter\linkResolver.cpp, line 759]
Event: 25.793 Thread 0x0000029f7c5833f0 Exception <a 'java/lang/NoSuchMethodError'{0x00000000eda475c0}: 'java.lang.Object java.lang.invoke.DirectMethodHandle$Holder.newInvokeSpecial(java.lang.Object, java.lang.Object, java.lang.Object, java.lang.Object, java.lang.Object, java.lang.Object, java.lang.Object, java.lang.Object, java.lang.Object, java.lang.Object, java.lang.Object)'> (0x00000000eda475c0) 
thrown [s\open\src\hotspot\share\interpreter\linkResolver.cpp, line 759]
Event: 25.794 Thread 0x0000029f7c5833f0 Exception <a 'java/lang/NoSuchMethodError'{0x00000000eda4d0f8}: 'java.lang.Object java.lang.invoke.DirectMethodHandle$Holder.invokeSpecial(java.lang.Object, java.lang.Object, java.lang.Object, java.lang.Object, java.lang.Object, java.lang.Object, java.lang.Object, java.lang.Object, java.lang.Object, java.lang.Object, java.lang.Object, java.lang.Object)'> (0x00000000eda4d0f8) 
thrown [s\open\src\hotspot\share\interpreter\linkResolver.cpp, line 759]
Event: 25.794 Thread 0x0000029f7c5833f0 Exception <a 'java/lang/NoSuchMethodError'{0x00000000eda52790}: 'java.lang.Object java.lang.invoke.Invokers$Holder.linkToTargetMethod(java.lang.Object, java.lang.Object, java.lang.Object, java.lang.Object, java.lang.Object, java.lang.Object, java.lang.Object, java.lang.Object, java.lang.Object, java.lang.Object, java.lang.Object)'> (0x00000000eda52790) 
thrown [s\open\src\hotspot\share\interpreter\linkResolver.cpp, line 759]
Event: 26.120 Thread 0x0000029f7c5833f0 Exception <a 'java/lang/IncompatibleClassChangeError'{0x00000000ed3143d0}: Found class java.lang.Object, but interface was expected> (0x00000000ed3143d0) 
thrown [s\open\src\hotspot\share\interpreter\linkResolver.cpp, line 826]
Event: 26.168 Thread 0x0000029f7c5833f0 Exception <a 'java/lang/NoSuchMethodError'{0x00000000ed3e77b0}: 'java.lang.Object java.lang.invoke.DirectMethodHandle$Holder.newInvokeSpecial(java.lang.Object, java.lang.Object, long)'> (0x00000000ed3e77b0) 
thrown [s\open\src\hotspot\share\interpreter\linkResolver.cpp, line 759]
Event: 26.169 Thread 0x0000029f7c5833f0 Exception <a 'java/lang/NoSuchMethodError'{0x00000000ed3ebdc0}: 'java.lang.Object java.lang.invoke.Invokers$Holder.linkToTargetMethod(java.lang.Object, long, java.lang.Object)'> (0x00000000ed3ebdc0) 
thrown [s\open\src\hotspot\share\interpreter\linkResolver.cpp, line 759]
Event: 26.309 Thread 0x0000029f7c5833f0 Exception <a 'java/lang/NoSuchMethodError'{0x00000000ed0a1ba8}: 'int java.lang.invoke.DirectMethodHandle$Holder.invokeInterface(java.lang.Object, java.lang.Object)'> (0x00000000ed0a1ba8) 
thrown [s\open\src\hotspot\share\interpreter\linkResolver.cpp, line 759]
Event: 26.328 Thread 0x0000029f7c5833f0 Exception <a 'java/lang/NoSuchMethodError'{0x00000000ecf0bc38}: 'java.lang.Object java.lang.invoke.DirectMethodHandle$Holder.invokeVirtual(java.lang.Object, java.lang.Object, int)'> (0x00000000ecf0bc38) 
thrown [s\open\src\hotspot\share\interpreter\linkResolver.cpp, line 759]
Event: 26.367 Thread 0x0000029f7c5833f0 Exception <a 'java/lang/NoSuchMethodError'{0x00000000ecfce308}: 'java.lang.Object java.lang.invoke.DirectMethodHandle$Holder.invokeStatic(java.lang.Object, java.lang.Object, int, java.lang.Object)'> (0x00000000ecfce308) 
thrown [s\open\src\hotspot\share\interpreter\linkResolver.cpp, line 759]
Event: 26.368 Thread 0x0000029f7c5833f0 Exception <a 'java/lang/NoSuchMethodError'{0x00000000ecfd6288}: 'java.lang.Object java.lang.invoke.DirectMethodHandle$Holder.newInvokeSpecial(java.lang.Object, java.lang.Object, int, java.lang.Object)'> (0x00000000ecfd6288) 
thrown [s\open\src\hotspot\share\interpreter\linkResolver.cpp, line 759]
Event: 26.369 Thread 0x0000029f7c5833f0 Exception <a 'java/lang/NoSuchMethodError'{0x00000000ecfdac68}: 'java.lang.Object java.lang.invoke.DirectMethodHandle$Holder.invokeSpecial(java.lang.Object, java.lang.Object, java.lang.Object, int, java.lang.Object)'> (0x00000000ecfdac68) 
thrown [s\open\src\hotspot\share\interpreter\linkResolver.cpp, line 759]
Event: 26.519 Thread 0x0000029f7c5833f0 Exception <a 'java/lang/NoSuchMethodError'{0x00000000ecbaeca0}: 'java.lang.Object java.lang.invoke.DirectMethodHandle$Holder.invokeSpecial(java.lang.Object, java.lang.Object, java.lang.Object, int, java.lang.Object, java.lang.Object)'> (0x00000000ecbaeca0) 
thrown [s\open\src\hotspot\share\interpreter\linkResolver.cpp, line 759]
Event: 26.695 Thread 0x0000029f7c5833f0 Implicit null exception at 0x0000029f07c43080 to 0x0000029f07c43534
Event: 26.739 Thread 0x0000029f7c5833f0 Exception <a 'java/lang/NoSuchMethodError'{0x00000000ec4fc078}: 'void java.lang.invoke.DirectMethodHandle$Holder.invokeStaticInit(java.lang.Object, java.lang.Object, java.lang.Object)'> (0x00000000ec4fc078) 
thrown [s\open\src\hotspot\share\interpreter\linkResolver.cpp, line 759]
Event: 26.744 Thread 0x0000029f7c5833f0 Exception <a 'java/lang/NoSuchMethodError'{0x00000000ec3218d8}: 'void java.lang.invoke.DirectMethodHandle$Holder.invokeStaticInit(java.lang.Object, java.lang.Object, java.lang.Object, java.lang.Object, java.lang.Object)'> (0x00000000ec3218d8) 
thrown [s\open\src\hotspot\share\interpreter\linkResolver.cpp, line 759]
Event: 26.768 Thread 0x0000029f7c5833f0 Exception <a 'java/lang/NoSuchMethodError'{0x00000000ec37d540}: 'int java.lang.invoke.DirectMethodHandle$Holder.invokeStaticInit(java.lang.Object, java.lang.Object, java.lang.Object, java.lang.Object)'> (0x00000000ec37d540) 
thrown [s\open\src\hotspot\share\interpreter\linkResolver.cpp, line 759]

VM Operations (20 events):
Event: 25.352 Executing VM operation: HandshakeAllThreads
Event: 25.352 Executing VM operation: HandshakeAllThreads done
Event: 25.352 Executing VM operation: Cleanup
Event: 25.352 Executing VM operation: Cleanup done
Event: 25.688 Executing VM operation: HandshakeAllThreads
Event: 25.688 Executing VM operation: HandshakeAllThreads done
Event: 26.125 Executing VM operation: HandshakeAllThreads
Event: 26.125 Executing VM operation: HandshakeAllThreads done
Event: 26.174 Executing VM operation: HandshakeAllThreads
Event: 26.174 Executing VM operation: HandshakeAllThreads done
Event: 26.176 Executing VM operation: HandshakeAllThreads
Event: 26.176 Executing VM operation: HandshakeAllThreads done
Event: 26.461 Executing VM operation: HandshakeAllThreads
Event: 26.461 Executing VM operation: HandshakeAllThreads done
Event: 26.461 Executing VM operation: Cleanup
Event: 26.462 Executing VM operation: Cleanup done
Event: 26.462 Executing VM operation: HandshakeAllThreads
Event: 26.462 Executing VM operation: HandshakeAllThreads done
Event: 26.681 Executing VM operation: HandshakeAllThreads
Event: 26.681 Executing VM operation: HandshakeAllThreads done

Events (20 events):
Event: 26.637 loading class java/util/TimerTask
Event: 26.638 loading class java/util/TimerTask done
Event: 26.638 loading class java/util/Timer
Event: 26.638 loading class java/util/Timer done
Event: 26.680 loading class java/security/AccessControlException
Event: 26.680 loading class java/security/AccessControlException done
Event: 26.719 loading class java/lang/reflect/GenericSignatureFormatError
Event: 26.720 loading class java/lang/ClassFormatError
Event: 26.720 loading class java/lang/ClassFormatError done
Event: 26.720 loading class java/lang/reflect/GenericSignatureFormatError done
Event: 26.720 loading class java/lang/reflect/MalformedParameterizedTypeException
Event: 26.720 loading class java/lang/reflect/MalformedParameterizedTypeException done
Event: 26.733 loading class java/lang/IllegalCallerException
Event: 26.733 loading class java/lang/IllegalCallerException done
Event: 26.735 loading class sun/nio/fs/ExtendedFileSystemProvider
Event: 26.735 loading class sun/nio/fs/ExtendedFileSystemProvider done
Event: 26.805 loading class java/lang/ProcessHandle$Info
Event: 26.805 loading class java/lang/ProcessHandle$Info done
Event: 26.805 loading class java/lang/ProcessHandle
Event: 26.805 loading class java/lang/ProcessHandle done


Dynamic libraries:
0x00007ff6dc930000 - 0x00007ff6dc940000 	C:\Program Files\Java\jdk-17\bin\java.exe
0x00007ffde7ed0000 - 0x00007ffde80e7000 	C:\WINDOWS\SYSTEM32\ntdll.dll
0x00007ffde6080000 - 0x00007ffde6144000 	C:\WINDOWS\System32\KERNEL32.DLL
0x00007ffde5480000 - 0x00007ffde582d000 	C:\WINDOWS\System32\KERNELBASE.dll
0x00007ffde5950000 - 0x00007ffde5a61000 	C:\WINDOWS\System32\ucrtbase.dll
0x00007ffdde420000 - 0x00007ffdde43b000 	C:\Program Files\Java\jdk-17\bin\VCRUNTIME140.dll
0x00007ffdde540000 - 0x00007ffdde559000 	C:\Program Files\Java\jdk-17\bin\jli.dll
0x00007ffde65f0000 - 0x00007ffde66a2000 	C:\WINDOWS\System32\ADVAPI32.dll
0x00007ffde5d10000 - 0x00007ffde5db7000 	C:\WINDOWS\System32\msvcrt.dll
0x00007ffde5c60000 - 0x00007ffde5d09000 	C:\WINDOWS\System32\sechost.dll
0x00007ffde5a70000 - 0x00007ffde5a98000 	C:\WINDOWS\System32\bcrypt.dll
0x00007ffde6f60000 - 0x00007ffde7074000 	C:\WINDOWS\System32\RPCRT4.dll
0x00007ffde7080000 - 0x00007ffde722e000 	C:\WINDOWS\System32\USER32.dll
0x00007ffde5450000 - 0x00007ffde5476000 	C:\WINDOWS\System32\win32u.dll
0x00007ffde6300000 - 0x00007ffde6329000 	C:\WINDOWS\System32\GDI32.dll
0x00007ffde5830000 - 0x00007ffde5949000 	C:\WINDOWS\System32\gdi32full.dll
0x00007ffde43e0000 - 0x00007ffde4673000 	C:\WINDOWS\WinSxS\amd64_microsoft.windows.common-controls_6595b64144ccf1df_6.0.22621.3672_none_2713b9d173822955\COMCTL32.dll
0x00007ffde5aa0000 - 0x00007ffde5b3a000 	C:\WINDOWS\System32\msvcp_win.dll
0x00007ffddabc0000 - 0x00007ffddabca000 	C:\WINDOWS\SYSTEM32\VERSION.dll
0x00007ffde6860000 - 0x00007ffde6891000 	C:\WINDOWS\System32\IMM32.DLL
0x00007ffde38f0000 - 0x00007ffde38fc000 	C:\Program Files\Java\jdk-17\bin\vcruntime140_1.dll
0x00007ffdc2460000 - 0x00007ffdc24ee000 	C:\Program Files\Java\jdk-17\bin\msvcp140.dll
0x00007ffd60ea0000 - 0x00007ffd61a80000 	C:\Program Files\Java\jdk-17\bin\server\jvm.dll
0x00007ffde5c00000 - 0x00007ffde5c08000 	C:\WINDOWS\System32\PSAPI.DLL
0x00007ffdddb10000 - 0x00007ffdddb44000 	C:\WINDOWS\SYSTEM32\WINMM.dll
0x00007ffdce780000 - 0x00007ffdce789000 	C:\WINDOWS\SYSTEM32\WSOCK32.dll
0x00007ffde6160000 - 0x00007ffde61d1000 	C:\WINDOWS\System32\ws2_32.DLL
0x00007ffde3450000 - 0x00007ffde3468000 	C:\WINDOWS\SYSTEM32\kernel.appcore.dll
0x00007ffdde410000 - 0x00007ffdde41a000 	C:\Program Files\Java\jdk-17\bin\jimage.dll
0x00007ffde4a60000 - 0x00007ffde4c92000 	C:\WINDOWS\SYSTEM32\DBGHELP.DLL
0x00007ffde7b00000 - 0x00007ffde7e8e000 	C:\WINDOWS\System32\combase.dll
0x00007ffde5e90000 - 0x00007ffde5f67000 	C:\WINDOWS\System32\OLEAUT32.dll
0x00007ffde4950000 - 0x00007ffde4982000 	C:\WINDOWS\SYSTEM32\dbgcore.DLL
0x00007ffde51f0000 - 0x00007ffde526b000 	C:\WINDOWS\System32\bcryptPrimitives.dll
0x00007ffdde400000 - 0x00007ffdde40e000 	C:\Program Files\Java\jdk-17\bin\instrument.dll
0x00007ffdde340000 - 0x00007ffdde365000 	C:\Program Files\Java\jdk-17\bin\java.dll
0x00007ffdc2080000 - 0x00007ffdc2157000 	C:\Program Files\Java\jdk-17\bin\jsvml.dll
0x00007ffde7230000 - 0x00007ffde7a97000 	C:\WINDOWS\System32\SHELL32.dll
0x00007ffde2250000 - 0x00007ffde2b4f000 	C:\WINDOWS\SYSTEM32\windows.storage.dll
0x00007ffde2110000 - 0x00007ffde224f000 	C:\WINDOWS\SYSTEM32\wintypes.dll
0x00007ffde61f0000 - 0x00007ffde62e9000 	C:\WINDOWS\System32\SHCORE.dll
0x00007ffde7aa0000 - 0x00007ffde7afe000 	C:\WINDOWS\System32\shlwapi.dll
0x00007ffde5120000 - 0x00007ffde5147000 	C:\WINDOWS\SYSTEM32\profapi.dll
0x00007ffdde3e0000 - 0x00007ffdde3f8000 	C:\Program Files\Java\jdk-17\bin\zip.dll
0x00007ffdde320000 - 0x00007ffdde339000 	C:\Program Files\Java\jdk-17\bin\net.dll
0x00007ffde0e60000 - 0x00007ffde0f96000 	C:\WINDOWS\SYSTEM32\WINHTTP.dll
0x00007ffde3f80000 - 0x00007ffde3fe9000 	C:\WINDOWS\system32\mswsock.dll
0x00007ffdde300000 - 0x00007ffdde316000 	C:\Program Files\Java\jdk-17\bin\nio.dll
0x00007ffdde2f0000 - 0x00007ffdde300000 	C:\Program Files\Java\jdk-17\bin\verify.dll
0x00007ffdc9090000 - 0x00007ffdc90b7000 	C:\Users\wldms\.gradle\native\c067742578af261105cb4f569cf0c3c89f3d7b1fecec35dd04571415982c5e48\windows-amd64\native-platform.dll
0x00007ffda93d0000 - 0x00007ffda9514000 	C:\Users\wldms\.gradle\native\100fb08df4bc3b14c8652ba06237920a3bd2aa13389f12d3474272988ae205f9\windows-amd64\native-platform-file-events.dll
0x00007ffdde810000 - 0x00007ffdde81a000 	C:\Program Files\Java\jdk-17\bin\management.dll
0x00007ffdde4b0000 - 0x00007ffdde4bb000 	C:\Program Files\Java\jdk-17\bin\management_ext.dll
0x00007ffde4da0000 - 0x00007ffde4dbb000 	C:\WINDOWS\SYSTEM32\CRYPTSP.dll
0x00007ffde32c0000 - 0x00007ffde32f5000 	C:\WINDOWS\system32\rsaenh.dll
0x00007ffde4220000 - 0x00007ffde4248000 	C:\WINDOWS\SYSTEM32\USERENV.dll
0x00007ffde4250000 - 0x00007ffde425c000 	C:\WINDOWS\SYSTEM32\CRYPTBASE.dll
0x00007ffde2db0000 - 0x00007ffde2ddd000 	C:\WINDOWS\SYSTEM32\IPHLPAPI.DLL
0x00007ffde61e0000 - 0x00007ffde61e9000 	C:\WINDOWS\System32\NSI.dll
0x00007ffddf5a0000 - 0x00007ffddf5b9000 	C:\WINDOWS\SYSTEM32\dhcpcsvc6.DLL
0x00007ffddeeb0000 - 0x00007ffddeecf000 	C:\WINDOWS\SYSTEM32\dhcpcsvc.DLL
0x00007ffde2e20000 - 0x00007ffde2f18000 	C:\WINDOWS\SYSTEM32\DNSAPI.dll
0x00007ffdde4a0000 - 0x00007ffdde4ae000 	C:\Program Files\Java\jdk-17\bin\sunmscapi.dll
0x00007ffde52e0000 - 0x00007ffde5446000 	C:\WINDOWS\System32\CRYPT32.dll
0x00007ffde43b0000 - 0x00007ffde43de000 	C:\WINDOWS\SYSTEM32\ncrypt.dll
0x00007ffde4370000 - 0x00007ffde43a7000 	C:\WINDOWS\SYSTEM32\NTASN1.dll
0x00007ffde3880000 - 0x00007ffde3888000 	C:\WINDOWS\system32\wshunix.dll

dbghelp: loaded successfully - version: 4.0.5 - missing functions: none
symbol engine: initialized successfully - sym options: 0x614 - pdb path: .;C:\Program Files\Java\jdk-17\bin;C:\WINDOWS\SYSTEM32;C:\WINDOWS\WinSxS\amd64_microsoft.windows.common-controls_6595b64144ccf1df_6.0.22621.3672_none_2713b9d173822955;C:\Program Files\Java\jdk-17\bin\server;C:\Users\wldms\.gradle\native\c067742578af261105cb4f569cf0c3c89f3d7b1fecec35dd04571415982c5e48\windows-amd64;C:\Users\wldms\.gradle\native\100fb08df4bc3b14c8652ba06237920a3bd2aa13389f12d3474272988ae205f9\windows-amd64

VM Arguments:
jvm_args: --add-opens=java.base/java.util=ALL-UNNAMED --add-opens=java.base/java.lang=ALL-UNNAMED --add-opens=java.base/java.lang.invoke=ALL-UNNAMED --add-opens=java.prefs/java.util.prefs=ALL-UNNAMED --add-exports=jdk.compiler/com.sun.tools.javac.api=ALL-UNNAMED --add-exports=jdk.compiler/com.sun.tools.javac.util=ALL-UNNAMED --add-opens=java.base/java.nio.charset=ALL-UNNAMED --add-opens=java.base/java.net=ALL-UNNAMED --add-opens=java.base/java.util.concurrent.atomic=ALL-UNNAMED -XX:MaxMetaspaceSize=384m -XX:+HeapDumpOnOutOfMemoryError -Xms256m -Xmx512m -Dfile.encoding=UTF-8 -Duser.country=KR -Duser.language=ko -Duser.variant -javaagent:C:\Users\wldms\.gradle\wrapper\dists\gradle-8.10.1-bin\e90i968nv55tch01zkse4avv3\gradle-8.10.1\lib\agents\gradle-instrumentation-agent-8.10.1.jar 
java_command: org.gradle.launcher.daemon.bootstrap.GradleDaemon 8.10.1
java_class_path (initial): C:\Users\wldms\.gradle\wrapper\dists\gradle-8.10.1-bin\e90i968nv55tch01zkse4avv3\gradle-8.10.1\lib\gradle-daemon-main-8.10.1.jar
Launcher Type: SUN_STANDARD

[Global flags]
     intx CICompilerCount                          = 4                                         {product} {ergonomic}
   size_t CompressedClassSpaceSize                 = 335544320                                 {product} {ergonomic}
     uint ConcGCThreads                            = 2                                         {product} {ergonomic}
     uint G1ConcRefinementThreads                  = 8                                         {product} {ergonomic}
   size_t G1HeapRegionSize                         = 1048576                                   {product} {ergonomic}
    uintx GCDrainStackTargetSize                   = 64                                        {product} {ergonomic}
     bool HeapDumpOnOutOfMemoryError               = true                                   {manageable} {command line}
   size_t InitialHeapSize                          = 268435456                                 {product} {command line}
   size_t MarkStackSize                            = 4194304                                   {product} {ergonomic}
   size_t MaxHeapSize                              = 536870912                                 {product} {command line}
   size_t MaxMetaspaceSize                         = 402653184                                 {product} {command line}
   size_t MaxNewSize                               = 321912832                                 {product} {ergonomic}
   size_t MinHeapDeltaBytes                        = 1048576                                   {product} {ergonomic}
   size_t MinHeapSize                              = 268435456                                 {product} {command line}
    uintx NonNMethodCodeHeapSize                   = 5839372                                {pd product} {ergonomic}
    uintx NonProfiledCodeHeapSize                  = 122909434                              {pd product} {ergonomic}
    uintx ProfiledCodeHeapSize                     = 122909434                              {pd product} {ergonomic}
    uintx ReservedCodeCacheSize                    = 251658240                              {pd product} {ergonomic}
     bool SegmentedCodeCache                       = true                                      {product} {ergonomic}
   size_t SoftMaxHeapSize                          = 536870912                              {manageable} {ergonomic}
     bool UseCompressedClassPointers               = true                           {product lp64_product} {ergonomic}
     bool UseCompressedOops                        = true                           {product lp64_product} {ergonomic}
     bool UseG1GC                                  = true                                      {product} {ergonomic}
     bool UseLargePagesIndividualAllocation        = false                                  {pd product} {ergonomic}

Logging:
Log output configuration:
 #0: stdout all=warning uptime,level,tags
 #1: stderr all=off uptime,level,tags

Environment Variables:
JAVA_HOME=C:\Program Files\Java\jdk-17
CLASSPATH=.
PATH=C:\Program Files\Common Files\Oracle\Java\javapath;C:\Program Files (x86)\Intel\Intel(R) Management Engine Components\iCLS\;C:\Program Files\Intel\Intel(R) Management Engine Components\iCLS\;C:\WINDOWS\system32;C:\WINDOWS;C:\WINDOWS\System32\Wbem;C:\WINDOWS\System32\WindowsPowerShell\v1.0\;C:\WINDOWS\System32\OpenSSH\;C:\Program Files (x86)\Intel\Intel(R) Management Engine Components\DAL;C:\Program Files\Intel\Intel(R) Management Engine Components\DAL;C:\Program Files (x86)\PuTTY\;C:\Program Files\Java\jdk-17\bin;C:\Users\wldms\Downloads\apache-tomcat-9.0.80\bin;C:\Program Files\nodejs\;C:\Users\wldms\Downloads\apache-maven-3.9.4-bin\apache-maven-3.9.4\bin;C:\takensoft\dev\nodejs\;C:\Program Files (x86)\Git\cmd;C:\Users\wldms\scoop\shims;C:\Users\wldms\AppData\Local\Microsoft\WindowsApps;C:\Users\wldms\AppData\Roaming\npm;C:\Users\wldms\AppData\Local\Programs\Microsoft VS Code\bin;C:\Program Files\JetBrains\IntelliJ IDEA 2024.2.1\bin;
USERNAME=wldms
OS=Windows_NT
PROCESSOR_IDENTIFIER=Intel64 Family 6 Model 142 Stepping 12, GenuineIntel



---------------  S Y S T E M  ---------------

OS:
 Windows 11 , 64 bit Build 22621 (10.0.22621.3958)
OS uptime: 7 days 1:56 hours

CPU: total 8 (initial active 8) (4 cores per cpu, 2 threads per core) family 6 model 142 stepping 12 microcode 0xde, cx8, cmov, fxsr, ht, mmx, 3dnowpref, sse, sse2, sse3, ssse3, sse4.1, sse4.2, popcnt, lzcnt, tsc, tscinvbit, avx, avx2, aes, erms, clmul, bmi1, bmi2, adx, fma, vzeroupper, clflush, clflushopt

Memory: 4k page, system-wide physical 7986M (308M free)
TotalPageFile size 32562M (AvailPageFile size 3M)
current process WorkingSet (physical memory assigned to process): 263M, peak: 263M
current process commit charge ("private bytes"): 432M, peak: 432M

vm_info: Java HotSpot(TM) 64-Bit Server VM (17.0.11+7-LTS-207) for windows-amd64 JRE (17.0.11+7-LTS-207), built on Mar 11 2024 19:01:50 by "mach5one" with MS VC++ 17.6 (VS2022)

END.
