#
# There is insufficient memory for the Java Runtime Environment to continue.
# Native memory allocation (malloc) failed to allocate 614576 bytes for Chunk::new
# Possible reasons:
#   The system is out of physical RAM or swap space
#   The process is running with CompressedOops enabled, and the Java Heap may be blocking the growth of the native heap
# Possible solutions:
#   Reduce memory load on the system
#   Increase physical memory or swap space
#   Check if swap backing store is full
#   Decrease Java heap size (-Xmx/-Xms)
#   Decrease number of Java threads
#   Decrease Java thread stack sizes (-Xss)
#   Set larger code cache with -XX:ReservedCodeCacheSize=
#   JVM is running with Unscaled Compressed Oops mode in which the Java heap is
#     placed in the first 4GB address space. The Java Heap base address is the
#     maximum limit for the native heap growth. Please use -XX:HeapBaseMinAddress
#     to set the Java Heap base and to place the Java Heap above 4GB virtual address.
# This output file may be truncated or incomplete.
#
#  Out of Memory Error (arena.cpp:189), pid=10584, tid=25132
#
# JRE version: Java(TM) SE Runtime Environment (17.0.11+7) (build 17.0.11+7-LTS-207)
# Java VM: Java HotSpot(TM) 64-Bit Server VM (17.0.11+7-LTS-207, mixed mode, sharing, tiered, compressed oops, compressed class ptrs, g1 gc, windows-amd64)
# No core dump will be written. Minidumps are not enabled by default on client versions of Windows
#

---------------  S U M M A R Y ------------

Command Line: --add-opens=java.base/java.util=ALL-UNNAMED --add-opens=java.base/java.lang=ALL-UNNAMED --add-opens=java.base/java.lang.invoke=ALL-UNNAMED --add-opens=java.prefs/java.util.prefs=ALL-UNNAMED --add-exports=jdk.compiler/com.sun.tools.javac.api=ALL-UNNAMED --add-exports=jdk.compiler/com.sun.tools.javac.util=ALL-UNNAMED --add-opens=java.base/java.nio.charset=ALL-UNNAMED --add-opens=java.base/java.net=ALL-UNNAMED --add-opens=java.base/java.util.concurrent.atomic=ALL-UNNAMED -XX:MaxMetaspaceSize=384m -XX:+HeapDumpOnOutOfMemoryError -Xms256m -Xmx512m -Dfile.encoding=UTF-8 -Duser.country=KR -Duser.language=ko -Duser.variant -javaagent:C:\Users\wldms\.gradle\wrapper\dists\gradle-8.10.1-bin\e90i968nv55tch01zkse4avv3\gradle-8.10.1\lib\agents\gradle-instrumentation-agent-8.10.1.jar org.gradle.launcher.daemon.bootstrap.GradleDaemon 8.10.1

Host: Intel(R) Core(TM) i5-8265U CPU @ 1.60GHz, 8 cores, 7G,  Windows 11 , 64 bit Build 22621 (10.0.22621.3958)
Time: Wed Oct  2 16:14:19 2024  Windows 11 , 64 bit Build 22621 (10.0.22621.3958) elapsed time: 379.802977 seconds (0d 0h 6m 19s)

---------------  T H R E A D  ---------------

Current thread (0x000001ab3b49d340):  JavaThread "C2 CompilerThread0" daemon [_thread_in_native, id=25132, stack(0x000000aad3b00000,0x000000aad3c00000)]


Current CompileTask:
C2: 379803 12141       4       io.spring.gradle.dependencymanagement.org.apache.maven.model.io.xpp3.MavenXpp3Reader::parsePlugin (519 bytes)

Stack: [0x000000aad3b00000,0x000000aad3c00000]
Native frames: (J=compiled Java code, j=interpreted, Vv=VM code, C=native code)
V  [jvm.dll+0x679cca]
V  [jvm.dll+0x7da13d]
V  [jvm.dll+0x7dba83]
V  [jvm.dll+0x7dc0f3]
V  [jvm.dll+0x2449af]
V  [jvm.dll+0xab83b]
V  [jvm.dll+0xabe1c]
V  [jvm.dll+0x2a9e6f]
V  [jvm.dll+0x5818d9]
V  [jvm.dll+0x21ed62]
V  [jvm.dll+0x217da3]
V  [jvm.dll+0x215505]
V  [jvm.dll+0x1a2040]
V  [jvm.dll+0x225a2b]
V  [jvm.dll+0x223bcb]
V  [jvm.dll+0x7903ec]
V  [jvm.dll+0x78a85a]
V  [jvm.dll+0x678bb5]
C  [ucrtbase.dll+0x29333]
C  [KERNEL32.DLL+0x1257d]
C  [ntdll.dll+0x5af28]


---------------  P R O C E S S  ---------------

Threads class SMR info:
_java_thread_list=0x000001ab57224e00, length=109, elements={
0x000001ab1ec18e20, 0x000001ab3b46cfd0, 0x000001ab3b46dc50, 0x000001ab3b484be0,
0x000001ab3b4854b0, 0x000001ab3b489e80, 0x000001ab3b48a840, 0x000001ab3b49d340,
0x000001ab3b48fbd0, 0x000001ab3b4a7c50, 0x000001ab3b458a80, 0x000001ab3b701470,
0x000001ab56030e70, 0x000001ab560336f0, 0x000001ab56030450, 0x000001ab56033c00,
0x000001ab56a84660, 0x000001ab56a864c0, 0x000001ab56a81de0, 0x000001ab56a822f0,
0x000001ab56a813c0, 0x000001ab56a82800, 0x000001ab56a85080, 0x000001ab56a80490,
0x000001ab56a82d10, 0x000001ab56a85aa0, 0x000001ab56a809a0, 0x000001ab56a85fb0,
0x000001ab56a83730, 0x000001ab584a75f0, 0x000001ab584a9e70, 0x000001ab584aa890,
0x000001ab584a3930, 0x000001ab57150da0, 0x000001ab5714e520, 0x000001ab597214b0,
0x000001ab59723820, 0x000001ab597223e0, 0x000001ab5974bef0, 0x000001ab59748c50,
0x000001ab5974c910, 0x000001ab5974d330, 0x000001ab5974afc0, 0x000001ab5974d840,
0x000001ab5974ec80, 0x000001ab5974aab0, 0x000001ab59749160, 0x000001ab5974b4d0,
0x000001ab5974e770, 0x000001ab5974ce20, 0x000001ab5974b9e0, 0x000001ab59749b80,
0x000001ab5974f190, 0x000001ab5974c400, 0x000001ab5974dd50, 0x000001ab59749670,
0x000001ab5974f6a0, 0x000001ab5974e260, 0x000001ab5974fbb0, 0x000001ab597500c0,
0x000001ab597505d0, 0x000001ab5974a090, 0x000001ab597279f0, 0x000001ab597219c0,
0x000001ab59723d30, 0x000001ab59728410, 0x000001ab59720fa0, 0x000001ab597260a0,
0x000001ab59728920, 0x000001ab59721ed0, 0x000001ab597228f0, 0x000001ab59724750,
0x000001ab59724240, 0x000001ab59722e00, 0x000001ab59723310, 0x000001ab59724c60,
0x000001ab59725170, 0x000001ab59725680, 0x000001ab59725b90, 0x000001ab597265b0,
0x000001ab59726ac0, 0x000001ab59726fd0, 0x000001ab597274e0, 0x000001ab57150380,
0x000001ab5714ef40, 0x000001ab5714fe70, 0x000001ab5714f450, 0x000001ab57152c00,
0x000001ab571517c0, 0x000001ab5714d5f0, 0x000001ab5714d0e0, 0x000001ab5714ea30,
0x000001ab57151cd0, 0x000001ab571526f0, 0x000001ab57153110, 0x000001ab57153620,
0x000001ab5714db00, 0x000001ab57153b30, 0x000001ab57154040, 0x000001ab57154550,
0x000001ab5714e010, 0x000001ab57154a60, 0x000001ab584a7b00, 0x000001ab584aa380,
0x000001ab584a8520, 0x000001ab584a70e0, 0x000001ab584a61b0, 0x000001ab584a4860,
0x000001ab584a8a30
}

Java Threads: ( => current thread )
  0x000001ab1ec18e20 JavaThread "main" [_thread_blocked, id=21512, stack(0x000000aad2e00000,0x000000aad2f00000)]
  0x000001ab3b46cfd0 JavaThread "Reference Handler" daemon [_thread_blocked, id=14344, stack(0x000000aad3500000,0x000000aad3600000)]
  0x000001ab3b46dc50 JavaThread "Finalizer" daemon [_thread_blocked, id=20468, stack(0x000000aad3600000,0x000000aad3700000)]
  0x000001ab3b484be0 JavaThread "Signal Dispatcher" daemon [_thread_blocked, id=25376, stack(0x000000aad3700000,0x000000aad3800000)]
  0x000001ab3b4854b0 JavaThread "Attach Listener" daemon [_thread_blocked, id=12896, stack(0x000000aad3800000,0x000000aad3900000)]
  0x000001ab3b489e80 JavaThread "Service Thread" daemon [_thread_blocked, id=25400, stack(0x000000aad3900000,0x000000aad3a00000)]
  0x000001ab3b48a840 JavaThread "Monitor Deflation Thread" daemon [_thread_blocked, id=28628, stack(0x000000aad3a00000,0x000000aad3b00000)]
=>0x000001ab3b49d340 JavaThread "C2 CompilerThread0" daemon [_thread_in_native, id=25132, stack(0x000000aad3b00000,0x000000aad3c00000)]
  0x000001ab3b48fbd0 JavaThread "C1 CompilerThread0" daemon [_thread_blocked, id=14364, stack(0x000000aad3c00000,0x000000aad3d00000)]
  0x000001ab3b4a7c50 JavaThread "Sweeper thread" daemon [_thread_blocked, id=16804, stack(0x000000aad3d00000,0x000000aad3e00000)]
  0x000001ab3b458a80 JavaThread "Common-Cleaner" daemon [_thread_blocked, id=14120, stack(0x000000aad3e00000,0x000000aad3f00000)]
  0x000001ab3b701470 JavaThread "Notification Thread" daemon [_thread_blocked, id=15376, stack(0x000000aad3f00000,0x000000aad4000000)]
  0x000001ab56030e70 JavaThread "Daemon health stats" [_thread_blocked, id=27592, stack(0x000000aad4600000,0x000000aad4700000)]
  0x000001ab560336f0 JavaThread "Incoming local TCP Connector on port 50991" [_thread_in_native, id=26480, stack(0x000000aad4700000,0x000000aad4800000)]
  0x000001ab56030450 JavaThread "Daemon periodic checks" [_thread_blocked, id=6480, stack(0x000000aad4800000,0x000000aad4900000)]
  0x000001ab56033c00 JavaThread "Cache worker for journal cache (C:\Users\wldms\.gradle\caches\journal-1)" [_thread_blocked, id=23516, stack(0x000000aad5000000,0x000000aad5100000)]
  0x000001ab56a84660 JavaThread "File lock request listener" [_thread_in_native, id=28320, stack(0x000000aad5100000,0x000000aad5200000)]
  0x000001ab56a864c0 JavaThread "Cache worker for file hash cache (C:\Users\wldms\.gradle\caches\8.10.1\fileHashes)" [_thread_blocked, id=12576, stack(0x000000aad5200000,0x000000aad5300000)]
  0x000001ab56a81de0 JavaThread "File watcher server" daemon [_thread_in_native, id=12624, stack(0x000000aad5600000,0x000000aad5700000)]
  0x000001ab56a822f0 JavaThread "File watcher consumer" daemon [_thread_blocked, id=27580, stack(0x000000aad5a00000,0x000000aad5b00000)]
  0x000001ab56a813c0 JavaThread "Cache worker for file content cache (C:\Users\wldms\.gradle\caches\8.10.1\fileContent)" [_thread_blocked, id=27436, stack(0x000000aad5c00000,0x000000aad5d00000)]
  0x000001ab56a82800 JavaThread "jar transforms" [_thread_blocked, id=26552, stack(0x000000aad5b00000,0x000000aad5c00000)]
  0x000001ab56a85080 JavaThread "jar transforms Thread 2" [_thread_blocked, id=17044, stack(0x000000aad5f00000,0x000000aad6000000)]
  0x000001ab56a80490 JavaThread "jar transforms Thread 3" [_thread_blocked, id=20536, stack(0x000000aad6100000,0x000000aad6200000)]
  0x000001ab56a82d10 JavaThread "jar transforms Thread 4" [_thread_blocked, id=11096, stack(0x000000aad6200000,0x000000aad6300000)]
  0x000001ab56a85aa0 JavaThread "jar transforms Thread 5" [_thread_blocked, id=12376, stack(0x000000aad6300000,0x000000aad6400000)]
  0x000001ab56a809a0 JavaThread "jar transforms Thread 6" [_thread_blocked, id=18216, stack(0x000000aad6400000,0x000000aad6500000)]
  0x000001ab56a85fb0 JavaThread "jar transforms Thread 7" [_thread_blocked, id=3116, stack(0x000000aad6500000,0x000000aad6600000)]
  0x000001ab56a83730 JavaThread "jar transforms Thread 8" [_thread_blocked, id=19692, stack(0x000000aad6000000,0x000000aad6100000)]
  0x000001ab584a75f0 JavaThread "Memory manager" [_thread_blocked, id=19584, stack(0x000000aad7c00000,0x000000aad7d00000)]
  0x000001ab584a9e70 JavaThread "ForkJoinPool.commonPool-worker-1" daemon [_thread_blocked, id=13220, stack(0x000000aad7e00000,0x000000aad7f00000)]
  0x000001ab584aa890 JavaThread "ForkJoinPool.commonPool-worker-2" daemon [_thread_blocked, id=22644, stack(0x000000aad7f00000,0x000000aad8000000)]
  0x000001ab584a3930 JavaThread "ForkJoinPool.commonPool-worker-3" daemon [_thread_blocked, id=10980, stack(0x000000aad8000000,0x000000aad8100000)]
  0x000001ab57150da0 JavaThread "Daemon Thread 2" [_thread_blocked, id=26336, stack(0x000000aad2c00000,0x000000aad2d00000)]
  0x000001ab5714e520 JavaThread "Daemon worker Thread 2" [_thread_in_Java, id=26168, stack(0x000000aad4a00000,0x000000aad4b00000)]
  0x000001ab597214b0 JavaThread "ForkJoinPool.commonPool-worker-9" daemon [_thread_blocked, id=22596, stack(0x000000aad7400000,0x000000aad7500000)]
  0x000001ab59723820 JavaThread "ForkJoinPool.commonPool-worker-10" daemon [_thread_blocked, id=15656, stack(0x000000aad7500000,0x000000aad7600000)]
  0x000001ab597223e0 JavaThread "ForkJoinPool.commonPool-worker-11" daemon [_thread_blocked, id=29020, stack(0x000000aad7600000,0x000000aad7700000)]
  0x000001ab5974bef0 JavaThread "included builds" [_thread_blocked, id=12888, stack(0x000000aadbe00000,0x000000aadbf00000)]
  0x000001ab59748c50 JavaThread "VFS cleanup Thread 2" [_thread_blocked, id=20488, stack(0x000000aad4b00000,0x000000aad4c00000)]
  0x000001ab5974c910 JavaThread "Handler for socket connection from /127.0.0.1:50991 to /127.0.0.1:51066" [_thread_in_native, id=12856, stack(0x000000aad2d00000,0x000000aad2e00000)]
  0x000001ab5974d330 JavaThread "Cancel handler" [_thread_blocked, id=13680, stack(0x000000aad4900000,0x000000aad4a00000)]
  0x000001ab5974afc0 JavaThread "Asynchronous log dispatcher for DefaultDaemonConnection: socket connection from /127.0.0.1:50991 to /127.0.0.1:51066" [_thread_blocked, id=14092, stack(0x000000aad4c00000,0x000000aad4d00000)]
  0x000001ab5974d840 JavaThread "Stdin handler" [_thread_blocked, id=28896, stack(0x000000aad4d00000,0x000000aad4e00000)]
  0x000001ab5974ec80 JavaThread "Daemon client event forwarder" [_thread_blocked, id=12260, stack(0x000000aad4e00000,0x000000aad4f00000)]
  0x000001ab5974aab0 JavaThread "Cache worker for file hash cache (C:\Users\wldms\Desktop\프로젝트2차\NBE1_2_Team03\.gradle\8.10.1\fileHashes)" [_thread_blocked, id=8968, stack(0x000000aad4f00000,0x000000aad5000000)]
  0x000001ab59749160 JavaThread "Cache worker for Build Output Cleanup Cache (C:\Users\wldms\Desktop\프로젝트2차\NBE1_2_Team03\.gradle\buildOutputCleanup)" [_thread_blocked, id=29240, stack(0x000000aad5300000,0x000000aad5400000)]
  0x000001ab5974b4d0 JavaThread "Cache worker for checksums cache (C:\Users\wldms\Desktop\프로젝트2차\NBE1_2_Team03\.gradle\8.10.1\checksums)" [_thread_blocked, id=27128, stack(0x000000aad5400000,0x000000aad5500000)]
  0x000001ab5974e770 JavaThread "Cache worker for cache directory md-rule (C:\Users\wldms\.gradle\caches\8.10.1\md-rule)" [_thread_blocked, id=14540, stack(0x000000aad5500000,0x000000aad5600000)]
  0x000001ab5974ce20 JavaThread "Cache worker for cache directory md-supplier (C:\Users\wldms\.gradle\caches\8.10.1\md-supplier)" [_thread_blocked, id=22252, stack(0x000000aad5d00000,0x000000aad5e00000)]
  0x000001ab5974b9e0 JavaThread "Unconstrained build operations" [_thread_blocked, id=28240, stack(0x000000aad5e00000,0x000000aad5f00000)]
  0x000001ab59749b80 JavaThread "Unconstrained build operations Thread 2" [_thread_blocked, id=11320, stack(0x000000aad6600000,0x000000aad6700000)]
  0x000001ab5974f190 JavaThread "Unconstrained build operations Thread 3" [_thread_blocked, id=4712, stack(0x000000aad6700000,0x000000aad6800000)]
  0x000001ab5974c400 JavaThread "Unconstrained build operations Thread 4" [_thread_blocked, id=18424, stack(0x000000aad6800000,0x000000aad6900000)]
  0x000001ab5974dd50 JavaThread "Unconstrained build operations Thread 5" [_thread_blocked, id=8904, stack(0x000000aad6900000,0x000000aad6a00000)]
  0x000001ab59749670 JavaThread "Unconstrained build operations Thread 6" [_thread_blocked, id=21280, stack(0x000000aad6a00000,0x000000aad6b00000)]
  0x000001ab5974f6a0 JavaThread "Unconstrained build operations Thread 7" [_thread_blocked, id=11524, stack(0x000000aad6b00000,0x000000aad6c00000)]
  0x000001ab5974e260 JavaThread "Unconstrained build operations Thread 8" [_thread_blocked, id=1808, stack(0x000000aad6c00000,0x000000aad6d00000)]
  0x000001ab5974fbb0 JavaThread "Unconstrained build operations Thread 9" [_thread_blocked, id=26016, stack(0x000000aad6d00000,0x000000aad6e00000)]
  0x000001ab597500c0 JavaThread "Unconstrained build operations Thread 10" [_thread_blocked, id=19016, stack(0x000000aad6e00000,0x000000aad6f00000)]
  0x000001ab597505d0 JavaThread "Unconstrained build operations Thread 11" [_thread_blocked, id=8520, stack(0x000000aad6f00000,0x000000aad7000000)]
  0x000001ab5974a090 JavaThread "Unconstrained build operations Thread 12" [_thread_blocked, id=2996, stack(0x000000aad7000000,0x000000aad7100000)]
  0x000001ab597279f0 JavaThread "Unconstrained build operations Thread 13" [_thread_blocked, id=22924, stack(0x000000aad7100000,0x000000aad7200000)]
  0x000001ab597219c0 JavaThread "Unconstrained build operations Thread 14" [_thread_blocked, id=4160, stack(0x000000aad7200000,0x000000aad7300000)]
  0x000001ab59723d30 JavaThread "ForkJoinPool.commonPool-worker-12" daemon [_thread_blocked, id=17012, stack(0x000000aad7300000,0x000000aad7400000)]
  0x000001ab59728410 JavaThread "Unconstrained build operations Thread 15" [_thread_blocked, id=25188, stack(0x000000aad7700000,0x000000aad7800000)]
  0x000001ab59720fa0 JavaThread "Unconstrained build operations Thread 16" [_thread_blocked, id=26152, stack(0x000000aad7800000,0x000000aad7900000)]
  0x000001ab597260a0 JavaThread "Unconstrained build operations Thread 17" [_thread_blocked, id=25452, stack(0x000000aad7900000,0x000000aad7a00000)]
  0x000001ab59728920 JavaThread "Unconstrained build operations Thread 18" [_thread_blocked, id=23780, stack(0x000000aad7a00000,0x000000aad7b00000)]
  0x000001ab59721ed0 JavaThread "Unconstrained build operations Thread 19" [_thread_blocked, id=16844, stack(0x000000aad7b00000,0x000000aad7c00000)]
  0x000001ab597228f0 JavaThread "Unconstrained build operations Thread 20" [_thread_blocked, id=10688, stack(0x000000aad8100000,0x000000aad8200000)]
  0x000001ab59724750 JavaThread "Unconstrained build operations Thread 21" [_thread_blocked, id=27452, stack(0x000000aad8200000,0x000000aad8300000)]
  0x000001ab59724240 JavaThread "Unconstrained build operations Thread 22" [_thread_blocked, id=21352, stack(0x000000aad8300000,0x000000aad8400000)]
  0x000001ab59722e00 JavaThread "Unconstrained build operations Thread 23" [_thread_blocked, id=28584, stack(0x000000aad8400000,0x000000aad8500000)]
  0x000001ab59723310 JavaThread "Unconstrained build operations Thread 24" [_thread_blocked, id=24260, stack(0x000000aad8500000,0x000000aad8600000)]
  0x000001ab59724c60 JavaThread "Unconstrained build operations Thread 25" [_thread_blocked, id=10684, stack(0x000000aad8600000,0x000000aad8700000)]
  0x000001ab59725170 JavaThread "Unconstrained build operations Thread 26" [_thread_blocked, id=10844, stack(0x000000aad8700000,0x000000aad8800000)]
  0x000001ab59725680 JavaThread "Unconstrained build operations Thread 27" [_thread_blocked, id=11488, stack(0x000000aad8800000,0x000000aad8900000)]
  0x000001ab59725b90 JavaThread "Unconstrained build operations Thread 28" [_thread_blocked, id=17340, stack(0x000000aad8900000,0x000000aad8a00000)]
  0x000001ab597265b0 JavaThread "Unconstrained build operations Thread 29" [_thread_blocked, id=22688, stack(0x000000aad8a00000,0x000000aad8b00000)]
  0x000001ab59726ac0 JavaThread "Unconstrained build operations Thread 30" [_thread_blocked, id=23988, stack(0x000000aad8b00000,0x000000aad8c00000)]
  0x000001ab59726fd0 JavaThread "Unconstrained build operations Thread 31" [_thread_blocked, id=25436, stack(0x000000aad8c00000,0x000000aad8d00000)]
  0x000001ab597274e0 JavaThread "Unconstrained build operations Thread 32" [_thread_blocked, id=21684, stack(0x000000aad8d00000,0x000000aad8e00000)]
  0x000001ab57150380 JavaThread "Unconstrained build operations Thread 33" [_thread_blocked, id=11728, stack(0x000000aad8e00000,0x000000aad8f00000)]
  0x000001ab5714ef40 JavaThread "Unconstrained build operations Thread 34" [_thread_blocked, id=28644, stack(0x000000aad8f00000,0x000000aad9000000)]
  0x000001ab5714fe70 JavaThread "Unconstrained build operations Thread 35" [_thread_blocked, id=28288, stack(0x000000aad9000000,0x000000aad9100000)]
  0x000001ab5714f450 JavaThread "Unconstrained build operations Thread 36" [_thread_blocked, id=10748, stack(0x000000aad9100000,0x000000aad9200000)]
  0x000001ab57152c00 JavaThread "Unconstrained build operations Thread 37" [_thread_blocked, id=12500, stack(0x000000aad9200000,0x000000aad9300000)]
  0x000001ab571517c0 JavaThread "Unconstrained build operations Thread 38" [_thread_blocked, id=13484, stack(0x000000aad9300000,0x000000aad9400000)]
  0x000001ab5714d5f0 JavaThread "Unconstrained build operations Thread 39" [_thread_blocked, id=28340, stack(0x000000aad9400000,0x000000aad9500000)]
  0x000001ab5714d0e0 JavaThread "Unconstrained build operations Thread 40" [_thread_blocked, id=11388, stack(0x000000aad9500000,0x000000aad9600000)]
  0x000001ab5714ea30 JavaThread "Unconstrained build operations Thread 41" [_thread_blocked, id=28292, stack(0x000000aad9600000,0x000000aad9700000)]
  0x000001ab57151cd0 JavaThread "Unconstrained build operations Thread 42" [_thread_blocked, id=23108, stack(0x000000aad9700000,0x000000aad9800000)]
  0x000001ab571526f0 JavaThread "Unconstrained build operations Thread 43" [_thread_blocked, id=24724, stack(0x000000aad9800000,0x000000aad9900000)]
  0x000001ab57153110 JavaThread "Unconstrained build operations Thread 44" [_thread_blocked, id=22284, stack(0x000000aad9900000,0x000000aad9a00000)]
  0x000001ab57153620 JavaThread "Unconstrained build operations Thread 45" [_thread_blocked, id=3200, stack(0x000000aad9a00000,0x000000aad9b00000)]
  0x000001ab5714db00 JavaThread "Unconstrained build operations Thread 46" [_thread_blocked, id=23856, stack(0x000000aad9b00000,0x000000aad9c00000)]
  0x000001ab57153b30 JavaThread "Unconstrained build operations Thread 47" [_thread_blocked, id=19796, stack(0x000000aad9c00000,0x000000aad9d00000)]
  0x000001ab57154040 JavaThread "Unconstrained build operations Thread 48" [_thread_blocked, id=18372, stack(0x000000aad9d00000,0x000000aad9e00000)]
  0x000001ab57154550 JavaThread "Unconstrained build operations Thread 49" [_thread_blocked, id=10052, stack(0x000000aad9e00000,0x000000aad9f00000)]
  0x000001ab5714e010 JavaThread "Unconstrained build operations Thread 50" [_thread_blocked, id=28664, stack(0x000000aad9f00000,0x000000aada000000)]
  0x000001ab57154a60 JavaThread "Unconstrained build operations Thread 51" [_thread_blocked, id=25016, stack(0x000000aada000000,0x000000aada100000)]
  0x000001ab584a7b00 JavaThread "Unconstrained build operations Thread 52" [_thread_blocked, id=1700, stack(0x000000aada100000,0x000000aada200000)]
  0x000001ab584aa380 JavaThread "Unconstrained build operations Thread 53" [_thread_blocked, id=5160, stack(0x000000aada200000,0x000000aada300000)]
  0x000001ab584a8520 JavaThread "Unconstrained build operations Thread 54" [_thread_blocked, id=12176, stack(0x000000aada300000,0x000000aada400000)]
  0x000001ab584a70e0 JavaThread "Unconstrained build operations Thread 55" [_thread_blocked, id=22392, stack(0x000000aada400000,0x000000aada500000)]
  0x000001ab584a61b0 JavaThread "Unconstrained build operations Thread 56" [_thread_blocked, id=2796, stack(0x000000aada500000,0x000000aada600000)]
  0x000001ab584a4860 JavaThread "Unconstrained build operations Thread 57" [_thread_blocked, id=10496, stack(0x000000aada600000,0x000000aada700000)]
  0x000001ab584a8a30 JavaThread "Unconstrained build operations Thread 58" [_thread_blocked, id=7040, stack(0x000000aada700000,0x000000aada800000)]

Other Threads:
  0x000001ab3b4654a0 VMThread "VM Thread" [stack: 0x000000aad3400000,0x000000aad3500000] [id=19400]
  0x000001ab1ec5ed90 WatcherThread [stack: 0x000000aad4000000,0x000000aad4100000] [id=5428]
  0x000001ab1ec478f0 GCTaskThread "GC Thread#0" [stack: 0x000000aad2f00000,0x000000aad3000000] [id=26148]
  0x000001ab3b8b8090 GCTaskThread "GC Thread#1" [stack: 0x000000aad4100000,0x000000aad4200000] [id=27560]
  0x000001ab550c98a0 GCTaskThread "GC Thread#2" [stack: 0x000000aad4200000,0x000000aad4300000] [id=18168]
  0x000001ab55205b90 GCTaskThread "GC Thread#3" [stack: 0x000000aad4300000,0x000000aad4400000] [id=3732]
  0x000001ab55205e50 GCTaskThread "GC Thread#4" [stack: 0x000000aad4400000,0x000000aad4500000] [id=21256]
  0x000001ab551fc5f0 GCTaskThread "GC Thread#5" [stack: 0x000000aad4500000,0x000000aad4600000] [id=24840]
  0x000001ab57929b50 GCTaskThread "GC Thread#6" [stack: 0x000000aad5700000,0x000000aad5800000] [id=22744]
  0x000001ab56496b00 GCTaskThread "GC Thread#7" [stack: 0x000000aad5800000,0x000000aad5900000] [id=13148]
  0x000001ab1ea9e8a0 ConcurrentGCThread "G1 Main Marker" [stack: 0x000000aad3000000,0x000000aad3100000] [id=10988]
  0x000001ab1ec4a070 ConcurrentGCThread "G1 Conc#0" [stack: 0x000000aad3100000,0x000000aad3200000] [id=24640]
  0x000001ab57422500 ConcurrentGCThread "G1 Conc#1" [stack: 0x000000aad5900000,0x000000aad5a00000] [id=23244]
  0x000001ab3b32a500 ConcurrentGCThread "G1 Refine#0" [stack: 0x000000aad3200000,0x000000aad3300000] [id=20220]
  0x000001ab572d71b0 ConcurrentGCThread "G1 Refine#1" [stack: 0x000000aad7d00000,0x000000aad7e00000] [id=1264]
  0x000001ab5643e930 ConcurrentGCThread "G1 Refine#2" [stack: 0x000000aadc400000,0x000000aadc500000] [id=17644]
  0x000001ab5743ac40 ConcurrentGCThread "G1 Refine#3" [stack: 0x000000aadc500000,0x000000aadc600000] [id=28688]
  0x000001ab3b32ad40 ConcurrentGCThread "G1 Service" [stack: 0x000000aad3300000,0x000000aad3400000] [id=24692]

Threads with active compile tasks:
C2 CompilerThread0   379959 12141       4       io.spring.gradle.dependencymanagement.org.apache.maven.model.io.xpp3.MavenXpp3Reader::parsePlugin (519 bytes)

VM state: not at safepoint (normal execution)

VM Mutex/Monitor currently owned by a thread: None

Heap address: 0x00000000e0000000, size: 512 MB, Compressed Oops mode: 32-bit

CDS archive(s) mapped at: [0x000001ab3c000000-0x000001ab3cbd0000-0x000001ab3cbd0000), size 12386304, SharedBaseAddress: 0x000001ab3c000000, ArchiveRelocationMode: 1.
Compressed class space mapped at: 0x000001ab3d000000-0x000001ab51000000, reserved size: 335544320
Narrow klass base: 0x000001ab3c000000, Narrow klass shift: 0, Narrow klass range: 0x100000000

GC Precious Log:
 CPUs: 8 total, 8 available
 Memory: 7986M
 Large Page Support: Disabled
 NUMA Support: Disabled
 Compressed Oops: Enabled (32-bit)
 Heap Region Size: 1M
 Heap Min Capacity: 256M
 Heap Initial Capacity: 256M
 Heap Max Capacity: 512M
 Pre-touch: Disabled
 Parallel Workers: 8
 Concurrent Workers: 2
 Concurrent Refinement Workers: 8
 Periodic GC: Disabled

Heap:
 garbage-first heap   total 262144K, used 137214K [0x00000000e0000000, 0x0000000100000000)
  region size 1024K, 84 young (86016K), 19 survivors (19456K)
 Metaspace       used 58775K, committed 59520K, reserved 393216K
  class space    used 8123K, committed 8448K, reserved 327680K

Heap Regions: E=young(eden), S=young(survivor), O=old, HS=humongous(starts), HC=humongous(continues), CS=collection set, F=free, OA=open archive, CA=closed archive, TAMS=top-at-mark-start (previous, next)
|   0|0x00000000e0000000, 0x00000000e0100000, 0x00000000e0100000|100%| O|  |TAMS 0x00000000e0100000, 0x00000000e0000000| Untracked 
|   1|0x00000000e0100000, 0x00000000e0200000, 0x00000000e0200000|100%| O|  |TAMS 0x00000000e0200000, 0x00000000e0100000| Untracked 
|   2|0x00000000e0200000, 0x00000000e0300000, 0x00000000e0300000|100%|HS|  |TAMS 0x00000000e0300000, 0x00000000e0200000| Complete 
|   3|0x00000000e0300000, 0x00000000e0400000, 0x00000000e0400000|100%|HC|  |TAMS 0x00000000e0400000, 0x00000000e0300000| Complete 
|   4|0x00000000e0400000, 0x00000000e0500000, 0x00000000e0500000|100%|HC|  |TAMS 0x00000000e0500000, 0x00000000e0400000| Complete 
|   5|0x00000000e0500000, 0x00000000e0600000, 0x00000000e0600000|100%|HC|  |TAMS 0x00000000e0600000, 0x00000000e0500000| Complete 
|   6|0x00000000e0600000, 0x00000000e0700000, 0x00000000e0700000|100%| O|  |TAMS 0x00000000e0700000, 0x00000000e0600000| Untracked 
|   7|0x00000000e0700000, 0x00000000e0800000, 0x00000000e0800000|100%| O|  |TAMS 0x00000000e0800000, 0x00000000e0700000| Untracked 
|   8|0x00000000e0800000, 0x00000000e0900000, 0x00000000e0900000|100%| O|  |TAMS 0x00000000e0900000, 0x00000000e0800000| Untracked 
|   9|0x00000000e0900000, 0x00000000e0a00000, 0x00000000e0a00000|100%|HS|  |TAMS 0x00000000e0a00000, 0x00000000e0900000| Complete 
|  10|0x00000000e0a00000, 0x00000000e0b00000, 0x00000000e0b00000|100%| O|  |TAMS 0x00000000e0a00000, 0x00000000e0a00000| Untracked 
|  11|0x00000000e0b00000, 0x00000000e0c00000, 0x00000000e0c00000|100%| O|  |TAMS 0x00000000e0c00000, 0x00000000e0b00000| Untracked 
|  12|0x00000000e0c00000, 0x00000000e0d00000, 0x00000000e0d00000|100%| O|  |TAMS 0x00000000e0d00000, 0x00000000e0c00000| Untracked 
|  13|0x00000000e0d00000, 0x00000000e0e00000, 0x00000000e0e00000|100%| O|  |TAMS 0x00000000e0dafc00, 0x00000000e0d00000| Untracked 
|  14|0x00000000e0e00000, 0x00000000e0f00000, 0x00000000e0f00000|100%| O|  |TAMS 0x00000000e0e00000, 0x00000000e0e00000| Untracked 
|  15|0x00000000e0f00000, 0x00000000e1000000, 0x00000000e1000000|100%| O|  |TAMS 0x00000000e0f00000, 0x00000000e0f00000| Untracked 
|  16|0x00000000e1000000, 0x00000000e1100000, 0x00000000e1100000|100%| O|  |TAMS 0x00000000e1000000, 0x00000000e1000000| Untracked 
|  17|0x00000000e1100000, 0x00000000e1200000, 0x00000000e1200000|100%| O|  |TAMS 0x00000000e1100000, 0x00000000e1100000| Untracked 
|  18|0x00000000e1200000, 0x00000000e1300000, 0x00000000e1300000|100%| O|  |TAMS 0x00000000e1200000, 0x00000000e1200000| Untracked 
|  19|0x00000000e1300000, 0x00000000e1400000, 0x00000000e1400000|100%| O|  |TAMS 0x00000000e1300000, 0x00000000e1300000| Untracked 
|  20|0x00000000e1400000, 0x00000000e1500000, 0x00000000e1500000|100%| O|  |TAMS 0x00000000e1400000, 0x00000000e1400000| Untracked 
|  21|0x00000000e1500000, 0x00000000e1600000, 0x00000000e1600000|100%| O|  |TAMS 0x00000000e1500000, 0x00000000e1500000| Untracked 
|  22|0x00000000e1600000, 0x00000000e1700000, 0x00000000e1700000|100%| O|  |TAMS 0x00000000e1600000, 0x00000000e1600000| Untracked 
|  23|0x00000000e1700000, 0x00000000e1800000, 0x00000000e1800000|100%| O|  |TAMS 0x00000000e1700000, 0x00000000e1700000| Untracked 
|  24|0x00000000e1800000, 0x00000000e1900000, 0x00000000e1900000|100%| O|  |TAMS 0x00000000e1800000, 0x00000000e1800000| Untracked 
|  25|0x00000000e1900000, 0x00000000e1a00000, 0x00000000e1a00000|100%| O|  |TAMS 0x00000000e1900000, 0x00000000e1900000| Untracked 
|  26|0x00000000e1a00000, 0x00000000e1b00000, 0x00000000e1b00000|100%| O|  |TAMS 0x00000000e1a00000, 0x00000000e1a00000| Untracked 
|  27|0x00000000e1b00000, 0x00000000e1c00000, 0x00000000e1c00000|100%| O|  |TAMS 0x00000000e1b00000, 0x00000000e1b00000| Untracked 
|  28|0x00000000e1c00000, 0x00000000e1d00000, 0x00000000e1d00000|100%| O|  |TAMS 0x00000000e1c00000, 0x00000000e1c00000| Untracked 
|  29|0x00000000e1d00000, 0x00000000e1e00000, 0x00000000e1e00000|100%| O|  |TAMS 0x00000000e1d00000, 0x00000000e1d00000| Untracked 
|  30|0x00000000e1e00000, 0x00000000e1f00000, 0x00000000e1f00000|100%| O|  |TAMS 0x00000000e1e00000, 0x00000000e1e00000| Untracked 
|  31|0x00000000e1f00000, 0x00000000e2000000, 0x00000000e2000000|100%| O|  |TAMS 0x00000000e1f00000, 0x00000000e1f00000| Untracked 
|  32|0x00000000e2000000, 0x00000000e2100000, 0x00000000e2100000|100%| O|  |TAMS 0x00000000e2000000, 0x00000000e2000000| Untracked 
|  33|0x00000000e2100000, 0x00000000e2200000, 0x00000000e2200000|100%| O|  |TAMS 0x00000000e2100000, 0x00000000e2100000| Untracked 
|  34|0x00000000e2200000, 0x00000000e2300000, 0x00000000e2300000|100%| O|  |TAMS 0x00000000e2200000, 0x00000000e2200000| Untracked 
|  35|0x00000000e2300000, 0x00000000e2400000, 0x00000000e2400000|100%| O|  |TAMS 0x00000000e2300000, 0x00000000e2300000| Untracked 
|  36|0x00000000e2400000, 0x00000000e2500000, 0x00000000e2500000|100%| O|  |TAMS 0x00000000e2400000, 0x00000000e2400000| Untracked 
|  37|0x00000000e2500000, 0x00000000e2600000, 0x00000000e2600000|100%| O|  |TAMS 0x00000000e2500000, 0x00000000e2500000| Untracked 
|  38|0x00000000e2600000, 0x00000000e2700000, 0x00000000e2700000|100%| O|  |TAMS 0x00000000e2600000, 0x00000000e2600000| Untracked 
|  39|0x00000000e2700000, 0x00000000e2800000, 0x00000000e2800000|100%| O|  |TAMS 0x00000000e2700000, 0x00000000e2700000| Untracked 
|  40|0x00000000e2800000, 0x00000000e2900000, 0x00000000e2900000|100%| O|  |TAMS 0x00000000e2800000, 0x00000000e2800000| Untracked 
|  41|0x00000000e2900000, 0x00000000e2a00000, 0x00000000e2a00000|100%| O|  |TAMS 0x00000000e2900000, 0x00000000e2900000| Untracked 
|  42|0x00000000e2a00000, 0x00000000e2b00000, 0x00000000e2b00000|100%| O|  |TAMS 0x00000000e2a00000, 0x00000000e2a00000| Untracked 
|  43|0x00000000e2b00000, 0x00000000e2c00000, 0x00000000e2c00000|100%| O|  |TAMS 0x00000000e2b00000, 0x00000000e2b00000| Untracked 
|  44|0x00000000e2c00000, 0x00000000e2d00000, 0x00000000e2d00000|100%| O|  |TAMS 0x00000000e2c00000, 0x00000000e2c00000| Untracked 
|  45|0x00000000e2d00000, 0x00000000e2e00000, 0x00000000e2e00000|100%| O|  |TAMS 0x00000000e2d00000, 0x00000000e2d00000| Untracked 
|  46|0x00000000e2e00000, 0x00000000e2f00000, 0x00000000e2f00000|100%| O|  |TAMS 0x00000000e2e00000, 0x00000000e2e00000| Untracked 
|  47|0x00000000e2f00000, 0x00000000e3000000, 0x00000000e3000000|100%| O|  |TAMS 0x00000000e2f00000, 0x00000000e2f00000| Untracked 
|  48|0x00000000e3000000, 0x00000000e3100000, 0x00000000e3100000|100%| O|  |TAMS 0x00000000e3000000, 0x00000000e3000000| Untracked 
|  49|0x00000000e3100000, 0x00000000e3200000, 0x00000000e3200000|100%| O|  |TAMS 0x00000000e3100000, 0x00000000e3100000| Untracked 
|  50|0x00000000e3200000, 0x00000000e32ff800, 0x00000000e3300000| 99%| O|  |TAMS 0x00000000e3200000, 0x00000000e3200000| Untracked 
|  51|0x00000000e3300000, 0x00000000e3300000, 0x00000000e3400000|  0%| F|  |TAMS 0x00000000e3300000, 0x00000000e3300000| Untracked 
|  52|0x00000000e3400000, 0x00000000e3400000, 0x00000000e3500000|  0%| F|  |TAMS 0x00000000e3400000, 0x00000000e3400000| Untracked 
|  53|0x00000000e3500000, 0x00000000e3500000, 0x00000000e3600000|  0%| F|  |TAMS 0x00000000e3500000, 0x00000000e3500000| Untracked 
|  54|0x00000000e3600000, 0x00000000e3600000, 0x00000000e3700000|  0%| F|  |TAMS 0x00000000e3600000, 0x00000000e3600000| Untracked 
|  55|0x00000000e3700000, 0x00000000e3700000, 0x00000000e3800000|  0%| F|  |TAMS 0x00000000e3700000, 0x00000000e3700000| Untracked 
|  56|0x00000000e3800000, 0x00000000e3800000, 0x00000000e3900000|  0%| F|  |TAMS 0x00000000e3800000, 0x00000000e3800000| Untracked 
|  57|0x00000000e3900000, 0x00000000e3900000, 0x00000000e3a00000|  0%| F|  |TAMS 0x00000000e3900000, 0x00000000e3900000| Untracked 
|  58|0x00000000e3a00000, 0x00000000e3a00000, 0x00000000e3b00000|  0%| F|  |TAMS 0x00000000e3a00000, 0x00000000e3a00000| Untracked 
|  59|0x00000000e3b00000, 0x00000000e3b00000, 0x00000000e3c00000|  0%| F|  |TAMS 0x00000000e3b00000, 0x00000000e3b00000| Untracked 
|  60|0x00000000e3c00000, 0x00000000e3c00000, 0x00000000e3d00000|  0%| F|  |TAMS 0x00000000e3c00000, 0x00000000e3c00000| Untracked 
|  61|0x00000000e3d00000, 0x00000000e3d00000, 0x00000000e3e00000|  0%| F|  |TAMS 0x00000000e3d00000, 0x00000000e3d00000| Untracked 
|  62|0x00000000e3e00000, 0x00000000e3e00000, 0x00000000e3f00000|  0%| F|  |TAMS 0x00000000e3e00000, 0x00000000e3e00000| Untracked 
|  63|0x00000000e3f00000, 0x00000000e3f00000, 0x00000000e4000000|  0%| F|  |TAMS 0x00000000e3f00000, 0x00000000e3f00000| Untracked 
|  64|0x00000000e4000000, 0x00000000e4000000, 0x00000000e4100000|  0%| F|  |TAMS 0x00000000e4000000, 0x00000000e4000000| Untracked 
|  65|0x00000000e4100000, 0x00000000e4100000, 0x00000000e4200000|  0%| F|  |TAMS 0x00000000e4100000, 0x00000000e4100000| Untracked 
|  66|0x00000000e4200000, 0x00000000e4200000, 0x00000000e4300000|  0%| F|  |TAMS 0x00000000e4200000, 0x00000000e4200000| Untracked 
|  67|0x00000000e4300000, 0x00000000e4300000, 0x00000000e4400000|  0%| F|  |TAMS 0x00000000e4300000, 0x00000000e4300000| Untracked 
|  68|0x00000000e4400000, 0x00000000e4400000, 0x00000000e4500000|  0%| F|  |TAMS 0x00000000e4400000, 0x00000000e4400000| Untracked 
|  69|0x00000000e4500000, 0x00000000e4500000, 0x00000000e4600000|  0%| F|  |TAMS 0x00000000e4500000, 0x00000000e4500000| Untracked 
|  70|0x00000000e4600000, 0x00000000e4600000, 0x00000000e4700000|  0%| F|  |TAMS 0x00000000e4600000, 0x00000000e4600000| Untracked 
|  71|0x00000000e4700000, 0x00000000e4700000, 0x00000000e4800000|  0%| F|  |TAMS 0x00000000e4700000, 0x00000000e4700000| Untracked 
|  72|0x00000000e4800000, 0x00000000e4800000, 0x00000000e4900000|  0%| F|  |TAMS 0x00000000e4800000, 0x00000000e4800000| Untracked 
|  73|0x00000000e4900000, 0x00000000e4900000, 0x00000000e4a00000|  0%| F|  |TAMS 0x00000000e4900000, 0x00000000e4900000| Untracked 
|  74|0x00000000e4a00000, 0x00000000e4a00000, 0x00000000e4b00000|  0%| F|  |TAMS 0x00000000e4a00000, 0x00000000e4a00000| Untracked 
|  75|0x00000000e4b00000, 0x00000000e4b00000, 0x00000000e4c00000|  0%| F|  |TAMS 0x00000000e4b00000, 0x00000000e4b00000| Untracked 
|  76|0x00000000e4c00000, 0x00000000e4c00000, 0x00000000e4d00000|  0%| F|  |TAMS 0x00000000e4c00000, 0x00000000e4c00000| Untracked 
|  77|0x00000000e4d00000, 0x00000000e4d00000, 0x00000000e4e00000|  0%| F|  |TAMS 0x00000000e4d00000, 0x00000000e4d00000| Untracked 
|  78|0x00000000e4e00000, 0x00000000e4e00000, 0x00000000e4f00000|  0%| F|  |TAMS 0x00000000e4e00000, 0x00000000e4e00000| Untracked 
|  79|0x00000000e4f00000, 0x00000000e4f00000, 0x00000000e5000000|  0%| F|  |TAMS 0x00000000e4f00000, 0x00000000e4f00000| Untracked 
|  80|0x00000000e5000000, 0x00000000e5000000, 0x00000000e5100000|  0%| F|  |TAMS 0x00000000e5000000, 0x00000000e5000000| Untracked 
|  81|0x00000000e5100000, 0x00000000e5100000, 0x00000000e5200000|  0%| F|  |TAMS 0x00000000e5100000, 0x00000000e5100000| Untracked 
|  82|0x00000000e5200000, 0x00000000e5200000, 0x00000000e5300000|  0%| F|  |TAMS 0x00000000e5200000, 0x00000000e5200000| Untracked 
|  83|0x00000000e5300000, 0x00000000e5300000, 0x00000000e5400000|  0%| F|  |TAMS 0x00000000e5300000, 0x00000000e5300000| Untracked 
|  84|0x00000000e5400000, 0x00000000e5400000, 0x00000000e5500000|  0%| F|  |TAMS 0x00000000e5400000, 0x00000000e5400000| Untracked 
|  85|0x00000000e5500000, 0x00000000e5500000, 0x00000000e5600000|  0%| F|  |TAMS 0x00000000e5500000, 0x00000000e5500000| Untracked 
|  86|0x00000000e5600000, 0x00000000e5700000, 0x00000000e5700000|100%| S|CS|TAMS 0x00000000e5600000, 0x00000000e5600000| Complete 
|  87|0x00000000e5700000, 0x00000000e5800000, 0x00000000e5800000|100%| S|CS|TAMS 0x00000000e5700000, 0x00000000e5700000| Complete 
|  88|0x00000000e5800000, 0x00000000e5900000, 0x00000000e5900000|100%| S|CS|TAMS 0x00000000e5800000, 0x00000000e5800000| Complete 
|  89|0x00000000e5900000, 0x00000000e5a00000, 0x00000000e5a00000|100%| S|CS|TAMS 0x00000000e5900000, 0x00000000e5900000| Complete 
|  90|0x00000000e5a00000, 0x00000000e5b00000, 0x00000000e5b00000|100%| S|CS|TAMS 0x00000000e5a00000, 0x00000000e5a00000| Complete 
|  91|0x00000000e5b00000, 0x00000000e5c00000, 0x00000000e5c00000|100%| S|CS|TAMS 0x00000000e5b00000, 0x00000000e5b00000| Complete 
|  92|0x00000000e5c00000, 0x00000000e5d00000, 0x00000000e5d00000|100%| S|CS|TAMS 0x00000000e5c00000, 0x00000000e5c00000| Complete 
|  93|0x00000000e5d00000, 0x00000000e5e00000, 0x00000000e5e00000|100%| S|CS|TAMS 0x00000000e5d00000, 0x00000000e5d00000| Complete 
|  94|0x00000000e5e00000, 0x00000000e5f00000, 0x00000000e5f00000|100%| S|CS|TAMS 0x00000000e5e00000, 0x00000000e5e00000| Complete 
|  95|0x00000000e5f00000, 0x00000000e6000000, 0x00000000e6000000|100%| S|CS|TAMS 0x00000000e5f00000, 0x00000000e5f00000| Complete 
|  96|0x00000000e6000000, 0x00000000e6100000, 0x00000000e6100000|100%| S|CS|TAMS 0x00000000e6000000, 0x00000000e6000000| Complete 
|  97|0x00000000e6100000, 0x00000000e6200000, 0x00000000e6200000|100%| S|CS|TAMS 0x00000000e6100000, 0x00000000e6100000| Complete 
|  98|0x00000000e6200000, 0x00000000e6300000, 0x00000000e6300000|100%| S|CS|TAMS 0x00000000e6200000, 0x00000000e6200000| Complete 
|  99|0x00000000e6300000, 0x00000000e6300000, 0x00000000e6400000|  0%| F|  |TAMS 0x00000000e6300000, 0x00000000e6300000| Untracked 
| 100|0x00000000e6400000, 0x00000000e6400000, 0x00000000e6500000|  0%| F|  |TAMS 0x00000000e6400000, 0x00000000e6400000| Untracked 
| 101|0x00000000e6500000, 0x00000000e6500000, 0x00000000e6600000|  0%| F|  |TAMS 0x00000000e6500000, 0x00000000e6500000| Untracked 
| 102|0x00000000e6600000, 0x00000000e6600000, 0x00000000e6700000|  0%| F|  |TAMS 0x00000000e6600000, 0x00000000e6600000| Untracked 
| 103|0x00000000e6700000, 0x00000000e6800000, 0x00000000e6800000|100%| S|CS|TAMS 0x00000000e6700000, 0x00000000e6700000| Complete 
| 104|0x00000000e6800000, 0x00000000e6900000, 0x00000000e6900000|100%| S|CS|TAMS 0x00000000e6800000, 0x00000000e6800000| Complete 
| 105|0x00000000e6900000, 0x00000000e6a00000, 0x00000000e6a00000|100%| S|CS|TAMS 0x00000000e6900000, 0x00000000e6900000| Complete 
| 106|0x00000000e6a00000, 0x00000000e6b00000, 0x00000000e6b00000|100%| S|CS|TAMS 0x00000000e6a00000, 0x00000000e6a00000| Complete 
| 107|0x00000000e6b00000, 0x00000000e6c00000, 0x00000000e6c00000|100%| S|CS|TAMS 0x00000000e6b00000, 0x00000000e6b00000| Complete 
| 108|0x00000000e6c00000, 0x00000000e6d00000, 0x00000000e6d00000|100%| S|CS|TAMS 0x00000000e6c00000, 0x00000000e6c00000| Complete 
| 109|0x00000000e6d00000, 0x00000000e6d00000, 0x00000000e6e00000|  0%| F|  |TAMS 0x00000000e6d00000, 0x00000000e6d00000| Untracked 
| 110|0x00000000e6e00000, 0x00000000e6e00000, 0x00000000e6f00000|  0%| F|  |TAMS 0x00000000e6e00000, 0x00000000e6e00000| Untracked 
| 111|0x00000000e6f00000, 0x00000000e6f00000, 0x00000000e7000000|  0%| F|  |TAMS 0x00000000e6f00000, 0x00000000e6f00000| Untracked 
| 112|0x00000000e7000000, 0x00000000e7000000, 0x00000000e7100000|  0%| F|  |TAMS 0x00000000e7000000, 0x00000000e7000000| Untracked 
| 113|0x00000000e7100000, 0x00000000e7100000, 0x00000000e7200000|  0%| F|  |TAMS 0x00000000e7100000, 0x00000000e7100000| Untracked 
| 114|0x00000000e7200000, 0x00000000e7200000, 0x00000000e7300000|  0%| F|  |TAMS 0x00000000e7200000, 0x00000000e7200000| Untracked 
| 115|0x00000000e7300000, 0x00000000e7300000, 0x00000000e7400000|  0%| F|  |TAMS 0x00000000e7300000, 0x00000000e7300000| Untracked 
| 116|0x00000000e7400000, 0x00000000e7400000, 0x00000000e7500000|  0%| F|  |TAMS 0x00000000e7400000, 0x00000000e7400000| Untracked 
| 117|0x00000000e7500000, 0x00000000e7500000, 0x00000000e7600000|  0%| F|  |TAMS 0x00000000e7500000, 0x00000000e7500000| Untracked 
| 118|0x00000000e7600000, 0x00000000e7600000, 0x00000000e7700000|  0%| F|  |TAMS 0x00000000e7600000, 0x00000000e7600000| Untracked 
| 119|0x00000000e7700000, 0x00000000e7700000, 0x00000000e7800000|  0%| F|  |TAMS 0x00000000e7700000, 0x00000000e7700000| Untracked 
| 120|0x00000000e7800000, 0x00000000e7800000, 0x00000000e7900000|  0%| F|  |TAMS 0x00000000e7800000, 0x00000000e7800000| Untracked 
| 121|0x00000000e7900000, 0x00000000e7900000, 0x00000000e7a00000|  0%| F|  |TAMS 0x00000000e7900000, 0x00000000e7900000| Untracked 
| 122|0x00000000e7a00000, 0x00000000e7a00000, 0x00000000e7b00000|  0%| F|  |TAMS 0x00000000e7a00000, 0x00000000e7a00000| Untracked 
| 123|0x00000000e7b00000, 0x00000000e7b00000, 0x00000000e7c00000|  0%| F|  |TAMS 0x00000000e7b00000, 0x00000000e7b00000| Untracked 
| 124|0x00000000e7c00000, 0x00000000e7c00000, 0x00000000e7d00000|  0%| F|  |TAMS 0x00000000e7c00000, 0x00000000e7c00000| Untracked 
| 125|0x00000000e7d00000, 0x00000000e7d00000, 0x00000000e7e00000|  0%| F|  |TAMS 0x00000000e7d00000, 0x00000000e7d00000| Untracked 
| 126|0x00000000e7e00000, 0x00000000e7e00000, 0x00000000e7f00000|  0%| F|  |TAMS 0x00000000e7e00000, 0x00000000e7e00000| Untracked 
| 127|0x00000000e7f00000, 0x00000000e7f00000, 0x00000000e8000000|  0%| F|  |TAMS 0x00000000e7f00000, 0x00000000e7f00000| Untracked 
| 128|0x00000000e8000000, 0x00000000e8000000, 0x00000000e8100000|  0%| F|  |TAMS 0x00000000e8000000, 0x00000000e8000000| Untracked 
| 129|0x00000000e8100000, 0x00000000e8100000, 0x00000000e8200000|  0%| F|  |TAMS 0x00000000e8100000, 0x00000000e8100000| Untracked 
| 130|0x00000000e8200000, 0x00000000e8200000, 0x00000000e8300000|  0%| F|  |TAMS 0x00000000e8200000, 0x00000000e8200000| Untracked 
| 131|0x00000000e8300000, 0x00000000e8300000, 0x00000000e8400000|  0%| F|  |TAMS 0x00000000e8300000, 0x00000000e8300000| Untracked 
| 132|0x00000000e8400000, 0x00000000e8400000, 0x00000000e8500000|  0%| F|  |TAMS 0x00000000e8400000, 0x00000000e8400000| Untracked 
| 133|0x00000000e8500000, 0x00000000e8500000, 0x00000000e8600000|  0%| F|  |TAMS 0x00000000e8500000, 0x00000000e8500000| Untracked 
| 134|0x00000000e8600000, 0x00000000e8600000, 0x00000000e8700000|  0%| F|  |TAMS 0x00000000e8600000, 0x00000000e8600000| Untracked 
| 135|0x00000000e8700000, 0x00000000e8700000, 0x00000000e8800000|  0%| F|  |TAMS 0x00000000e8700000, 0x00000000e8700000| Untracked 
| 136|0x00000000e8800000, 0x00000000e8800000, 0x00000000e8900000|  0%| F|  |TAMS 0x00000000e8800000, 0x00000000e8800000| Untracked 
| 137|0x00000000e8900000, 0x00000000e8900000, 0x00000000e8a00000|  0%| F|  |TAMS 0x00000000e8900000, 0x00000000e8900000| Untracked 
| 138|0x00000000e8a00000, 0x00000000e8a00000, 0x00000000e8b00000|  0%| F|  |TAMS 0x00000000e8a00000, 0x00000000e8a00000| Untracked 
| 139|0x00000000e8b00000, 0x00000000e8b00000, 0x00000000e8c00000|  0%| F|  |TAMS 0x00000000e8b00000, 0x00000000e8b00000| Untracked 
| 140|0x00000000e8c00000, 0x00000000e8c00000, 0x00000000e8d00000|  0%| F|  |TAMS 0x00000000e8c00000, 0x00000000e8c00000| Untracked 
| 141|0x00000000e8d00000, 0x00000000e8d00000, 0x00000000e8e00000|  0%| F|  |TAMS 0x00000000e8d00000, 0x00000000e8d00000| Untracked 
| 142|0x00000000e8e00000, 0x00000000e8e00000, 0x00000000e8f00000|  0%| F|  |TAMS 0x00000000e8e00000, 0x00000000e8e00000| Untracked 
| 143|0x00000000e8f00000, 0x00000000e8f00000, 0x00000000e9000000|  0%| F|  |TAMS 0x00000000e8f00000, 0x00000000e8f00000| Untracked 
| 144|0x00000000e9000000, 0x00000000e9000000, 0x00000000e9100000|  0%| F|  |TAMS 0x00000000e9000000, 0x00000000e9000000| Untracked 
| 145|0x00000000e9100000, 0x00000000e9100000, 0x00000000e9200000|  0%| F|  |TAMS 0x00000000e9100000, 0x00000000e9100000| Untracked 
| 146|0x00000000e9200000, 0x00000000e9200000, 0x00000000e9300000|  0%| F|  |TAMS 0x00000000e9200000, 0x00000000e9200000| Untracked 
| 147|0x00000000e9300000, 0x00000000e9300000, 0x00000000e9400000|  0%| F|  |TAMS 0x00000000e9300000, 0x00000000e9300000| Untracked 
| 148|0x00000000e9400000, 0x00000000e9400000, 0x00000000e9500000|  0%| F|  |TAMS 0x00000000e9400000, 0x00000000e9400000| Untracked 
| 149|0x00000000e9500000, 0x00000000e9500000, 0x00000000e9600000|  0%| F|  |TAMS 0x00000000e9500000, 0x00000000e9500000| Untracked 
| 150|0x00000000e9600000, 0x00000000e9600000, 0x00000000e9700000|  0%| F|  |TAMS 0x00000000e9600000, 0x00000000e9600000| Untracked 
| 151|0x00000000e9700000, 0x00000000e9700000, 0x00000000e9800000|  0%| F|  |TAMS 0x00000000e9700000, 0x00000000e9700000| Untracked 
| 152|0x00000000e9800000, 0x00000000e9800000, 0x00000000e9900000|  0%| F|  |TAMS 0x00000000e9800000, 0x00000000e9800000| Untracked 
| 153|0x00000000e9900000, 0x00000000e9900000, 0x00000000e9a00000|  0%| F|  |TAMS 0x00000000e9900000, 0x00000000e9900000| Untracked 
| 154|0x00000000e9a00000, 0x00000000e9a00000, 0x00000000e9b00000|  0%| F|  |TAMS 0x00000000e9a00000, 0x00000000e9a00000| Untracked 
| 155|0x00000000e9b00000, 0x00000000e9b00000, 0x00000000e9c00000|  0%| F|  |TAMS 0x00000000e9b00000, 0x00000000e9b00000| Untracked 
| 156|0x00000000e9c00000, 0x00000000e9c00000, 0x00000000e9d00000|  0%| F|  |TAMS 0x00000000e9c00000, 0x00000000e9c00000| Untracked 
| 157|0x00000000e9d00000, 0x00000000e9d00000, 0x00000000e9e00000|  0%| F|  |TAMS 0x00000000e9d00000, 0x00000000e9d00000| Untracked 
| 158|0x00000000e9e00000, 0x00000000e9e00000, 0x00000000e9f00000|  0%| F|  |TAMS 0x00000000e9e00000, 0x00000000e9e00000| Untracked 
| 159|0x00000000e9f00000, 0x00000000e9f00000, 0x00000000ea000000|  0%| F|  |TAMS 0x00000000e9f00000, 0x00000000e9f00000| Untracked 
| 160|0x00000000ea000000, 0x00000000ea000000, 0x00000000ea100000|  0%| F|  |TAMS 0x00000000ea000000, 0x00000000ea000000| Untracked 
| 161|0x00000000ea100000, 0x00000000ea100000, 0x00000000ea200000|  0%| F|  |TAMS 0x00000000ea100000, 0x00000000ea100000| Untracked 
| 162|0x00000000ea200000, 0x00000000ea200000, 0x00000000ea300000|  0%| F|  |TAMS 0x00000000ea200000, 0x00000000ea200000| Untracked 
| 163|0x00000000ea300000, 0x00000000ea300000, 0x00000000ea400000|  0%| F|  |TAMS 0x00000000ea300000, 0x00000000ea300000| Untracked 
| 164|0x00000000ea400000, 0x00000000ea400000, 0x00000000ea500000|  0%| F|  |TAMS 0x00000000ea400000, 0x00000000ea400000| Untracked 
| 165|0x00000000ea500000, 0x00000000ea500000, 0x00000000ea600000|  0%| F|  |TAMS 0x00000000ea500000, 0x00000000ea500000| Untracked 
| 166|0x00000000ea600000, 0x00000000ea600000, 0x00000000ea700000|  0%| F|  |TAMS 0x00000000ea600000, 0x00000000ea600000| Untracked 
| 167|0x00000000ea700000, 0x00000000ea700000, 0x00000000ea800000|  0%| F|  |TAMS 0x00000000ea700000, 0x00000000ea700000| Untracked 
| 168|0x00000000ea800000, 0x00000000ea800000, 0x00000000ea900000|  0%| F|  |TAMS 0x00000000ea800000, 0x00000000ea800000| Untracked 
| 169|0x00000000ea900000, 0x00000000ea900000, 0x00000000eaa00000|  0%| F|  |TAMS 0x00000000ea900000, 0x00000000ea900000| Untracked 
| 170|0x00000000eaa00000, 0x00000000eaa00000, 0x00000000eab00000|  0%| F|  |TAMS 0x00000000eaa00000, 0x00000000eaa00000| Untracked 
| 171|0x00000000eab00000, 0x00000000eab00000, 0x00000000eac00000|  0%| F|  |TAMS 0x00000000eab00000, 0x00000000eab00000| Untracked 
| 172|0x00000000eac00000, 0x00000000eac00000, 0x00000000ead00000|  0%| F|  |TAMS 0x00000000eac00000, 0x00000000eac00000| Untracked 
| 173|0x00000000ead00000, 0x00000000ead00000, 0x00000000eae00000|  0%| F|  |TAMS 0x00000000ead00000, 0x00000000ead00000| Untracked 
| 174|0x00000000eae00000, 0x00000000eae00000, 0x00000000eaf00000|  0%| F|  |TAMS 0x00000000eae00000, 0x00000000eae00000| Untracked 
| 175|0x00000000eaf00000, 0x00000000eaf00000, 0x00000000eb000000|  0%| F|  |TAMS 0x00000000eaf00000, 0x00000000eaf00000| Untracked 
| 176|0x00000000eb000000, 0x00000000eb000000, 0x00000000eb100000|  0%| F|  |TAMS 0x00000000eb000000, 0x00000000eb000000| Untracked 
| 177|0x00000000eb100000, 0x00000000eb100000, 0x00000000eb200000|  0%| F|  |TAMS 0x00000000eb100000, 0x00000000eb100000| Untracked 
| 178|0x00000000eb200000, 0x00000000eb200000, 0x00000000eb300000|  0%| F|  |TAMS 0x00000000eb200000, 0x00000000eb200000| Untracked 
| 179|0x00000000eb300000, 0x00000000eb300000, 0x00000000eb400000|  0%| F|  |TAMS 0x00000000eb300000, 0x00000000eb300000| Untracked 
| 180|0x00000000eb400000, 0x00000000eb400000, 0x00000000eb500000|  0%| F|  |TAMS 0x00000000eb400000, 0x00000000eb400000| Untracked 
| 181|0x00000000eb500000, 0x00000000eb500000, 0x00000000eb600000|  0%| F|  |TAMS 0x00000000eb500000, 0x00000000eb500000| Untracked 
| 182|0x00000000eb600000, 0x00000000eb600000, 0x00000000eb700000|  0%| F|  |TAMS 0x00000000eb600000, 0x00000000eb600000| Untracked 
| 183|0x00000000eb700000, 0x00000000eb700000, 0x00000000eb800000|  0%| F|  |TAMS 0x00000000eb700000, 0x00000000eb700000| Untracked 
| 184|0x00000000eb800000, 0x00000000eb800000, 0x00000000eb900000|  0%| F|  |TAMS 0x00000000eb800000, 0x00000000eb800000| Untracked 
| 185|0x00000000eb900000, 0x00000000eb900000, 0x00000000eba00000|  0%| F|  |TAMS 0x00000000eb900000, 0x00000000eb900000| Untracked 
| 186|0x00000000eba00000, 0x00000000eba00000, 0x00000000ebb00000|  0%| F|  |TAMS 0x00000000eba00000, 0x00000000eba00000| Untracked 
| 187|0x00000000ebb00000, 0x00000000ebb00000, 0x00000000ebc00000|  0%| F|  |TAMS 0x00000000ebb00000, 0x00000000ebb00000| Untracked 
| 188|0x00000000ebc00000, 0x00000000ebc00000, 0x00000000ebd00000|  0%| F|  |TAMS 0x00000000ebc00000, 0x00000000ebc00000| Untracked 
| 189|0x00000000ebd00000, 0x00000000ebd00000, 0x00000000ebe00000|  0%| F|  |TAMS 0x00000000ebd00000, 0x00000000ebd00000| Untracked 
| 190|0x00000000ebe00000, 0x00000000ebe03830, 0x00000000ebf00000|  1%| E|  |TAMS 0x00000000ebe00000, 0x00000000ebe00000| Complete 
| 191|0x00000000ebf00000, 0x00000000ec000000, 0x00000000ec000000|100%| E|CS|TAMS 0x00000000ebf00000, 0x00000000ebf00000| Complete 
| 192|0x00000000ec000000, 0x00000000ec100000, 0x00000000ec100000|100%| E|CS|TAMS 0x00000000ec000000, 0x00000000ec000000| Complete 
| 193|0x00000000ec100000, 0x00000000ec200000, 0x00000000ec200000|100%| E|CS|TAMS 0x00000000ec100000, 0x00000000ec100000| Complete 
| 194|0x00000000ec200000, 0x00000000ec300000, 0x00000000ec300000|100%| E|CS|TAMS 0x00000000ec200000, 0x00000000ec200000| Complete 
| 195|0x00000000ec300000, 0x00000000ec400000, 0x00000000ec400000|100%| E|CS|TAMS 0x00000000ec300000, 0x00000000ec300000| Complete 
| 196|0x00000000ec400000, 0x00000000ec500000, 0x00000000ec500000|100%| E|CS|TAMS 0x00000000ec400000, 0x00000000ec400000| Complete 
| 197|0x00000000ec500000, 0x00000000ec600000, 0x00000000ec600000|100%| E|CS|TAMS 0x00000000ec500000, 0x00000000ec500000| Complete 
| 198|0x00000000ec600000, 0x00000000ec700000, 0x00000000ec700000|100%| E|CS|TAMS 0x00000000ec600000, 0x00000000ec600000| Complete 
| 199|0x00000000ec700000, 0x00000000ec800000, 0x00000000ec800000|100%| E|CS|TAMS 0x00000000ec700000, 0x00000000ec700000| Complete 
| 200|0x00000000ec800000, 0x00000000ec900000, 0x00000000ec900000|100%| E|CS|TAMS 0x00000000ec800000, 0x00000000ec800000| Complete 
| 201|0x00000000ec900000, 0x00000000eca00000, 0x00000000eca00000|100%| E|CS|TAMS 0x00000000ec900000, 0x00000000ec900000| Complete 
| 202|0x00000000eca00000, 0x00000000ecb00000, 0x00000000ecb00000|100%| E|CS|TAMS 0x00000000eca00000, 0x00000000eca00000| Complete 
| 203|0x00000000ecb00000, 0x00000000ecc00000, 0x00000000ecc00000|100%| E|CS|TAMS 0x00000000ecb00000, 0x00000000ecb00000| Complete 
| 204|0x00000000ecc00000, 0x00000000ecd00000, 0x00000000ecd00000|100%| E|CS|TAMS 0x00000000ecc00000, 0x00000000ecc00000| Complete 
| 205|0x00000000ecd00000, 0x00000000ece00000, 0x00000000ece00000|100%| E|CS|TAMS 0x00000000ecd00000, 0x00000000ecd00000| Complete 
| 206|0x00000000ece00000, 0x00000000ecf00000, 0x00000000ecf00000|100%| E|CS|TAMS 0x00000000ece00000, 0x00000000ece00000| Complete 
| 207|0x00000000ecf00000, 0x00000000ed000000, 0x00000000ed000000|100%| E|CS|TAMS 0x00000000ecf00000, 0x00000000ecf00000| Complete 
| 208|0x00000000ed000000, 0x00000000ed100000, 0x00000000ed100000|100%| E|CS|TAMS 0x00000000ed000000, 0x00000000ed000000| Complete 
| 209|0x00000000ed100000, 0x00000000ed200000, 0x00000000ed200000|100%| E|CS|TAMS 0x00000000ed100000, 0x00000000ed100000| Complete 
| 210|0x00000000ed200000, 0x00000000ed300000, 0x00000000ed300000|100%| E|CS|TAMS 0x00000000ed200000, 0x00000000ed200000| Complete 
| 211|0x00000000ed300000, 0x00000000ed400000, 0x00000000ed400000|100%| E|CS|TAMS 0x00000000ed300000, 0x00000000ed300000| Complete 
| 212|0x00000000ed400000, 0x00000000ed500000, 0x00000000ed500000|100%| E|CS|TAMS 0x00000000ed400000, 0x00000000ed400000| Complete 
| 213|0x00000000ed500000, 0x00000000ed600000, 0x00000000ed600000|100%| E|CS|TAMS 0x00000000ed500000, 0x00000000ed500000| Complete 
| 214|0x00000000ed600000, 0x00000000ed700000, 0x00000000ed700000|100%| E|CS|TAMS 0x00000000ed600000, 0x00000000ed600000| Complete 
| 215|0x00000000ed700000, 0x00000000ed800000, 0x00000000ed800000|100%| E|CS|TAMS 0x00000000ed700000, 0x00000000ed700000| Complete 
| 216|0x00000000ed800000, 0x00000000ed900000, 0x00000000ed900000|100%| E|CS|TAMS 0x00000000ed800000, 0x00000000ed800000| Complete 
| 217|0x00000000ed900000, 0x00000000eda00000, 0x00000000eda00000|100%| E|CS|TAMS 0x00000000ed900000, 0x00000000ed900000| Complete 
| 218|0x00000000eda00000, 0x00000000edb00000, 0x00000000edb00000|100%| E|CS|TAMS 0x00000000eda00000, 0x00000000eda00000| Complete 
| 219|0x00000000edb00000, 0x00000000edc00000, 0x00000000edc00000|100%| E|CS|TAMS 0x00000000edb00000, 0x00000000edb00000| Complete 
| 220|0x00000000edc00000, 0x00000000edd00000, 0x00000000edd00000|100%| E|CS|TAMS 0x00000000edc00000, 0x00000000edc00000| Complete 
| 221|0x00000000edd00000, 0x00000000ede00000, 0x00000000ede00000|100%| E|CS|TAMS 0x00000000edd00000, 0x00000000edd00000| Complete 
| 222|0x00000000ede00000, 0x00000000edf00000, 0x00000000edf00000|100%| E|CS|TAMS 0x00000000ede00000, 0x00000000ede00000| Complete 
| 223|0x00000000edf00000, 0x00000000ee000000, 0x00000000ee000000|100%| E|CS|TAMS 0x00000000edf00000, 0x00000000edf00000| Complete 
| 224|0x00000000ee000000, 0x00000000ee100000, 0x00000000ee100000|100%| E|CS|TAMS 0x00000000ee000000, 0x00000000ee000000| Complete 
| 225|0x00000000ee100000, 0x00000000ee200000, 0x00000000ee200000|100%| E|CS|TAMS 0x00000000ee100000, 0x00000000ee100000| Complete 
| 226|0x00000000ee200000, 0x00000000ee300000, 0x00000000ee300000|100%| E|CS|TAMS 0x00000000ee200000, 0x00000000ee200000| Complete 
| 227|0x00000000ee300000, 0x00000000ee400000, 0x00000000ee400000|100%| E|CS|TAMS 0x00000000ee300000, 0x00000000ee300000| Complete 
| 228|0x00000000ee400000, 0x00000000ee500000, 0x00000000ee500000|100%| E|CS|TAMS 0x00000000ee400000, 0x00000000ee400000| Complete 
| 229|0x00000000ee500000, 0x00000000ee600000, 0x00000000ee600000|100%| E|CS|TAMS 0x00000000ee500000, 0x00000000ee500000| Complete 
| 230|0x00000000ee600000, 0x00000000ee700000, 0x00000000ee700000|100%| E|CS|TAMS 0x00000000ee600000, 0x00000000ee600000| Complete 
| 231|0x00000000ee700000, 0x00000000ee800000, 0x00000000ee800000|100%| E|CS|TAMS 0x00000000ee700000, 0x00000000ee700000| Complete 
| 232|0x00000000ee800000, 0x00000000ee900000, 0x00000000ee900000|100%| E|CS|TAMS 0x00000000ee800000, 0x00000000ee800000| Complete 
| 233|0x00000000ee900000, 0x00000000eea00000, 0x00000000eea00000|100%| E|CS|TAMS 0x00000000ee900000, 0x00000000ee900000| Complete 
| 234|0x00000000eea00000, 0x00000000eeb00000, 0x00000000eeb00000|100%| E|CS|TAMS 0x00000000eea00000, 0x00000000eea00000| Complete 
| 235|0x00000000eeb00000, 0x00000000eec00000, 0x00000000eec00000|100%| E|CS|TAMS 0x00000000eeb00000, 0x00000000eeb00000| Complete 
| 236|0x00000000eec00000, 0x00000000eed00000, 0x00000000eed00000|100%| E|CS|TAMS 0x00000000eec00000, 0x00000000eec00000| Complete 
| 237|0x00000000eed00000, 0x00000000eee00000, 0x00000000eee00000|100%| E|CS|TAMS 0x00000000eed00000, 0x00000000eed00000| Complete 
| 238|0x00000000eee00000, 0x00000000eef00000, 0x00000000eef00000|100%| E|CS|TAMS 0x00000000eee00000, 0x00000000eee00000| Complete 
| 239|0x00000000eef00000, 0x00000000ef000000, 0x00000000ef000000|100%| E|CS|TAMS 0x00000000eef00000, 0x00000000eef00000| Complete 
| 240|0x00000000ef000000, 0x00000000ef100000, 0x00000000ef100000|100%| E|CS|TAMS 0x00000000ef000000, 0x00000000ef000000| Complete 
| 241|0x00000000ef100000, 0x00000000ef200000, 0x00000000ef200000|100%| E|CS|TAMS 0x00000000ef100000, 0x00000000ef100000| Complete 
| 242|0x00000000ef200000, 0x00000000ef300000, 0x00000000ef300000|100%| E|CS|TAMS 0x00000000ef200000, 0x00000000ef200000| Complete 
| 243|0x00000000ef300000, 0x00000000ef400000, 0x00000000ef400000|100%| E|CS|TAMS 0x00000000ef300000, 0x00000000ef300000| Complete 
| 244|0x00000000ef400000, 0x00000000ef500000, 0x00000000ef500000|100%| E|CS|TAMS 0x00000000ef400000, 0x00000000ef400000| Complete 
| 245|0x00000000ef500000, 0x00000000ef600000, 0x00000000ef600000|100%| E|CS|TAMS 0x00000000ef500000, 0x00000000ef500000| Complete 
| 246|0x00000000ef600000, 0x00000000ef700000, 0x00000000ef700000|100%| E|CS|TAMS 0x00000000ef600000, 0x00000000ef600000| Complete 
| 247|0x00000000ef700000, 0x00000000ef800000, 0x00000000ef800000|100%| E|CS|TAMS 0x00000000ef700000, 0x00000000ef700000| Complete 
| 248|0x00000000ef800000, 0x00000000ef900000, 0x00000000ef900000|100%| E|CS|TAMS 0x00000000ef800000, 0x00000000ef800000| Complete 
| 249|0x00000000ef900000, 0x00000000efa00000, 0x00000000efa00000|100%| E|CS|TAMS 0x00000000ef900000, 0x00000000ef900000| Complete 
| 250|0x00000000efa00000, 0x00000000efb00000, 0x00000000efb00000|100%| E|CS|TAMS 0x00000000efa00000, 0x00000000efa00000| Complete 
| 251|0x00000000efb00000, 0x00000000efc00000, 0x00000000efc00000|100%| E|CS|TAMS 0x00000000efb00000, 0x00000000efb00000| Complete 
| 252|0x00000000efc00000, 0x00000000efd00000, 0x00000000efd00000|100%| E|CS|TAMS 0x00000000efc00000, 0x00000000efc00000| Complete 
| 253|0x00000000efd00000, 0x00000000efe00000, 0x00000000efe00000|100%| E|CS|TAMS 0x00000000efd00000, 0x00000000efd00000| Complete 
| 254|0x00000000efe00000, 0x00000000eff00000, 0x00000000eff00000|100%| E|CS|TAMS 0x00000000efe00000, 0x00000000efe00000| Complete 
| 255|0x00000000eff00000, 0x00000000f0000000, 0x00000000f0000000|100%| E|CS|TAMS 0x00000000eff00000, 0x00000000eff00000| Complete 

Card table byte_map: [0x000001ab37850000,0x000001ab37950000] _byte_map_base: 0x000001ab37150000

Marking Bits (Prev, Next): (CMBitMap*) 0x000001ab1ea9bf90, (CMBitMap*) 0x000001ab1ea9bfd0
 Prev Bits: [0x000001ab37a50000, 0x000001ab38250000)
 Next Bits: [0x000001ab38250000, 0x000001ab38a50000)

Polling page: 0x000001ab1ece0000

Metaspace:

Usage:
  Non-class:     49.47 MB used.
      Class:      7.93 MB used.
       Both:     57.40 MB used.

Virtual space:
  Non-class space:       64.00 MB reserved,      49.88 MB ( 78%) committed,  1 nodes.
      Class space:      320.00 MB reserved,       8.25 MB (  3%) committed,  1 nodes.
             Both:      384.00 MB reserved,      58.12 MB ( 15%) committed. 

Chunk freelists:
   Non-Class:  14.02 MB
       Class:  7.78 MB
        Both:  21.79 MB

MaxMetaspaceSize: 384.00 MB
CompressedClassSpaceSize: 320.00 MB
Initial GC threshold: 21.00 MB
Current GC threshold: 59.00 MB
CDS: on
MetaspaceReclaimPolicy: balanced
 - commit_granule_bytes: 65536.
 - commit_granule_words: 8192.
 - virtual_space_node_default_size: 8388608.
 - enlarge_chunks_in_place: 1.
 - new_chunks_are_fully_committed: 0.
 - uncommit_free_chunks: 1.
 - use_allocation_guard: 0.
 - handle_deallocations: 1.


Internal statistics:

num_allocs_failed_limit: 6.
num_arena_births: 848.
num_arena_deaths: 0.
num_vsnodes_births: 2.
num_vsnodes_deaths: 0.
num_space_committed: 930.
num_space_uncommitted: 0.
num_chunks_returned_to_freelist: 6.
num_chunks_taken_from_freelist: 3478.
num_chunk_merges: 6.
num_chunk_splits: 2112.
num_chunks_enlarged: 1286.
num_inconsistent_stats: 0.

CodeHeap 'non-profiled nmethods': size=120000Kb used=6515Kb max_used=6515Kb free=113484Kb
 bounds [0x000001ab2f7b0000, 0x000001ab2fe10000, 0x000001ab36ce0000]
CodeHeap 'profiled nmethods': size=120000Kb used=21255Kb max_used=21255Kb free=98744Kb
 bounds [0x000001ab27ce0000, 0x000001ab291b0000, 0x000001ab2f210000]
CodeHeap 'non-nmethods': size=5760Kb used=2335Kb max_used=2429Kb free=3424Kb
 bounds [0x000001ab2f210000, 0x000001ab2f490000, 0x000001ab2f7b0000]
 total_blobs=11444 nmethods=10590 adapters=766
 compilation: enabled
              stopped_count=0, restarted_count=0
 full_count=0

Compilation events (20 events):
Event: 379.753 Thread 0x000001ab3b48fbd0 12161       3       org.gradle.api.internal.artifacts.repositories.transport.RepositoryTransportFactory::createTransport (140 bytes)
Event: 379.755 Thread 0x000001ab3b48fbd0 nmethod 12161 0x000001ab2916e590 code [0x000001ab2916e860, 0x000001ab2916f808]
Event: 379.755 Thread 0x000001ab3b48fbd0 12163       3       org.gradle.internal.resource.transport.gcp.gcs.GcsConnectorFactory::getSupportedProtocols (6 bytes)
Event: 379.755 Thread 0x000001ab3b48fbd0 nmethod 12163 0x000001ab2916fe10 code [0x000001ab2916ffe0, 0x000001ab29170398]
Event: 379.765 Thread 0x000001ab3b48fbd0 12165       3       org.gradle.api.internal.artifacts.dsl.ComponentMetadataRuleContainer::<init> (31 bytes)
Event: 379.766 Thread 0x000001ab3b48fbd0 nmethod 12165 0x000001ab29170510 code [0x000001ab29170700, 0x000001ab29170bd8]
Event: 379.766 Thread 0x000001ab3b48fbd0 12166       3       org.gradle.api.internal.artifacts.dsl.DefaultComponentMetadataHandler::setVariantDerivationStrategy (9 bytes)
Event: 379.766 Thread 0x000001ab3b48fbd0 nmethod 12166 0x000001ab29170d90 code [0x000001ab29170f20, 0x000001ab291710b8]
Event: 379.780 Thread 0x000001ab3b48fbd0 12168       3       java.util.stream.Stream::concat (73 bytes)
Event: 379.782 Thread 0x000001ab3b48fbd0 nmethod 12168 0x000001ab29171190 code [0x000001ab29171420, 0x000001ab29172268]
Event: 379.782 Thread 0x000001ab3b48fbd0 12169       3       java.util.stream.Streams$ConcatSpliterator$OfRef::<init> (7 bytes)
Event: 379.782 Thread 0x000001ab3b48fbd0 nmethod 12169 0x000001ab29172710 code [0x000001ab291728a0, 0x000001ab291729e8]
Event: 379.782 Thread 0x000001ab3b48fbd0 12170       3       java.util.stream.Streams$ConcatSpliterator::<init> (47 bytes)
Event: 379.783 Thread 0x000001ab3b48fbd0 nmethod 12170 0x000001ab29172a90 code [0x000001ab29172c60, 0x000001ab29173098]
Event: 379.783 Thread 0x000001ab3b48fbd0 12171       3       java.util.stream.Streams::composedClose (10 bytes)
Event: 379.783 Thread 0x000001ab3b48fbd0 nmethod 12171 0x000001ab29173210 code [0x000001ab291733c0, 0x000001ab29173678]
Event: 379.783 Thread 0x000001ab3b48fbd0 12172       3       java.util.stream.Streams$2::<init> (15 bytes)
Event: 379.783 Thread 0x000001ab3b48fbd0 nmethod 12172 0x000001ab29173790 code [0x000001ab29173940, 0x000001ab29173b58]
Event: 379.783 Thread 0x000001ab3b48fbd0 12173       3       java.util.stream.AbstractPipeline::onClose (52 bytes)
Event: 379.784 Thread 0x000001ab3b48fbd0 nmethod 12173 0x000001ab29173c10 code [0x000001ab29173e00, 0x000001ab29174348]

GC Heap History (18 events):
Event: 1.232 GC heap before
{Heap before GC invocations=0 (full 0):
 garbage-first heap   total 262144K, used 22528K [0x00000000e0000000, 0x0000000100000000)
  region size 1024K, 23 young (23552K), 0 survivors (0K)
 Metaspace       used 1136K, committed 1280K, reserved 393216K
  class space    used 77K, committed 128K, reserved 327680K
}
Event: 1.241 GC heap after
{Heap after GC invocations=1 (full 0):
 garbage-first heap   total 262144K, used 4405K [0x00000000e0000000, 0x0000000100000000)
  region size 1024K, 3 young (3072K), 3 survivors (3072K)
 Metaspace       used 1136K, committed 1280K, reserved 393216K
  class space    used 77K, committed 128K, reserved 327680K
}
Event: 3.407 GC heap before
{Heap before GC invocations=1 (full 0):
 garbage-first heap   total 262144K, used 37173K [0x00000000e0000000, 0x0000000100000000)
  region size 1024K, 32 young (32768K), 3 survivors (3072K)
 Metaspace       used 4375K, committed 4544K, reserved 393216K
  class space    used 546K, committed 640K, reserved 327680K
}
Event: 3.413 GC heap after
{Heap after GC invocations=2 (full 0):
 garbage-first heap   total 262144K, used 11944K [0x00000000e0000000, 0x0000000100000000)
  region size 1024K, 4 young (4096K), 4 survivors (4096K)
 Metaspace       used 4375K, committed 4544K, reserved 393216K
  class space    used 546K, committed 640K, reserved 327680K
}
Event: 6.075 GC heap before
{Heap before GC invocations=2 (full 0):
 garbage-first heap   total 262144K, used 55976K [0x00000000e0000000, 0x0000000100000000)
  region size 1024K, 45 young (46080K), 4 survivors (4096K)
 Metaspace       used 4543K, committed 4736K, reserved 393216K
  class space    used 555K, committed 640K, reserved 327680K
}
Event: 6.080 GC heap after
{Heap after GC invocations=3 (full 0):
 garbage-first heap   total 262144K, used 17295K [0x00000000e0000000, 0x0000000100000000)
  region size 1024K, 5 young (5120K), 5 survivors (5120K)
 Metaspace       used 4543K, committed 4736K, reserved 393216K
  class space    used 555K, committed 640K, reserved 327680K
}
Event: 17.238 GC heap before
{Heap before GC invocations=3 (full 0):
 garbage-first heap   total 262144K, used 126863K [0x00000000e0000000, 0x0000000100000000)
  region size 1024K, 113 young (115712K), 5 survivors (5120K)
 Metaspace       used 21211K, committed 21504K, reserved 393216K
  class space    used 3098K, committed 3264K, reserved 327680K
}
Event: 17.256 GC heap after
{Heap after GC invocations=4 (full 0):
 garbage-first heap   total 262144K, used 25051K [0x00000000e0000000, 0x0000000100000000)
  region size 1024K, 12 young (12288K), 12 survivors (12288K)
 Metaspace       used 21211K, committed 21504K, reserved 393216K
  class space    used 3098K, committed 3264K, reserved 327680K
}
Event: 23.371 GC heap before
{Heap before GC invocations=5 (full 0):
 garbage-first heap   total 262144K, used 146907K [0x00000000e0000000, 0x0000000100000000)
  region size 1024K, 128 young (131072K), 12 survivors (12288K)
 Metaspace       used 35760K, committed 36160K, reserved 393216K
  class space    used 4976K, committed 5184K, reserved 327680K
}
Event: 23.391 GC heap after
{Heap after GC invocations=6 (full 0):
 garbage-first heap   total 262144K, used 33989K [0x00000000e0000000, 0x0000000100000000)
  region size 1024K, 17 young (17408K), 17 survivors (17408K)
 Metaspace       used 35760K, committed 36160K, reserved 393216K
  class space    used 4976K, committed 5184K, reserved 327680K
}
Event: 28.679 GC heap before
{Heap before GC invocations=7 (full 0):
 garbage-first heap   total 262144K, used 174277K [0x00000000e0000000, 0x0000000100000000)
  region size 1024K, 153 young (156672K), 17 survivors (17408K)
 Metaspace       used 49165K, committed 49728K, reserved 393216K
  class space    used 7033K, committed 7296K, reserved 327680K
}
Event: 28.700 GC heap after
{Heap after GC invocations=8 (full 0):
 garbage-first heap   total 262144K, used 41123K [0x00000000e0000000, 0x0000000100000000)
  region size 1024K, 17 young (17408K), 17 survivors (17408K)
 Metaspace       used 49165K, committed 49728K, reserved 393216K
  class space    used 7033K, committed 7296K, reserved 327680K
}
Event: 34.273 GC heap before
{Heap before GC invocations=8 (full 0):
 garbage-first heap   total 262144K, used 179363K [0x00000000e0000000, 0x0000000100000000)
  region size 1024K, 153 young (156672K), 17 survivors (17408K)
 Metaspace       used 54216K, committed 54784K, reserved 393216K
  class space    used 7612K, committed 7872K, reserved 327680K
}
Event: 34.296 GC heap after
{Heap after GC invocations=9 (full 0):
 garbage-first heap   total 262144K, used 52914K [0x00000000e0000000, 0x0000000100000000)
  region size 1024K, 20 young (20480K), 20 survivors (20480K)
 Metaspace       used 54216K, committed 54784K, reserved 393216K
  class space    used 7612K, committed 7872K, reserved 327680K
}
Event: 187.958 GC heap before
{Heap before GC invocations=9 (full 0):
 garbage-first heap   total 262144K, used 189106K [0x00000000e0000000, 0x0000000100000000)
  region size 1024K, 153 young (156672K), 20 survivors (20480K)
 Metaspace       used 57490K, committed 58176K, reserved 393216K
  class space    used 8072K, committed 8384K, reserved 327680K
}
Event: 188.063 GC heap after
{Heap after GC invocations=10 (full 0):
 garbage-first heap   total 262144K, used 57344K [0x00000000e0000000, 0x0000000100000000)
  region size 1024K, 7 young (7168K), 7 survivors (7168K)
 Metaspace       used 57490K, committed 58176K, reserved 393216K
  class space    used 8072K, committed 8384K, reserved 327680K
}
Event: 322.820 GC heap before
{Heap before GC invocations=10 (full 0):
 garbage-first heap   total 262144K, used 203776K [0x00000000e0000000, 0x0000000100000000)
  region size 1024K, 151 young (154624K), 7 survivors (7168K)
 Metaspace       used 58367K, committed 59072K, reserved 393216K
  class space    used 8095K, committed 8384K, reserved 327680K
}
Event: 322.906 GC heap after
{Heap after GC invocations=11 (full 0):
 garbage-first heap   total 262144K, used 71678K [0x00000000e0000000, 0x0000000100000000)
  region size 1024K, 19 young (19456K), 19 survivors (19456K)
 Metaspace       used 58367K, committed 59072K, reserved 393216K
  class space    used 8095K, committed 8384K, reserved 327680K
}

Deoptimization events (20 events):
Event: 378.802 Thread 0x000001ab5714e520 Uncommon trap: trap_request=0xfffffff4 fr.pc=0x000001ab2f943d44 relative=0x0000000000000b64
Event: 378.802 Thread 0x000001ab5714e520 Uncommon trap: reason=null_check action=make_not_entrant pc=0x000001ab2f943d44 method=org.gradle.tooling.internal.provider.runner.ClientBuildEventGenerator$Enabled.accept(Lorg/gradle/internal/operations/BuildOperationDescriptor;)Lorg/gradle/tooling/intern
Event: 378.802 Thread 0x000001ab5714e520 DEOPT PACKING pc=0x000001ab2f943d44 sp=0x000000aad4afb390
Event: 378.802 Thread 0x000001ab5714e520 DEOPT UNPACKING pc=0x000001ab2f2623a3 sp=0x000000aad4afb2c8 mode 2
Event: 379.069 Thread 0x000001ab5714e520 Uncommon trap: trap_request=0xffffff45 fr.pc=0x000001ab2fb9d3a0 relative=0x0000000000000be0
Event: 379.069 Thread 0x000001ab5714e520 Uncommon trap: reason=unstable_if action=reinterpret pc=0x000001ab2fb9d3a0 method=org.gradle.api.internal.artifacts.dependencies.DefaultImmutableVersionConstraint.<init>(Ljava/lang/String;Ljava/lang/String;Ljava/lang/String;Ljava/util/List;Ljava/lang/Stri
Event: 379.069 Thread 0x000001ab5714e520 DEOPT PACKING pc=0x000001ab2fb9d3a0 sp=0x000000aad4af84c0
Event: 379.069 Thread 0x000001ab5714e520 DEOPT UNPACKING pc=0x000001ab2f2623a3 sp=0x000000aad4af8470 mode 2
Event: 379.195 Thread 0x000001ab5714e520 DEOPT PACKING pc=0x000001ab28eba93a sp=0x000000aad4af6a30
Event: 379.195 Thread 0x000001ab5714e520 DEOPT UNPACKING pc=0x000001ab2f262b43 sp=0x000000aad4af5f68 mode 0
Event: 379.196 Thread 0x000001ab5714e520 Uncommon trap: trap_request=0xffffffd6 fr.pc=0x000001ab2fddf448 relative=0x0000000000000888
Event: 379.196 Thread 0x000001ab5714e520 Uncommon trap: reason=array_check action=maybe_recompile pc=0x000001ab2fddf448 method=java.util.ComparableTimSort.binarySort([Ljava/lang/Object;III)V @ 193 c2
Event: 379.196 Thread 0x000001ab5714e520 DEOPT PACKING pc=0x000001ab2fddf448 sp=0x000000aad4af7c60
Event: 379.196 Thread 0x000001ab5714e520 DEOPT UNPACKING pc=0x000001ab2f2623a3 sp=0x000000aad4af7c00 mode 2
Event: 379.213 Thread 0x000001ab5714e520 DEOPT PACKING pc=0x000001ab28eba93a sp=0x000000aad4af6510
Event: 379.213 Thread 0x000001ab5714e520 DEOPT UNPACKING pc=0x000001ab2f262b43 sp=0x000000aad4af5a48 mode 0
Event: 379.270 Thread 0x000001ab5714e520 Uncommon trap: trap_request=0xffffffc6 fr.pc=0x000001ab2fd67784 relative=0x0000000000000b04
Event: 379.270 Thread 0x000001ab5714e520 Uncommon trap: reason=bimorphic_or_optimized_type_check action=maybe_recompile pc=0x000001ab2fd67784 method=java.util.stream.FindOps$FindOp.evaluateSequential(Ljava/util/stream/PipelineHelper;Ljava/util/Spliterator;)Ljava/lang/Object; @ 14 c2
Event: 379.270 Thread 0x000001ab5714e520 DEOPT PACKING pc=0x000001ab2fd67784 sp=0x000000aad4af9620
Event: 379.270 Thread 0x000001ab5714e520 DEOPT UNPACKING pc=0x000001ab2f2623a3 sp=0x000000aad4af9600 mode 2

Classes unloaded (0 events):
No events

Classes redefined (0 events):
No events

Internal exceptions (20 events):
Event: 38.091 Thread 0x000001ab560331e0 Exception <a 'java/lang/NoSuchMethodError'{0x00000000e8273f68}: static Lorg/gradle/internal/build/event/types/DefaultTaskSuccessResult;.<clinit>()V> (0x00000000e8273f68) 
thrown [s\open\src\hotspot\share\prims\jni.cpp, line 1112]
Event: 38.091 Thread 0x000001ab560331e0 Exception <a 'java/lang/NoSuchMethodError'{0x00000000e82751d8}: static Lorg/gradle/internal/build/event/types/AbstractTaskResult;.<clinit>()V> (0x00000000e82751d8) 
thrown [s\open\src\hotspot\share\prims\jni.cpp, line 1112]
Event: 38.091 Thread 0x000001ab560331e0 Exception <a 'java/lang/NoSuchMethodError'{0x00000000e8276700}: static Lorg/gradle/internal/build/event/types/AbstractResult;.<clinit>()V> (0x00000000e8276700) 
thrown [s\open\src\hotspot\share\prims\jni.cpp, line 1112]
Event: 313.450 Thread 0x000001ab5714e520 Exception <a 'sun/nio/fs/WindowsException'{0x00000000ef95bc30}> (0x00000000ef95bc30) 
thrown [s\open\src\hotspot\share\prims\jni.cpp, line 516]
Event: 313.451 Thread 0x000001ab5714e520 Exception <a 'sun/nio/fs/WindowsException'{0x00000000ef95d1a8}> (0x00000000ef95d1a8) 
thrown [s\open\src\hotspot\share\prims\jni.cpp, line 516]
Event: 313.452 Thread 0x000001ab5714e520 Exception <a 'sun/nio/fs/WindowsException'{0x00000000ef95e720}> (0x00000000ef95e720) 
thrown [s\open\src\hotspot\share\prims\jni.cpp, line 516]
Event: 313.452 Thread 0x000001ab5714e520 Exception <a 'sun/nio/fs/WindowsException'{0x00000000ef95fc78}> (0x00000000ef95fc78) 
thrown [s\open\src\hotspot\share\prims\jni.cpp, line 516]
Event: 314.043 Thread 0x000001ab5714d5f0 Implicit null exception at 0x000001ab2fd8a8e0 to 0x000001ab2fd8a978
Event: 314.179 Thread 0x000001ab5714e520 Exception <a 'java/lang/NoClassDefFoundError'{0x00000000ef39d1b8}: org/jetbrains/kotlin/gradle/plugin/KotlinPluginWrapper> (0x00000000ef39d1b8) 
thrown [s\open\src\hotspot\share\oops\constantPool.cpp, line 837]
Event: 314.179 Thread 0x000001ab5714e520 Exception <a 'java/lang/NoClassDefFoundError'{0x00000000ef39f558}: org/graalvm/buildtools/gradle/NativeImagePlugin> (0x00000000ef39f558) 
thrown [s\open\src\hotspot\share\oops\constantPool.cpp, line 837]
Event: 314.180 Thread 0x000001ab5714e520 Exception <a 'java/lang/NoClassDefFoundError'{0x00000000ef3a1640}: org/cyclonedx/gradle/CycloneDxPlugin> (0x00000000ef3a1640) 
thrown [s\open\src\hotspot\share\oops\constantPool.cpp, line 837]
Event: 323.586 Thread 0x000001ab5974bef0 Exception <a 'java/lang/NoSuchMethodError'{0x00000000ee9b1568}: 'int java.lang.invoke.DirectMethodHandle$Holder.invokeSpecial(java.lang.Object, java.lang.Object, java.lang.Object, java.lang.Object, java.lang.Object)'> (0x00000000ee9b1568) 
thrown [s\open\src\hotspot\share\interpreter\linkResolver.cpp, line 759]
Event: 378.802 Thread 0x000001ab5714e520 Implicit null exception at 0x000001ab2f943500 to 0x000001ab2f943d24
Event: 378.969 Thread 0x000001ab5714e520 Exception <a 'sun/nio/fs/WindowsException'{0x00000000eda44e78}> (0x00000000eda44e78) 
thrown [s\open\src\hotspot\share\prims\jni.cpp, line 516]
Event: 378.971 Thread 0x000001ab5714e520 Exception <a 'sun/nio/fs/WindowsException'{0x00000000eda463f0}> (0x00000000eda463f0) 
thrown [s\open\src\hotspot\share\prims\jni.cpp, line 516]
Event: 378.972 Thread 0x000001ab5714e520 Exception <a 'sun/nio/fs/WindowsException'{0x00000000eda47968}> (0x00000000eda47968) 
thrown [s\open\src\hotspot\share\prims\jni.cpp, line 516]
Event: 378.975 Thread 0x000001ab5714e520 Exception <a 'sun/nio/fs/WindowsException'{0x00000000eda48ec0}> (0x00000000eda48ec0) 
thrown [s\open\src\hotspot\share\prims\jni.cpp, line 516]
Event: 379.248 Thread 0x000001ab5714e520 Exception <a 'java/lang/NoClassDefFoundError'{0x00000000ed5c6ed0}: org/jetbrains/kotlin/gradle/plugin/KotlinPluginWrapper> (0x00000000ed5c6ed0) 
thrown [s\open\src\hotspot\share\oops\constantPool.cpp, line 837]
Event: 379.248 Thread 0x000001ab5714e520 Exception <a 'java/lang/NoClassDefFoundError'{0x00000000ed5c8fc8}: org/graalvm/buildtools/gradle/NativeImagePlugin> (0x00000000ed5c8fc8) 
thrown [s\open\src\hotspot\share\oops\constantPool.cpp, line 837]
Event: 379.248 Thread 0x000001ab5714e520 Exception <a 'java/lang/NoClassDefFoundError'{0x00000000ed5cb0b0}: org/cyclonedx/gradle/CycloneDxPlugin> (0x00000000ed5cb0b0) 
thrown [s\open\src\hotspot\share\oops\constantPool.cpp, line 837]

VM Operations (20 events):
Event: 321.529 Executing VM operation: Cleanup
Event: 321.529 Executing VM operation: Cleanup done
Event: 322.543 Executing VM operation: Cleanup
Event: 322.544 Executing VM operation: Cleanup done
Event: 322.820 Executing VM operation: G1CollectForAllocation
Event: 322.906 Executing VM operation: G1CollectForAllocation done
Event: 323.598 Executing VM operation: HandshakeAllThreads
Event: 323.599 Executing VM operation: HandshakeAllThreads done
Event: 323.764 Executing VM operation: ICBufferFull
Event: 323.765 Executing VM operation: ICBufferFull done
Event: 324.771 Executing VM operation: Cleanup
Event: 324.771 Executing VM operation: Cleanup done
Event: 340.925 Executing VM operation: Cleanup
Event: 340.925 Executing VM operation: Cleanup done
Event: 360.813 Executing VM operation: HandshakeAllThreads
Event: 360.813 Executing VM operation: HandshakeAllThreads done
Event: 378.994 Executing VM operation: Cleanup
Event: 378.996 Executing VM operation: Cleanup done
Event: 379.750 Executing VM operation: ICBufferFull
Event: 379.751 Executing VM operation: ICBufferFull done

Events (20 events):
Event: 379.484 Thread 0x000001ab59725b90 Thread added: 0x000001ab59725b90
Event: 379.506 Thread 0x000001ab597265b0 Thread added: 0x000001ab597265b0
Event: 379.518 Thread 0x000001ab59726ac0 Thread added: 0x000001ab59726ac0
Event: 379.531 Thread 0x000001ab59726fd0 Thread added: 0x000001ab59726fd0
Event: 379.546 Thread 0x000001ab597274e0 Thread added: 0x000001ab597274e0
Event: 379.562 Thread 0x000001ab57150380 Thread added: 0x000001ab57150380
Event: 379.578 Thread 0x000001ab5714ef40 Thread added: 0x000001ab5714ef40
Event: 379.597 Thread 0x000001ab5714fe70 Thread added: 0x000001ab5714fe70
Event: 379.611 Thread 0x000001ab5714f450 Thread added: 0x000001ab5714f450
Event: 379.626 Thread 0x000001ab57152c00 Thread added: 0x000001ab57152c00
Event: 379.640 Thread 0x000001ab571517c0 Thread added: 0x000001ab571517c0
Event: 379.653 Thread 0x000001ab5714d5f0 Thread added: 0x000001ab5714d5f0
Event: 379.668 Thread 0x000001ab5714d0e0 Thread added: 0x000001ab5714d0e0
Event: 379.686 Thread 0x000001ab5714ea30 Thread added: 0x000001ab5714ea30
Event: 379.707 Thread 0x000001ab57151cd0 Thread added: 0x000001ab57151cd0
Event: 379.723 Thread 0x000001ab571526f0 Thread added: 0x000001ab571526f0
Event: 379.739 Thread 0x000001ab57153110 Thread added: 0x000001ab57153110
Event: 379.752 Thread 0x000001ab57153620 Thread added: 0x000001ab57153620
Event: 379.772 Thread 0x000001ab5714db00 Thread added: 0x000001ab5714db00
Event: 379.789 Thread 0x000001ab57153b30 Thread added: 0x000001ab57153b30


Dynamic libraries:
0x00007ff6dc930000 - 0x00007ff6dc940000 	C:\Program Files\Java\jdk-17\bin\java.exe
0x00007ffde7ed0000 - 0x00007ffde80e7000 	C:\WINDOWS\SYSTEM32\ntdll.dll
0x00007ffde6080000 - 0x00007ffde6144000 	C:\WINDOWS\System32\KERNEL32.DLL
0x00007ffde5480000 - 0x00007ffde582d000 	C:\WINDOWS\System32\KERNELBASE.dll
0x00007ffde5950000 - 0x00007ffde5a61000 	C:\WINDOWS\System32\ucrtbase.dll
0x00007ffdde540000 - 0x00007ffdde559000 	C:\Program Files\Java\jdk-17\bin\jli.dll
0x00007ffdde420000 - 0x00007ffdde43b000 	C:\Program Files\Java\jdk-17\bin\VCRUNTIME140.dll
0x00007ffde65f0000 - 0x00007ffde66a2000 	C:\WINDOWS\System32\ADVAPI32.dll
0x00007ffde5d10000 - 0x00007ffde5db7000 	C:\WINDOWS\System32\msvcrt.dll
0x00007ffde5c60000 - 0x00007ffde5d09000 	C:\WINDOWS\System32\sechost.dll
0x00007ffde5a70000 - 0x00007ffde5a98000 	C:\WINDOWS\System32\bcrypt.dll
0x00007ffde6f60000 - 0x00007ffde7074000 	C:\WINDOWS\System32\RPCRT4.dll
0x00007ffde7080000 - 0x00007ffde722e000 	C:\WINDOWS\System32\USER32.dll
0x00007ffde5450000 - 0x00007ffde5476000 	C:\WINDOWS\System32\win32u.dll
0x00007ffde43e0000 - 0x00007ffde4673000 	C:\WINDOWS\WinSxS\amd64_microsoft.windows.common-controls_6595b64144ccf1df_6.0.22621.3672_none_2713b9d173822955\COMCTL32.dll
0x00007ffde6300000 - 0x00007ffde6329000 	C:\WINDOWS\System32\GDI32.dll
0x00007ffde5830000 - 0x00007ffde5949000 	C:\WINDOWS\System32\gdi32full.dll
0x00007ffde5aa0000 - 0x00007ffde5b3a000 	C:\WINDOWS\System32\msvcp_win.dll
0x00007ffddabc0000 - 0x00007ffddabca000 	C:\WINDOWS\SYSTEM32\VERSION.dll
0x00007ffde6860000 - 0x00007ffde6891000 	C:\WINDOWS\System32\IMM32.DLL
0x00007ffde38f0000 - 0x00007ffde38fc000 	C:\Program Files\Java\jdk-17\bin\vcruntime140_1.dll
0x00007ffdc2460000 - 0x00007ffdc24ee000 	C:\Program Files\Java\jdk-17\bin\msvcp140.dll
0x00007ffd60ea0000 - 0x00007ffd61a80000 	C:\Program Files\Java\jdk-17\bin\server\jvm.dll
0x00007ffde5c00000 - 0x00007ffde5c08000 	C:\WINDOWS\System32\PSAPI.DLL
0x00007ffdddb10000 - 0x00007ffdddb44000 	C:\WINDOWS\SYSTEM32\WINMM.dll
0x00007ffdce780000 - 0x00007ffdce789000 	C:\WINDOWS\SYSTEM32\WSOCK32.dll
0x00007ffde6160000 - 0x00007ffde61d1000 	C:\WINDOWS\System32\WS2_32.dll
0x00007ffde3450000 - 0x00007ffde3468000 	C:\WINDOWS\SYSTEM32\kernel.appcore.dll
0x00007ffdde410000 - 0x00007ffdde41a000 	C:\Program Files\Java\jdk-17\bin\jimage.dll
0x00007ffde4a60000 - 0x00007ffde4c92000 	C:\WINDOWS\SYSTEM32\DBGHELP.DLL
0x00007ffde7b00000 - 0x00007ffde7e8e000 	C:\WINDOWS\System32\combase.dll
0x00007ffde5e90000 - 0x00007ffde5f67000 	C:\WINDOWS\System32\OLEAUT32.dll
0x00007ffde4950000 - 0x00007ffde4982000 	C:\WINDOWS\SYSTEM32\dbgcore.DLL
0x00007ffde51f0000 - 0x00007ffde526b000 	C:\WINDOWS\System32\bcryptPrimitives.dll
0x00007ffdde400000 - 0x00007ffdde40e000 	C:\Program Files\Java\jdk-17\bin\instrument.dll
0x00007ffdde340000 - 0x00007ffdde365000 	C:\Program Files\Java\jdk-17\bin\java.dll
0x00007ffdc2080000 - 0x00007ffdc2157000 	C:\Program Files\Java\jdk-17\bin\jsvml.dll
0x00007ffde7230000 - 0x00007ffde7a97000 	C:\WINDOWS\System32\SHELL32.dll
0x00007ffde2250000 - 0x00007ffde2b4f000 	C:\WINDOWS\SYSTEM32\windows.storage.dll
0x00007ffde2110000 - 0x00007ffde224f000 	C:\WINDOWS\SYSTEM32\wintypes.dll
0x00007ffde61f0000 - 0x00007ffde62e9000 	C:\WINDOWS\System32\SHCORE.dll
0x00007ffde7aa0000 - 0x00007ffde7afe000 	C:\WINDOWS\System32\shlwapi.dll
0x00007ffde5120000 - 0x00007ffde5147000 	C:\WINDOWS\SYSTEM32\profapi.dll
0x00007ffdde3e0000 - 0x00007ffdde3f8000 	C:\Program Files\Java\jdk-17\bin\zip.dll
0x00007ffdde320000 - 0x00007ffdde339000 	C:\Program Files\Java\jdk-17\bin\net.dll
0x00007ffde0e60000 - 0x00007ffde0f96000 	C:\WINDOWS\SYSTEM32\WINHTTP.dll
0x00007ffde3f80000 - 0x00007ffde3fe9000 	C:\WINDOWS\system32\mswsock.dll
0x00007ffdde300000 - 0x00007ffdde316000 	C:\Program Files\Java\jdk-17\bin\nio.dll
0x00007ffdde2f0000 - 0x00007ffdde300000 	C:\Program Files\Java\jdk-17\bin\verify.dll
0x00007ffdc9090000 - 0x00007ffdc90b7000 	C:\Users\wldms\.gradle\native\c067742578af261105cb4f569cf0c3c89f3d7b1fecec35dd04571415982c5e48\windows-amd64\native-platform.dll
0x00007ffdb1190000 - 0x00007ffdb12d4000 	C:\Users\wldms\.gradle\native\100fb08df4bc3b14c8652ba06237920a3bd2aa13389f12d3474272988ae205f9\windows-amd64\native-platform-file-events.dll
0x00007ffdde810000 - 0x00007ffdde81a000 	C:\Program Files\Java\jdk-17\bin\management.dll
0x00007ffdde4b0000 - 0x00007ffdde4bb000 	C:\Program Files\Java\jdk-17\bin\management_ext.dll
0x00007ffde4da0000 - 0x00007ffde4dbb000 	C:\WINDOWS\SYSTEM32\CRYPTSP.dll
0x00007ffde32c0000 - 0x00007ffde32f5000 	C:\WINDOWS\system32\rsaenh.dll
0x00007ffde4220000 - 0x00007ffde4248000 	C:\WINDOWS\SYSTEM32\USERENV.dll
0x00007ffde4250000 - 0x00007ffde425c000 	C:\WINDOWS\SYSTEM32\CRYPTBASE.dll
0x00007ffde2db0000 - 0x00007ffde2ddd000 	C:\WINDOWS\SYSTEM32\IPHLPAPI.DLL
0x00007ffde61e0000 - 0x00007ffde61e9000 	C:\WINDOWS\System32\NSI.dll
0x00007ffddf5a0000 - 0x00007ffddf5b9000 	C:\WINDOWS\SYSTEM32\dhcpcsvc6.DLL
0x00007ffddeeb0000 - 0x00007ffddeecf000 	C:\WINDOWS\SYSTEM32\dhcpcsvc.DLL
0x00007ffde2e20000 - 0x00007ffde2f18000 	C:\WINDOWS\SYSTEM32\DNSAPI.dll
0x00007ffdde4a0000 - 0x00007ffdde4ae000 	C:\Program Files\Java\jdk-17\bin\sunmscapi.dll
0x00007ffde52e0000 - 0x00007ffde5446000 	C:\WINDOWS\System32\CRYPT32.dll
0x00007ffde43b0000 - 0x00007ffde43de000 	C:\WINDOWS\SYSTEM32\ncrypt.dll
0x00007ffde4370000 - 0x00007ffde43a7000 	C:\WINDOWS\SYSTEM32\NTASN1.dll
0x00007ffde3880000 - 0x00007ffde3888000 	C:\WINDOWS\system32\wshunix.dll

dbghelp: loaded successfully - version: 4.0.5 - missing functions: none
symbol engine: initialized successfully - sym options: 0x614 - pdb path: .;C:\Program Files\Java\jdk-17\bin;C:\WINDOWS\SYSTEM32;C:\WINDOWS\WinSxS\amd64_microsoft.windows.common-controls_6595b64144ccf1df_6.0.22621.3672_none_2713b9d173822955;C:\Program Files\Java\jdk-17\bin\server;C:\Users\wldms\.gradle\native\c067742578af261105cb4f569cf0c3c89f3d7b1fecec35dd04571415982c5e48\windows-amd64;C:\Users\wldms\.gradle\native\100fb08df4bc3b14c8652ba06237920a3bd2aa13389f12d3474272988ae205f9\windows-amd64

VM Arguments:
jvm_args: --add-opens=java.base/java.util=ALL-UNNAMED --add-opens=java.base/java.lang=ALL-UNNAMED --add-opens=java.base/java.lang.invoke=ALL-UNNAMED --add-opens=java.prefs/java.util.prefs=ALL-UNNAMED --add-exports=jdk.compiler/com.sun.tools.javac.api=ALL-UNNAMED --add-exports=jdk.compiler/com.sun.tools.javac.util=ALL-UNNAMED --add-opens=java.base/java.nio.charset=ALL-UNNAMED --add-opens=java.base/java.net=ALL-UNNAMED --add-opens=java.base/java.util.concurrent.atomic=ALL-UNNAMED -XX:MaxMetaspaceSize=384m -XX:+HeapDumpOnOutOfMemoryError -Xms256m -Xmx512m -Dfile.encoding=UTF-8 -Duser.country=KR -Duser.language=ko -Duser.variant -javaagent:C:\Users\wldms\.gradle\wrapper\dists\gradle-8.10.1-bin\e90i968nv55tch01zkse4avv3\gradle-8.10.1\lib\agents\gradle-instrumentation-agent-8.10.1.jar 
java_command: org.gradle.launcher.daemon.bootstrap.GradleDaemon 8.10.1
java_class_path (initial): C:\Users\wldms\.gradle\wrapper\dists\gradle-8.10.1-bin\e90i968nv55tch01zkse4avv3\gradle-8.10.1\lib\gradle-daemon-main-8.10.1.jar
Launcher Type: SUN_STANDARD

[Global flags]
     intx CICompilerCount                          = 4                                         {product} {ergonomic}
   size_t CompressedClassSpaceSize                 = 335544320                                 {product} {ergonomic}
     uint ConcGCThreads                            = 2                                         {product} {ergonomic}
     uint G1ConcRefinementThreads                  = 8                                         {product} {ergonomic}
   size_t G1HeapRegionSize                         = 1048576                                   {product} {ergonomic}
    uintx GCDrainStackTargetSize                   = 64                                        {product} {ergonomic}
     bool HeapDumpOnOutOfMemoryError               = true                                   {manageable} {command line}
   size_t InitialHeapSize                          = 268435456                                 {product} {command line}
   size_t MarkStackSize                            = 4194304                                   {product} {ergonomic}
   size_t MaxHeapSize                              = 536870912                                 {product} {command line}
   size_t MaxMetaspaceSize                         = 402653184                                 {product} {command line}
   size_t MaxNewSize                               = 321912832                                 {product} {ergonomic}
   size_t MinHeapDeltaBytes                        = 1048576                                   {product} {ergonomic}
   size_t MinHeapSize                              = 268435456                                 {product} {command line}
    uintx NonNMethodCodeHeapSize                   = 5839372                                {pd product} {ergonomic}
    uintx NonProfiledCodeHeapSize                  = 122909434                              {pd product} {ergonomic}
    uintx ProfiledCodeHeapSize                     = 122909434                              {pd product} {ergonomic}
    uintx ReservedCodeCacheSize                    = 251658240                              {pd product} {ergonomic}
     bool SegmentedCodeCache                       = true                                      {product} {ergonomic}
   size_t SoftMaxHeapSize                          = 536870912                              {manageable} {ergonomic}
     bool UseCompressedClassPointers               = true                           {product lp64_product} {ergonomic}
     bool UseCompressedOops                        = true                           {product lp64_product} {ergonomic}
     bool UseG1GC                                  = true                                      {product} {ergonomic}
     bool UseLargePagesIndividualAllocation        = false                                  {pd product} {ergonomic}

Logging:
Log output configuration:
 #0: stdout all=warning uptime,level,tags
 #1: stderr all=off uptime,level,tags

Environment Variables:
JAVA_HOME=C:\Program Files\Java\jdk-17
CLASSPATH=.
PATH=C:\Program Files\Common Files\Oracle\Java\javapath;C:\Program Files (x86)\Intel\Intel(R) Management Engine Components\iCLS\;C:\Program Files\Intel\Intel(R) Management Engine Components\iCLS\;C:\WINDOWS\system32;C:\WINDOWS;C:\WINDOWS\System32\Wbem;C:\WINDOWS\System32\WindowsPowerShell\v1.0\;C:\WINDOWS\System32\OpenSSH\;C:\Program Files (x86)\Intel\Intel(R) Management Engine Components\DAL;C:\Program Files\Intel\Intel(R) Management Engine Components\DAL;C:\Program Files (x86)\PuTTY\;C:\Program Files\Java\jdk-17\bin;C:\Users\wldms\Downloads\apache-tomcat-9.0.80\bin;C:\Program Files\nodejs\;C:\Users\wldms\Downloads\apache-maven-3.9.4-bin\apache-maven-3.9.4\bin;C:\takensoft\dev\nodejs\;C:\Program Files (x86)\Git\cmd;C:\Users\wldms\scoop\shims;C:\Users\wldms\AppData\Local\Microsoft\WindowsApps;C:\Users\wldms\AppData\Roaming\npm;C:\Users\wldms\AppData\Local\Programs\Microsoft VS Code\bin;C:\Program Files\JetBrains\IntelliJ IDEA 2024.2.1\bin;
USERNAME=wldms
OS=Windows_NT
PROCESSOR_IDENTIFIER=Intel64 Family 6 Model 142 Stepping 12, GenuineIntel



---------------  S Y S T E M  ---------------

OS:
 Windows 11 , 64 bit Build 22621 (10.0.22621.3958)
OS uptime: 7 days 1:55 hours

CPU: total 8 (initial active 8) (4 cores per cpu, 2 threads per core) family 6 model 142 stepping 12 microcode 0xde, cx8, cmov, fxsr, ht, mmx, 3dnowpref, sse, sse2, sse3, ssse3, sse4.1, sse4.2, popcnt, lzcnt, tsc, tscinvbit, avx, avx2, aes, erms, clmul, bmi1, bmi2, adx, fma, vzeroupper, clflush, clflushopt

Memory: 4k page, system-wide physical 7986M (284M free)
TotalPageFile size 32562M (AvailPageFile size 13M)
current process WorkingSet (physical memory assigned to process): 342M, peak: 415M
current process commit charge ("private bytes"): 494M, peak: 514M

vm_info: Java HotSpot(TM) 64-Bit Server VM (17.0.11+7-LTS-207) for windows-amd64 JRE (17.0.11+7-LTS-207), built on Mar 11 2024 19:01:50 by "mach5one" with MS VC++ 17.6 (VS2022)

END.
